1178913722 -1 -1
1178913722 70 50 70 50
1178913002 70 50 70 50
1178913000 70 50 70 50
1178912700 70 50 70 50
1178912400 70 50 70 50
1178912100 70 50 70 50
1178911800 70 50 70 50
1178911500 70 50 70 50
1178911200 70 50 70 50
1178910900 70 50 70 50
1178910600 70 50 70 50
1178910300 70 50 70 50
1178910000 70 50 70 50
1178909700 70 50 70 50
1178909400 70 50 70 50
1178909100 70 50 70 50
1178908800 70 50 70 50
1178908500 70 50 70 50
1178908200 70 50 70 50
1178907900 70 50 70 50
1178907600 70 50 70 50
1178907300 70 50 70 50
1178907000 70 50 70 50
1178906700 70 50 70 50
1178906400 70 50 70 50
1178906100 70 50 70 50
1178905800 70 50 70 50
1178905500 70 50 70 50
1178905200 70 50 70 50
1178904900 70 50 70 50
1178904600 70 50 70 50
1178904300 70 50 70 50
1178904000 70 50 70 50
1178903700 70 50 70 50
1178903400 70 50 70 50
1178903100 70 50 70 50
1178902800 70 50 70 50
1178902500 70 50 70 50
1178902200 70 50 70 50
1178901900 70 50 70 50
1178901600 70 50 70 50
1178901300 70 50 70 50
1178901000 70 50 70 50
1178900700 70 50 70 50
1178900400 70 50 70 50
1178900100 70 50 70 50
1178899800 70 50 70 50
1178899500 70 50 70 50
1178899200 70 50 70 50
1178898900 70 50 70 50
1178898600 70 50 70 50
1178898300 70 50 70 50
1178898000 70 50 70 50
1178897700 70 50 70 50
1178897400 70 50 70 50
1178897100 70 50 70 50
1178896800 70 50 70 50
1178896500 70 50 70 50
1178896200 70 50 70 50
1178895900 70 50 70 50
1178895600 70 50 70 50
1178895300 70 50 70 50
1178895000 70 50 70 50
1178894700 70 50 70 50
1178894400 70 50 70 50
1178894100 70 50 70 50
1178893800 70 50 70 50
1178893500 70 50 70 50
1178893200 70 50 70 50
1178892900 70 50 70 50
1178892600 70 50 70 50
1178892300 70 50 70 50
1178892000 70 50 70 50
1178891700 70 50 70 50
1178891400 70 50 70 50
1178891100 70 50 70 50
1178890800 70 50 70 50
1178890500 70 50 70 50
1178890200 70 50 70 50
1178889900 70 50 70 50
1178889600 70 50 70 50
1178889300 70 50 70 50
1178889000 70 50 70 50
1178888700 70 50 70 50
1178888400 70 50 70 50
1178888100 70 50 70 50
1178887800 70 50 70 50
1178887500 70 50 70 50
1178887200 70 50 70 50
1178886900 70 50 70 50
1178886600 70 50 70 50
1178886300 70 50 70 50
1178886000 70 50 70 50
1178885700 70 50 70 50
1178885400 70 50 70 50
1178885100 70 50 70 50
1178884800 70 50 70 50
1178884500 70 50 70 50
1178884200 70 50 70 50
1178883900 70 50 70 50
1178883600 70 50 70 50
1178883300 70 50 70 50
1178883000 70 50 70 50
1178882700 70 50 70 50
1178882400 70 50 70 50
1178882100 70 50 70 50
1178881800 70 50 70 50
1178881500 70 50 70 50
1178881200 70 50 70 50
1178880900 70 50 70 50
1178880600 70 50 70 50
1178880300 70 50 70 50
1178880000 70 50 70 50
1178879700 70 50 70 50
1178879400 70 50 70 50
1178879100 70 50 70 50
1178878800 70 50 70 50
1178878500 70 50 70 50
1178878200 70 50 70 50
1178877900 70 50 70 50
1178877600 70 50 70 50
1178877300 70 50 70 50
1178877000 70 50 70 50
1178876700 70 50 70 50
1178876400 70 50 70 50
1178876100 70 50 70 50
1178875800 70 50 70 50
1178875500 70 50 70 50
1178875200 70 50 70 50
1178874900 70 50 70 50
1178874600 70 50 70 50
1178874300 70 50 70 50
1178874000 70 50 70 50
1178873700 70 50 70 50
1178873400 70 50 70 50
1178873100 70 50 70 50
1178872800 70 50 70 50
1178872500 70 50 70 50
1178872200 70 50 70 50
1178871900 70 50 70 50
1178871600 70 50 70 50
1178871300 70 50 70 50
1178871000 70 50 70 50
1178870700 70 50 70 50
1178870400 70 50 70 50
1178870100 70 50 70 50
1178869800 70 50 70 50
1178869500 70 50 70 50
1178869200 70 50 70 50
1178868900 70 50 70 50
1178868600 70 50 70 50
1178868300 70 50 70 50
1178868000 70 50 70 50
1178867700 70 50 70 50
1178867400 70 50 70 50
1178867100 70 50 70 50
1178866800 70 50 70 50
1178866500 70 50 70 50
1178866200 70 50 70 50
1178865900 70 50 70 50
1178865600 70 50 70 50
1178865300 70 50 70 50
1178865000 70 50 70 50
1178864700 70 50 70 50
1178864400 70 50 70 50
1178864100 70 50 70 50
1178863800 70 50 70 50
1178863500 70 50 70 50
1178863200 70 50 70 50
1178862900 70 50 70 50
1178862600 70 50 70 50
1178862300 70 50 70 50
1178862000 70 50 70 50
1178861700 70 50 70 50
1178861400 70 50 70 50
1178861100 70 50 70 50
1178860800 70 50 70 50
1178860500 70 50 70 50
1178860200 70 50 70 50
1178859900 70 50 70 50
1178859600 70 50 70 50
1178859300 70 50 70 50
1178859000 70 50 70 50
1178858700 70 50 70 50
1178858400 70 50 70 50
1178858100 70 50 70 50
1178857800 70 50 70 50
1178857500 70 50 70 50
1178857200 70 50 70 50
1178856900 70 50 70 50
1178856600 70 50 70 50
1178856300 70 50 70 50
1178856000 70 50 70 50
1178855700 70 50 70 50
1178855400 70 50 70 50
1178855100 70 50 70 50
1178854800 70 50 70 50
1178854500 70 50 70 50
1178854200 70 50 70 50
1178853900 70 50 70 50
1178853600 70 50 70 50
1178853300 70 50 70 50
1178853000 70 50 70 50
1178852700 70 50 70 50
1178852400 70 50 70 50
1178852100 70 50 70 50
1178851800 70 50 70 50
1178851500 70 50 70 50
1178851200 70 50 70 50
1178850900 70 50 70 50
1178850600 70 50 70 50
1178850300 70 50 70 50
1178850000 70 50 70 50
1178849700 70 50 70 50
1178849400 70 50 70 50
1178849100 70 50 70 50
1178848800 70 50 70 50
1178848500 70 50 70 50
1178848200 70 50 70 50
1178847900 70 50 70 50
1178847600 70 50 70 50
1178847300 70 50 70 50
1178847000 70 50 70 50
1178846700 70 50 70 50
1178846400 70 50 70 50
1178846100 70 50 70 50
1178845800 70 50 70 50
1178845500 70 50 70 50
1178845200 70 50 70 50
1178844900 70 50 70 50
1178844600 70 50 70 50
1178844300 70 50 70 50
1178844000 70 50 70 50
1178843700 70 50 70 50
1178843400 70 50 70 50
1178843100 70 50 70 50
1178842800 70 50 70 50
1178842500 70 50 70 50
1178842200 70 50 70 50
1178841900 70 50 70 50
1178841600 70 50 70 50
1178841300 70 50 70 50
1178841000 70 50 70 50
1178840700 70 50 70 50
1178840400 70 50 70 50
1178840100 70 50 70 50
1178839800 70 50 70 50
1178839500 70 50 70 50
1178839200 70 50 70 50
1178838900 70 50 70 50
1178838600 70 50 70 50
1178838300 70 50 70 50
1178838000 70 50 70 50
1178837700 70 50 70 50
1178837400 70 50 70 50
1178837100 70 50 70 50
1178836800 70 50 70 50
1178836500 70 50 70 50
1178836200 70 50 70 50
1178835900 70 50 70 50
1178835600 70 50 70 50
1178835300 70 50 70 50
1178835000 70 50 70 50
1178834700 70 50 70 50
1178834400 70 50 70 50
1178834100 70 50 70 50
1178833800 70 50 70 50
1178833500 70 50 70 50
1178833200 70 50 70 50
1178832900 70 50 70 50
1178832600 70 50 70 50
1178832300 70 50 70 50
1178832000 70 50 70 50
1178831700 70 50 70 50
1178831400 70 50 70 50
1178831100 70 50 70 50
1178830800 70 50 70 50
1178830500 70 50 70 50
1178830200 70 50 70 50
1178829900 70 50 70 50
1178829600 70 50 70 50
1178829300 70 50 70 50
1178829000 70 50 70 50
1178828700 70 50 70 50
1178828400 70 50 70 50
1178828100 70 50 70 50
1178827800 70 50 70 50
1178827500 70 50 70 50
1178827200 70 50 70 50
1178826900 70 50 70 50
1178826600 70 50 70 50
1178826300 70 50 70 50
1178826000 70 50 70 50
1178825700 70 50 70 50
1178825400 70 50 70 50
1178825100 70 50 70 50
1178824800 70 50 70 50
1178824500 70 50 70 50
1178824200 70 50 70 50
1178823900 70 50 70 50
1178823600 70 50 70 50
1178823300 70 50 70 50
1178823000 70 50 70 50
1178822700 70 50 70 50
1178822400 70 50 70 50
1178822100 70 50 70 50
1178821800 70 50 70 50
1178821500 70 50 70 50
1178821200 70 50 70 50
1178820900 70 50 70 50
1178820600 70 50 70 50
1178820300 70 50 70 50
1178820000 70 50 70 50
1178819700 70 50 70 50
1178819400 70 50 70 50
1178819100 70 50 70 50
1178818800 70 50 70 50
1178818500 70 50 70 50
1178818200 70 50 70 50
1178817900 70 50 70 50
1178817600 70 50 70 50
1178817300 70 50 70 50
1178817000 70 50 70 50
1178816700 70 50 70 50
1178816400 70 50 70 50
1178816100 70 50 70 50
1178815800 70 50 70 50
1178815500 70 50 70 50
1178815200 70 50 70 50
1178814900 70 50 70 50
1178814600 70 50 70 50
1178814300 70 50 70 50
1178814000 70 50 70 50
1178813700 70 50 70 50
1178813400 70 50 70 50
1178813100 70 50 70 50
1178812800 70 50 70 50
1178812500 70 50 70 50
1178812200 70 50 70 50
1178811900 70 50 70 50
1178811600 70 50 70 50
1178811300 70 50 70 50
1178811000 70 50 70 50
1178810700 70 50 70 50
1178810400 70 50 70 50
1178810100 70 50 70 50
1178809800 70 50 70 50
1178809500 70 50 70 50
1178809200 70 50 70 50
1178808900 70 50 70 50
1178808600 70 50 70 50
1178808300 70 50 70 50
1178808000 70 50 70 50
1178807700 70 50 70 50
1178807400 70 50 70 50
1178807100 70 50 70 50
1178806800 70 50 70 50
1178806500 70 50 70 50
1178806200 70 50 70 50
1178805900 70 50 70 50
1178805600 70 50 70 50
1178805300 70 50 70 50
1178805000 70 50 70 50
1178804700 70 50 70 50
1178804400 70 50 70 50
1178804100 70 50 70 50
1178803800 70 50 70 50
1178803500 70 50 70 50
1178803200 70 50 70 50
1178802900 70 50 70 50
1178802600 70 50 70 50
1178802300 70 50 70 50
1178802000 70 50 70 50
1178801700 70 50 70 50
1178801400 70 50 70 50
1178801100 70 50 70 50
1178800800 70 50 70 50
1178800500 70 50 70 50
1178800200 70 50 70 50
1178799900 70 50 70 50
1178799600 70 50 70 50
1178799300 70 50 70 50
1178799000 70 50 70 50
1178798700 70 50 70 50
1178798400 70 50 70 50
1178798100 70 50 70 50
1178797800 70 50 70 50
1178797500 70 50 70 50
1178797200 70 50 70 50
1178796900 70 50 70 50
1178796600 70 50 70 50
1178796300 70 50 70 50
1178796000 70 50 70 50
1178795700 70 50 70 50
1178795400 70 50 70 50
1178795100 70 50 70 50
1178794800 70 50 70 50
1178794500 70 50 70 50
1178794200 70 50 70 50
1178793900 70 50 70 50
1178793600 70 50 70 50
1178793300 70 50 70 50
1178793000 70 50 70 50
1178792700 70 50 70 50
1178792400 70 50 70 50
1178792100 70 50 70 50
1178791800 70 50 70 50
1178791500 70 50 70 50
1178791200 70 50 70 50
1178790900 70 50 70 50
1178790600 70 50 70 50
1178790300 70 50 70 50
1178790000 70 50 70 50
1178789700 70 50 70 50
1178789400 70 50 70 50
1178789100 70 50 70 50
1178788800 70 50 70 50
1178788500 70 50 70 50
1178788200 70 50 70 50
1178787900 70 50 70 50
1178787600 70 50 70 50
1178787300 70 50 70 50
1178787000 70 50 70 50
1178786700 70 50 70 50
1178786400 70 50 70 50
1178786100 70 50 70 50
1178785800 70 50 70 50
1178785500 70 50 70 50
1178785200 70 50 70 50
1178784900 70 50 70 50
1178784600 70 50 70 50
1178784300 70 50 70 50
1178784000 70 50 70 50
1178783700 70 50 70 50
1178783400 70 50 70 50
1178783100 70 50 70 50
1178782800 70 50 70 50
1178782500 70 50 70 50
1178782200 70 50 70 50
1178781900 70 50 70 50
1178781600 70 50 70 50
1178781300 70 50 70 50
1178781000 70 50 70 50
1178780700 70 50 70 50
1178780400 70 50 70 50
1178780100 70 50 70 50
1178779800 70 50 70 50
1178779500 70 50 70 50
1178779200 70 50 70 50
1178778900 70 50 70 50
1178778600 70 50 70 50
1178778300 70 50 70 50
1178778000 70 50 70 50
1178777700 70 50 70 50
1178777400 70 50 70 50
1178777100 70 50 70 50
1178776800 70 50 70 50
1178776500 70 50 70 50
1178776200 70 50 70 50
1178775900 70 50 70 50
1178775600 70 50 70 50
1178775300 70 50 70 50
1178775000 70 50 70 50
1178774700 70 50 70 50
1178774400 70 50 70 50
1178774100 70 50 70 50
1178773800 70 50 70 50
1178773500 70 50 70 50
1178773200 70 50 70 50
1178772900 70 50 70 50
1178772600 70 50 70 50
1178772300 70 50 70 50
1178772000 70 50 70 50
1178771700 70 50 70 50
1178771400 70 50 70 50
1178771100 70 50 70 50
1178770800 70 50 70 50
1178770500 70 50 70 50
1178770200 70 50 70 50
1178769900 70 50 70 50
1178769600 70 50 70 50
1178769300 70 50 70 50
1178769000 70 50 70 50
1178768700 70 50 70 50
1178768400 70 50 70 50
1178768100 70 50 70 50
1178767800 70 50 70 50
1178767500 70 50 70 50
1178767200 70 50 70 50
1178766900 70 50 70 50
1178766600 70 50 70 50
1178766300 70 50 70 50
1178766000 70 50 70 50
1178765700 70 50 70 50
1178765400 70 50 70 50
1178765100 70 50 70 50
1178764800 70 50 70 50
1178764500 70 50 70 50
1178764200 70 50 70 50
1178763900 70 50 70 50
1178763600 70 50 70 50
1178763300 70 50 70 50
1178763000 70 50 70 50
1178762700 70 50 70 50
1178762400 70 50 70 50
1178762100 70 50 70 50
1178761800 70 50 70 50
1178761500 70 50 70 50
1178761200 70 50 70 50
1178760900 70 50 70 50
1178760600 70 50 70 50
1178760300 70 50 70 50
1178760000 70 50 70 50
1178759700 70 50 70 50
1178759400 70 50 70 50
1178759100 70 50 70 50
1178758800 70 50 70 50
1178758500 70 50 70 50
1178758200 70 50 70 50
1178757900 70 50 70 50
1178757600 70 50 70 50
1178757300 70 50 70 50
1178757000 70 50 70 50
1178756700 70 50 70 50
1178756400 70 50 70 50
1178756100 70 50 70 50
1178755800 70 50 70 50
1178755500 70 50 70 50
1178755200 70 50 70 50
1178754900 70 50 70 50
1178754600 70 50 70 50
1178754300 70 50 70 50
1178754000 70 50 70 50
1178753700 70 50 70 50
1178753400 70 50 70 50
1178753100 70 50 70 50
1178752800 70 50 70 50
1178752500 70 50 70 50
1178752200 70 50 70 50
1178751900 70 50 70 50
1178751600 70 50 70 50
1178751300 70 50 70 50
1178751000 70 50 70 50
1178750700 70 50 70 50
1178750400 70 50 70 50
1178750100 70 50 70 50
1178749800 70 50 70 50
1178749500 70 50 70 50
1178749200 70 50 70 50
1178748900 70 50 70 50
1178748600 70 50 70 50
1178748300 70 50 70 50
1178748000 70 50 70 50
1178747700 70 50 70 50
1178747400 70 50 70 50
1178747100 70 50 70 50
1178746800 70 50 70 50
1178746500 70 50 70 50
1178746200 70 50 70 50
1178745900 70 50 70 50
1178745600 70 50 70 50
1178745300 70 50 70 50
1178745000 70 50 70 50
1178744700 70 50 70 50
1178744400 70 50 70 50
1178744100 70 50 70 50
1178743800 70 50 70 50
1178743500 70 50 70 50
1178743200 70 50 70 50
1178742900 70 50 70 50
1178742600 70 50 70 50
1178742300 70 50 70 50
1178742000 70 50 70 50
1178741700 70 50 70 50
1178741400 70 50 70 50
1178741100 70 50 70 50
1178740800 70 50 70 50
1178740500 70 50 70 50
1178740200 70 50 70 50
1178739900 70 50 70 50
1178739600 70 50 70 50
1178739300 70 50 70 50
1178739000 70 50 70 50
1178738700 70 50 70 50
1178738400 70 50 70 50
1178738100 70 50 70 50
1178737800 70 50 70 50
1178737500 70 50 70 50
1178737200 70 50 70 50
1178736900 70 50 70 50
1178736600 70 50 70 50
1178736300 70 50 70 50
1178736000 70 50 70 50
1178735700 70 50 70 50
1178735400 70 50 70 50
1178735100 70 50 70 50
1178734800 70 50 70 50
1178734500 70 50 70 50
1178734200 70 50 70 50
1178733900 70 50 70 50
1178733600 70 50 70 50
1178733300 70 50 70 50
1178731800 70 50 70 50
1178730000 70 50 70 50
1178728200 70 50 70 50
1178726400 70 50 70 50
1178724600 70 50 70 50
1178722800 70 50 70 50
1178721000 70 50 70 50
1178719200 70 50 70 50
1178717400 70 50 70 50
1178715600 70 50 70 50
1178713800 70 50 70 50
1178712000 70 50 70 50
1178710200 70 50 70 50
1178708400 70 50 70 50
1178706600 70 50 70 50
1178704800 70 50 70 50
1178703000 70 50 70 50
1178701200 70 50 70 50
1178699400 70 50 70 50
1178697600 70 50 70 50
1178695800 70 50 70 50
1178694000 70 50 70 50
1178692200 70 50 70 50
1178690400 70 50 70 50
1178688600 70 50 70 50
1178686800 70 50 70 50
1178685000 70 50 70 50
1178683200 70 50 70 50
1178681400 70 50 70 50
1178679600 70 50 70 50
1178677800 70 50 70 50
1178676000 70 50 70 50
1178674200 70 50 70 50
1178672400 70 50 70 50
1178670600 70 50 70 50
1178668800 70 50 70 50
1178667000 70 50 70 50
1178665200 70 50 70 50
1178663400 70 50 70 50
1178661600 70 50 70 50
1178659800 70 50 70 50
1178658000 70 50 70 50
1178656200 70 50 70 50
1178654400 70 50 70 50
1178652600 70 50 70 50
1178650800 70 50 70 50
1178649000 70 50 70 50
1178647200 70 50 70 50
1178645400 70 50 70 50
1178643600 70 50 70 50
1178641800 70 50 70 50
1178640000 70 50 70 50
1178638200 70 50 70 50
1178636400 70 50 70 50
1178634600 70 50 70 50
1178632800 70 50 70 50
1178631000 70 50 70 50
1178629200 70 50 70 50
1178627400 70 50 70 50
1178625600 70 50 70 50
1178623800 70 50 70 50
1178622000 70 50 70 50
1178620200 70 50 70 50
1178618400 70 50 70 50
1178616600 70 50 70 50
1178614800 70 50 70 50
1178613000 70 50 70 50
1178611200 70 50 70 50
1178609400 70 50 70 50
1178607600 70 50 70 50
1178605800 70 50 70 50
1178604000 70 50 70 50
1178602200 70 50 70 50
1178600400 70 50 70 50
1178598600 70 50 70 50
1178596800 70 50 70 50
1178595000 70 50 70 50
1178593200 70 50 70 50
1178591400 70 50 70 50
1178589600 70 50 70 50
1178587800 70 50 70 50
1178586000 70 50 70 50
1178584200 70 50 70 50
1178582400 70 50 70 50
1178580600 70 50 70 50
1178578800 70 50 70 50
1178577000 70 50 70 50
1178575200 70 50 70 50
1178573400 70 50 70 50
1178571600 70 50 70 50
1178569800 70 50 70 50
1178568000 70 50 70 50
1178566200 70 50 70 50
1178564400 70 50 70 50
1178562600 70 50 70 50
1178560800 70 50 70 50
1178559000 70 50 70 50
1178557200 70 50 70 50
1178555400 70 50 70 50
1178553600 70 50 70 50
1178551800 70 50 70 50
1178550000 70 50 70 50
1178548200 70 50 70 50
1178546400 70 50 70 50
1178544600 70 50 70 50
1178542800 70 50 70 50
1178541000 70 50 70 50
1178539200 70 50 70 50
1178537400 70 50 70 50
1178535600 70 50 70 50
1178533800 70 50 70 50
1178532000 70 50 70 50
1178530200 70 50 70 50
1178528400 70 50 70 50
1178526600 70 50 70 50
1178524800 70 50 70 50
1178523000 70 50 70 50
1178521200 70 50 70 50
1178519400 70 50 70 50
1178517600 70 50 70 50
1178515800 70 50 70 50
1178514000 70 50 70 50
1178512200 70 50 70 50
1178510400 70 50 70 50
1178508600 70 50 70 50
1178506800 70 50 70 50
1178505000 70 50 70 50
1178503200 70 50 70 50
1178501400 70 50 70 50
1178499600 70 50 70 50
1178497800 70 50 70 50
1178496000 70 50 70 50
1178494200 70 50 70 50
1178492400 70 50 70 50
1178490600 70 50 70 50
1178488800 70 50 70 50
1178487000 70 50 70 50
1178485200 70 50 70 50
1178483400 70 50 70 50
1178481600 70 50 70 50
1178479800 70 50 70 50
1178478000 70 50 70 50
1178476200 70 50 70 50
1178474400 70 50 70 50
1178472600 70 50 70 50
1178470800 70 50 70 50
1178469000 70 50 70 50
1178467200 70 50 70 50
1178465400 70 50 70 50
1178463600 70 50 70 50
1178461800 70 50 70 50
1178460000 70 50 70 50
1178458200 70 50 70 50
1178456400 70 50 70 50
1178454600 70 50 70 50
1178452800 70 50 70 50
1178451000 70 50 70 50
1178449200 70 50 70 50
1178447400 70 50 70 50
1178445600 70 50 70 50
1178443800 70 50 70 50
1178442000 70 50 70 50
1178440200 70 50 70 50
1178438400 70 50 70 50
1178436600 70 50 70 50
1178434800 70 50 70 50
1178433000 70 50 70 50
1178431200 70 50 70 50
1178429400 70 50 70 50
1178427600 70 50 70 50
1178425800 70 50 70 50
1178424000 70 50 70 50
1178422200 70 50 70 50
1178420400 70 50 70 50
1178418600 70 50 70 50
1178416800 70 50 70 50
1178415000 70 50 70 50
1178413200 70 50 70 50
1178411400 70 50 70 50
1178409600 70 50 70 50
1178407800 70 50 70 50
1178406000 70 50 70 50
1178404200 70 50 70 50
1178402400 70 50 70 50
1178400600 70 50 70 50
1178398800 70 50 70 50
1178397000 70 50 70 50
1178395200 70 50 70 50
1178393400 70 50 70 50
1178391600 70 50 70 50
1178389800 70 50 70 50
1178388000 70 50 70 50
1178386200 70 50 70 50
1178384400 70 50 70 50
1178382600 70 50 70 50
1178380800 70 50 70 50
1178379000 70 50 70 50
1178377200 70 50 70 50
1178375400 70 50 70 50
1178373600 70 50 70 50
1178371800 70 50 70 50
1178370000 70 50 70 50
1178368200 70 50 70 50
1178366400 70 50 70 50
1178364600 70 50 70 50
1178362800 70 50 70 50
1178361000 70 50 70 50
1178359200 70 50 70 50
1178357400 70 50 70 50
1178355600 70 50 70 50
1178353800 70 50 70 50
1178352000 70 50 70 50
1178350200 70 50 70 50
1178348400 70 50 70 50
1178346600 70 50 70 50
1178344800 70 50 70 50
1178343000 70 50 70 50
1178341200 70 50 70 50
1178339400 70 50 70 50
1178337600 70 50 70 50
1178335800 70 50 70 50
1178334000 70 50 70 50
1178332200 70 50 70 50
1178330400 70 50 70 50
1178328600 70 50 70 50
1178326800 70 50 70 50
1178325000 70 50 70 50
1178323200 70 50 70 50
1178321400 70 50 70 50
1178319600 70 50 70 50
1178317800 70 50 70 50
1178316000 70 50 70 50
1178314200 70 50 70 50
1178312400 70 50 70 50
1178310600 70 50 70 50
1178308800 70 50 70 50
1178307000 70 50 70 50
1178305200 70 50 70 50
1178303400 70 50 70 50
1178301600 70 50 70 50
1178299800 70 50 70 50
1178298000 70 50 70 50
1178296200 70 50 70 50
1178294400 70 50 70 50
1178292600 70 50 70 50
1178290800 70 50 70 50
1178289000 70 50 70 50
1178287200 70 50 70 50
1178285400 70 50 70 50
1178283600 70 50 70 50
1178281800 70 50 70 50
1178280000 70 50 70 50
1178278200 70 50 70 50
1178276400 70 50 70 50
1178274600 70 50 70 50
1178272800 70 50 70 50
1178271000 70 50 70 50
1178269200 70 50 70 50
1178267400 70 50 70 50
1178265600 70 50 70 50
1178263800 70 50 70 50
1178262000 70 50 70 50
1178260200 70 50 70 50
1178258400 70 50 70 50
1178256600 70 50 70 50
1178254800 70 50 70 50
1178253000 70 50 70 50
1178251200 70 50 70 50
1178249400 70 50 70 50
1178247600 70 50 70 50
1178245800 70 50 70 50
1178244000 70 50 70 50
1178242200 70 50 70 50
1178240400 70 50 70 50
1178238600 70 50 70 50
1178236800 70 50 70 50
1178235000 70 50 70 50
1178233200 70 50 70 50
1178231400 70 50 70 50
1178229600 70 50 70 50
1178227800 70 50 70 50
1178226000 70 50 70 50
1178224200 70 50 70 50
1178222400 70 50 70 50
1178220600 70 50 70 50
1178218800 70 50 70 50
1178217000 70 50 70 50
1178215200 70 50 70 50
1178213400 70 50 70 50
1178211600 70 50 70 50
1178209800 70 50 70 50
1178208000 70 50 70 50
1178206200 70 50 70 50
1178204400 70 50 70 50
1178202600 70 50 70 50
1178200800 70 50 70 50
1178199000 70 50 70 50
1178197200 70 50 70 50
1178195400 70 50 70 50
1178193600 70 50 70 50
1178191800 70 50 70 50
1178190000 70 50 70 50
1178188200 70 50 70 50
1178186400 70 50 70 50
1178184600 70 50 70 50
1178182800 70 50 70 50
1178181000 70 50 70 50
1178179200 70 50 70 50
1178177400 70 50 70 50
1178175600 70 50 70 50
1178173800 70 50 70 50
1178172000 70 50 70 50
1178170200 70 50 70 50
1178168400 70 50 70 50
1178166600 70 50 70 50
1178164800 70 50 70 50
1178163000 70 50 70 50
1178161200 70 50 70 50
1178159400 70 50 70 50
1178157600 70 50 70 50
1178155800 70 50 70 50
1178154000 70 50 70 50
1178152200 70 50 70 50
1178150400 70 50 70 50
1178148600 70 50 70 50
1178146800 70 50 70 50
1178145000 70 50 70 50
1178143200 70 50 70 50
1178141400 70 50 70 50
1178139600 70 50 70 50
1178137800 70 50 70 50
1178136000 70 50 70 50
1178134200 70 50 70 50
1178132400 70 50 70 50
1178130600 70 50 70 50
1178128800 70 50 70 50
1178127000 70 50 70 50
1178125200 70 50 70 50
1178123400 70 50 70 50
1178121600 70 50 70 50
1178119800 70 50 70 50
1178118000 70 50 70 50
1178116200 70 50 70 50
1178114400 70 50 70 50
1178112600 70 50 70 50
1178110800 70 50 70 50
1178109000 70 50 70 50
1178107200 70 50 70 50
1178105400 70 50 70 50
1178103600 70 50 70 50
1178101800 70 50 70 50
1178100000 70 50 70 50
1178098200 70 50 70 50
1178096400 70 50 70 50
1178094600 70 50 70 50
1178092800 70 50 70 50
1178091000 70 50 70 50
1178089200 70 50 70 50
1178087400 70 50 70 50
1178085600 70 50 70 50
1178083800 70 50 70 50
1178082000 70 50 70 50
1178080200 70 50 70 50
1178078400 70 50 70 50
1178076600 70 50 70 50
1178074800 70 50 70 50
1178073000 70 50 70 50
1178071200 70 50 70 50
1178069400 70 50 70 50
1178067600 70 50 70 50
1178065800 70 50 70 50
1178064000 70 50 70 50
1178062200 70 50 70 50
1178060400 70 50 70 50
1178058600 70 50 70 50
1178056800 70 50 70 50
1178055000 70 50 70 50
1178053200 70 50 70 50
1178051400 70 50 70 50
1178049600 70 50 70 50
1178047800 70 50 70 50
1178046000 70 50 70 50
1178044200 70 50 70 50
1178042400 70 50 70 50
1178040600 70 50 70 50
1178038800 70 50 70 50
1178037000 70 50 70 50
1178035200 70 50 70 50
1178033400 70 50 70 50
1178031600 70 50 70 50
1178029800 70 50 70 50
1178028000 70 50 70 50
1178026200 70 50 70 50
1178024400 70 50 70 50
1178022600 70 50 70 50
1178020800 70 50 70 50
1178019000 70 50 70 50
1178017200 70 50 70 50
1178015400 70 50 70 50
1178013600 70 50 70 50
1178011800 70 50 70 50
1178010000 70 50 70 50
1178008200 70 50 70 50
1178006400 70 50 70 50
1178004600 70 50 70 50
1178002800 70 50 70 50
1178001000 70 50 70 50
1177999200 70 50 70 50
1177997400 70 50 70 50
1177995600 70 50 70 50
1177993800 70 50 70 50
1177992000 70 50 70 50
1177990200 70 50 70 50
1177988400 70 50 70 50
1177986600 70 50 70 50
1177984800 70 50 70 50
1177983000 70 50 70 50
1177981200 70 50 70 50
1177979400 70 50 70 50
1177977600 70 50 70 50
1177975800 70 50 70 50
1177974000 70 50 70 50
1177972200 70 50 70 50
1177970400 70 50 70 50
1177968600 70 50 70 50
1177966800 70 50 70 50
1177965000 70 50 70 50
1177963200 70 50 70 50
1177961400 70 50 70 50
1177959600 70 50 70 50
1177957800 70 50 70 50
1177956000 70 50 70 50
1177954200 70 50 70 50
1177952400 70 50 70 50
1177950600 70 50 70 50
1177948800 70 50 70 50
1177947000 70 50 70 50
1177945200 70 50 70 50
1177943400 70 50 70 50
1177941600 70 50 70 50
1177939800 70 50 70 50
1177938000 70 50 70 50
1177936200 70 50 70 50
1177934400 70 50 70 50
1177932600 70 50 70 50
1177930800 70 50 70 50
1177929000 70 50 70 50
1177927200 70 50 70 50
1177925400 70 50 70 50
1177923600 70 50 70 50
1177921800 70 50 70 50
1177920000 70 50 70 50
1177918200 70 50 70 50
1177916400 70 50 70 50
1177914600 70 50 70 50
1177912800 70 50 70 50
1177911000 70 50 70 50
1177909200 70 50 70 50
1177907400 70 50 70 50
1177905600 70 50 70 50
1177903800 70 50 70 50
1177902000 70 50 70 50
1177900200 70 50 70 50
1177898400 70 50 70 50
1177896600 70 50 70 50
1177894800 70 50 70 50
1177893000 70 50 70 50
1177891200 70 50 70 50
1177889400 70 50 70 50
1177887600 70 50 70 50
1177885800 70 50 70 50
1177884000 70 50 70 50
1177882200 70 50 70 50
1177880400 70 50 70 50
1177878600 70 50 70 50
1177876800 70 50 70 50
1177875000 70 50 70 50
1177873200 70 50 70 50
1177871400 70 50 70 50
1177869600 70 50 70 50
1177867800 70 50 70 50
1177866000 70 50 70 50
1177864200 70 50 70 50
1177862400 70 50 70 50
1177860600 70 50 70 50
1177858800 70 50 70 50
1177857000 70 50 70 50
1177855200 70 50 70 50
1177853400 70 50 70 50
1177851600 70 50 70 50
1177849800 70 50 70 50
1177848000 70 50 70 50
1177846200 70 50 70 50
1177844400 70 50 70 50
1177842600 70 50 70 50
1177840800 70 50 70 50
1177839000 70 50 70 50
1177837200 70 50 70 50
1177835400 70 50 70 50
1177833600 70 50 70 50
1177831800 70 50 70 50
1177830000 70 50 70 50
1177828200 70 50 70 50
1177826400 70 50 70 50
1177824600 70 50 70 50
1177822800 70 50 70 50
1177821000 70 50 70 50
1177819200 70 50 70 50
1177817400 70 50 70 50
1177815600 70 50 70 50
1177813800 70 50 70 50
1177812000 70 50 70 50
1177810200 70 50 70 50
1177808400 70 50 70 50
1177806600 70 50 70 50
1177804800 70 50 70 50
1177803000 70 50 70 50
1177801200 70 50 70 50
1177799400 70 50 70 50
1177797600 70 50 70 50
1177795800 70 50 70 50
1177794000 70 50 70 50
1177792200 70 50 70 50
1177790400 70 50 70 50
1177788600 70 50 70 50
1177786800 70 50 70 50
1177785000 70 50 70 50
1177783200 70 50 70 50
1177781400 70 50 70 50
1177779600 70 50 70 50
1177777800 70 50 70 50
1177776000 70 50 70 50
1177774200 70 50 70 50
1177772400 70 50 70 50
1177770600 70 50 70 50
1177768800 70 50 70 50
1177767000 70 50 70 50
1177765200 70 50 70 50
1177763400 70 50 70 50
1177761600 70 50 70 50
1177759800 70 50 70 50
1177758000 70 50 70 50
1177756200 70 50 70 50
1177754400 70 50 70 50
1177752600 70 50 70 50
1177750800 70 50 70 50
1177749000 70 50 70 50
1177747200 70 50 70 50
1177745400 70 50 70 50
1177743600 70 50 70 50
1177741800 70 50 70 50
1177740000 70 50 70 50
1177738200 70 50 70 50
1177736400 70 50 70 50
1177734600 70 50 70 50
1177732800 70 50 70 50
1177731000 70 50 70 50
1177729200 70 50 70 50
1177727400 70 50 70 50
1177725600 70 50 70 50
1177723800 70 50 70 50
1177722000 70 50 70 50
1177720200 70 50 70 50
1177718400 70 50 70 50
1177716600 70 50 70 50
1177714800 70 50 70 50
1177713000 70 50 70 50
1177711200 70 50 70 50
1177709400 70 50 70 50
1177707600 70 50 70 50
1177705800 70 50 70 50
1177704000 70 50 70 50
1177702200 70 50 70 50
1177700400 70 50 70 50
1177698600 70 50 70 50
1177696800 70 50 70 50
1177695000 70 50 70 50
1177693200 70 50 70 50
1177691400 70 50 70 50
1177689600 70 50 70 50
1177687800 70 50 70 50
1177686000 70 50 70 50
1177684200 70 50 70 50
1177682400 70 50 70 50
1177680600 70 50 70 50
1177678800 70 50 70 50
1177677000 70 50 70 50
1177675200 70 50 70 50
1177673400 70 50 70 50
1177671600 70 50 70 50
1177669800 70 50 70 50
1177668000 70 50 70 50
1177666200 70 50 70 50
1177664400 70 50 70 50
1177662600 70 50 70 50
1177660800 70 50 70 50
1177659000 70 50 70 50
1177657200 70 50 70 50
1177655400 70 50 70 50
1177653600 70 50 70 50
1177651800 70 50 70 50
1177646400 70 50 70 50
1177639200 70 50 70 50
1177632000 70 50 70 50
1177624800 70 50 70 50
1177617600 70 50 70 50
1177610400 70 50 70 50
1177603200 70 50 70 50
1177596000 70 50 70 50
1177588800 70 50 70 50
1177581600 70 50 70 50
1177574400 70 50 70 50
1177567200 70 50 70 50
1177560000 70 50 70 50
1177552800 70 50 70 50
1177545600 70 50 70 50
1177538400 70 50 70 50
1177531200 70 50 70 50
1177524000 70 50 70 50
1177516800 70 50 70 50
1177509600 70 50 70 50
1177502400 70 50 70 50
1177495200 70 50 70 50
1177488000 70 50 70 50
1177480800 70 50 70 50
1177473600 70 50 70 50
1177466400 70 50 70 50
1177459200 70 50 70 50
1177452000 70 50 70 50
1177444800 70 50 70 50
1177437600 70 50 70 50
1177430400 70 50 70 50
1177423200 70 50 70 50
1177416000 70 50 70 50
1177408800 70 50 70 50
1177401600 70 50 70 50
1177394400 70 50 70 50
1177387200 70 50 70 50
1177380000 70 50 70 50
1177372800 70 50 70 50
1177365600 70 50 70 50
1177358400 70 50 70 50
1177351200 70 50 70 50
1177344000 70 50 70 50
1177336800 70 50 70 50
1177329600 70 50 70 50
1177322400 70 50 70 50
1177315200 70 50 70 50
1177308000 70 50 70 50
1177300800 70 50 70 50
1177293600 70 50 70 50
1177286400 70 50 70 50
1177279200 70 50 70 50
1177272000 70 50 70 50
1177264800 70 50 70 50
1177257600 70 50 70 50
1177250400 70 50 70 50
1177243200 70 50 70 50
1177236000 70 50 70 50
1177228800 70 50 70 50
1177221600 70 50 70 50
1177214400 70 50 70 50
1177207200 70 50 70 50
1177200000 70 50 70 50
1177192800 70 50 70 50
1177185600 70 50 70 50
1177178400 70 50 70 50
1177171200 70 50 70 50
1177164000 70 50 70 50
1177156800 70 50 70 50
1177149600 70 50 70 50
1177142400 70 50 70 50
1177135200 70 50 70 50
1177128000 70 50 70 50
1177120800 70 50 70 50
1177113600 70 50 70 50
1177106400 70 50 70 50
1177099200 70 50 70 50
1177092000 70 50 70 50
1177084800 70 50 70 50
1177077600 70 50 70 50
1177070400 70 50 70 50
1177063200 70 50 70 50
1177056000 70 50 70 50
1177048800 70 50 70 50
1177041600 70 50 70 50
1177034400 70 50 70 50
1177027200 70 50 70 50
1177020000 70 50 70 50
1177012800 70 50 70 50
1177005600 70 50 70 50
1176998400 70 50 70 50
1176991200 70 50 70 50
1176984000 70 50 70 50
1176976800 70 50 70 50
1176969600 70 50 70 50
1176962400 70 50 70 50
1176955200 70 50 70 50
1176948000 70 50 70 50
1176940800 70 50 70 50
1176933600 70 50 70 50
1176926400 70 50 70 50
1176919200 70 50 70 50
1176912000 70 50 70 50
1176904800 70 50 70 50
1176897600 70 50 70 50
1176890400 70 50 70 50
1176883200 70 50 70 50
1176876000 70 50 70 50
1176868800 70 50 70 50
1176861600 70 50 70 50
1176854400 70 50 70 50
1176847200 70 50 70 50
1176840000 70 50 70 50
1176832800 70 50 70 50
1176825600 70 50 70 50
1176818400 70 50 70 50
1176811200 70 50 70 50
1176804000 70 50 70 50
1176796800 70 50 70 50
1176789600 70 50 70 50
1176782400 70 50 70 50
1176775200 70 50 70 50
1176768000 70 50 70 50
1176760800 70 50 70 50
1176753600 70 50 70 50
1176746400 70 50 70 50
1176739200 70 50 70 50
1176732000 70 50 70 50
1176724800 70 50 70 50
1176717600 70 50 70 50
1176710400 70 50 70 50
1176703200 70 50 70 50
1176696000 70 50 70 50
1176688800 70 50 70 50
1176681600 70 50 70 50
1176674400 70 50 70 50
1176667200 70 50 70 50
1176660000 70 50 70 50
1176652800 70 50 70 50
1176645600 70 50 70 50
1176638400 70 50 70 50
1176631200 70 50 70 50
1176624000 70 50 70 50
1176616800 70 50 70 50
1176609600 70 50 70 50
1176602400 70 50 70 50
1176595200 70 50 70 50
1176588000 70 50 70 50
1176580800 70 50 70 50
1176573600 70 50 70 50
1176566400 70 50 70 50
1176559200 70 50 70 50
1176552000 70 50 70 50
1176544800 70 50 70 50
1176537600 70 50 70 50
1176530400 70 50 70 50
1176523200 70 50 70 50
1176516000 70 50 70 50
1176508800 70 50 70 50
1176501600 70 50 70 50
1176494400 70 50 70 50
1176487200 70 50 70 50
1176480000 70 50 70 50
1176472800 70 50 70 50
1176465600 70 50 70 50
1176458400 70 50 70 50
1176451200 70 50 70 50
1176444000 70 50 70 50
1176436800 70 50 70 50
1176429600 70 50 70 50
1176422400 70 50 70 50
1176415200 70 50 70 50
1176408000 70 50 70 50
1176400800 70 50 70 50
1176393600 70 50 70 50
1176386400 70 50 70 50
1176379200 70 50 70 50
1176372000 70 50 70 50
1176364800 70 50 70 50
1176357600 70 50 70 50
1176350400 70 50 70 50
1176343200 70 50 70 50
1176336000 70 50 70 50
1176328800 70 50 70 50
1176321600 70 50 70 50
1176314400 70 50 70 50
1176307200 70 50 70 50
1176300000 70 50 70 50
1176292800 70 50 70 50
1176285600 70 50 70 50
1176278400 70 50 70 50
1176271200 70 50 70 50
1176264000 70 50 70 50
1176256800 70 50 70 50
1176249600 70 50 70 50
1176242400 70 50 70 50
1176235200 70 50 70 50
1176228000 70 50 70 50
1176220800 70 50 70 50
1176213600 70 50 70 50
1176206400 70 50 70 50
1176199200 70 50 70 50
1176192000 70 50 70 50
1176184800 70 50 70 50
1176177600 70 50 70 50
1176170400 70 50 70 50
1176163200 70 50 70 50
1176156000 70 50 70 50
1176148800 70 50 70 50
1176141600 70 50 70 50
1176134400 70 50 70 50
1176127200 70 50 70 50
1176120000 70 50 70 50
1176112800 70 50 70 50
1176105600 70 50 70 50
1176098400 70 50 70 50
1176091200 70 50 70 50
1176084000 70 50 70 50
1176076800 70 50 70 50
1176069600 70 50 70 50
1176062400 70 50 70 50
1176055200 70 50 70 50
1176048000 70 50 70 50
1176040800 70 50 70 50
1176033600 70 50 70 50
1176026400 70 50 70 50
1176019200 70 50 70 50
1176012000 70 50 70 50
1176004800 70 50 70 50
1175997600 70 50 70 50
1175990400 70 50 70 50
1175983200 70 50 70 50
1175976000 70 50 70 50
1175968800 70 50 70 50
1175961600 70 50 70 50
1175954400 70 50 70 50
1175947200 70 50 70 50
1175940000 70 50 70 50
1175932800 70 50 70 50
1175925600 70 50 70 50
1175918400 70 50 70 50
1175911200 70 50 70 50
1175904000 70 50 70 50
1175896800 70 50 70 50
1175889600 70 50 70 50
1175882400 70 50 70 50
1175875200 70 50 70 50
1175868000 70 50 70 50
1175860800 70 50 70 50
1175853600 70 50 70 50
1175846400 70 50 70 50
1175839200 70 50 70 50
1175832000 70 50 70 50
1175824800 70 50 70 50
1175817600 70 50 70 50
1175810400 70 50 70 50
1175803200 70 50 70 50
1175796000 70 50 70 50
1175788800 70 50 70 50
1175781600 70 50 70 50
1175774400 70 50 70 50
1175767200 70 50 70 50
1175760000 70 50 70 50
1175752800 70 50 70 50
1175745600 70 50 70 50
1175738400 70 50 70 50
1175731200 70 50 70 50
1175724000 70 50 70 50
1175716800 70 50 70 50
1175709600 70 50 70 50
1175702400 70 50 70 50
1175695200 70 50 70 50
1175688000 70 50 70 50
1175680800 70 50 70 50
1175673600 70 50 70 50
1175666400 70 50 70 50
1175659200 70 50 70 50
1175652000 70 50 70 50
1175644800 70 50 70 50
1175637600 70 50 70 50
1175630400 70 50 70 50
1175623200 70 50 70 50
1175616000 70 50 70 50
1175608800 70 50 70 50
1175601600 70 50 70 50
1175594400 70 50 70 50
1175587200 70 50 70 50
1175580000 70 50 70 50
1175572800 70 50 70 50
1175565600 70 50 70 50
1175558400 70 50 70 50
1175551200 70 50 70 50
1175544000 70 50 70 50
1175536800 70 50 70 50
1175529600 70 50 70 50
1175522400 70 50 70 50
1175515200 70 50 70 50
1175508000 70 50 70 50
1175500800 70 50 70 50
1175493600 70 50 70 50
1175486400 70 50 70 50
1175479200 70 50 70 50
1175472000 70 50 70 50
1175464800 70 50 70 50
1175457600 70 50 70 50
1175450400 70 50 70 50
1175443200 70 50 70 50
1175436000 70 50 70 50
1175428800 70 50 70 50
1175421600 70 50 70 50
1175414400 70 50 70 50
1175407200 70 50 70 50
1175400000 70 50 70 50
1175392800 70 50 70 50
1175385600 70 50 70 50
1175378400 70 50 70 50
1175371200 70 50 70 50
1175364000 70 50 70 50
1175356800 70 50 70 50
1175349600 70 50 70 50
1175342400 70 50 70 50
1175335200 70 50 70 50
1175328000 70 50 70 50
1175320800 70 50 70 50
1175313600 70 50 70 50
1175306400 70 50 70 50
1175299200 70 50 70 50
1175292000 70 50 70 50
1175284800 70 50 70 50
1175277600 70 50 70 50
1175270400 70 50 70 50
1175263200 70 50 70 50
1175256000 70 50 70 50
1175248800 70 50 70 50
1175241600 70 50 70 50
1175234400 70 50 70 50
1175227200 70 50 70 50
1175220000 70 50 70 50
1175212800 70 50 70 50
1175205600 70 50 70 50
1175198400 70 50 70 50
1175191200 70 50 70 50
1175184000 70 50 70 50
1175176800 70 50 70 50
1175169600 70 50 70 50
1175162400 70 50 70 50
1175155200 70 50 70 50
1175148000 70 50 70 50
1175140800 70 50 70 50
1175133600 70 50 70 50
1175126400 70 50 70 50
1175119200 70 50 70 50
1175112000 70 50 70 50
1175104800 70 50 70 50
1175097600 70 50 70 50
1175090400 70 50 70 50
1175083200 70 50 70 50
1175076000 70 50 70 50
1175068800 70 50 70 50
1175061600 70 50 70 50
1175054400 70 50 70 50
1175047200 70 50 70 50
1175040000 70 50 70 50
1175032800 70 50 70 50
1175025600 70 50 70 50
1175018400 70 50 70 50
1175011200 70 50 70 50
1175004000 70 50 70 50
1174996800 70 50 70 50
1174989600 70 50 70 50
1174982400 70 50 70 50
1174975200 70 50 70 50
1174968000 70 50 70 50
1174960800 70 50 70 50
1174953600 70 50 70 50
1174946400 70 50 70 50
1174939200 70 50 70 50
1174932000 70 50 70 50
1174924800 70 50 70 50
1174917600 70 50 70 50
1174910400 70 50 70 50
1174903200 70 50 70 50
1174896000 70 50 70 50
1174888800 70 50 70 50
1174881600 70 50 70 50
1174874400 70 50 70 50
1174867200 70 50 70 50
1174860000 70 50 70 50
1174852800 70 50 70 50
1174845600 70 50 70 50
1174838400 70 50 70 50
1174831200 70 50 70 50
1174824000 70 50 70 50
1174816800 70 50 70 50
1174809600 70 50 70 50
1174802400 70 50 70 50
1174795200 70 50 70 50
1174788000 70 50 70 50
1174780800 70 50 70 50
1174773600 70 50 70 50
1174766400 70 50 70 50
1174759200 70 50 70 50
1174752000 70 50 70 50
1174744800 70 50 70 50
1174737600 70 50 70 50
1174730400 70 50 70 50
1174723200 70 50 70 50
1174716000 70 50 70 50
1174708800 70 50 70 50
1174701600 70 50 70 50
1174694400 70 50 70 50
1174687200 70 50 70 50
1174680000 70 50 70 50
1174672800 70 50 70 50
1174665600 70 50 70 50
1174658400 70 50 70 50
1174651200 70 50 70 50
1174644000 70 50 70 50
1174636800 70 50 70 50
1174629600 70 50 70 50
1174622400 70 50 70 50
1174615200 70 50 70 50
1174608000 70 50 70 50
1174600800 70 50 70 50
1174593600 70 50 70 50
1174586400 70 50 70 50
1174579200 70 50 70 50
1174572000 70 50 70 50
1174564800 70 50 70 50
1174557600 70 50 70 50
1174550400 70 50 70 50
1174543200 70 50 70 50
1174536000 70 50 70 50
1174528800 70 50 70 50
1174521600 70 50 70 50
1174514400 70 50 70 50
1174507200 70 50 70 50
1174500000 70 50 70 50
1174492800 70 50 70 50
1174485600 70 50 70 50
1174478400 70 50 70 50
1174471200 70 50 70 50
1174464000 70 50 70 50
1174456800 70 50 70 50
1174449600 70 50 70 50
1174442400 70 50 70 50
1174435200 70 50 70 50
1174428000 70 50 70 50
1174420800 70 50 70 50
1174413600 70 50 70 50
1174406400 70 50 70 50
1174399200 70 50 70 50
1174392000 70 50 70 50
1174384800 70 50 70 50
1174377600 70 50 70 50
1174370400 70 50 70 50
1174363200 70 50 70 50
1174356000 70 50 70 50
1174348800 70 50 70 50
1174341600 70 50 70 50
1174334400 70 50 70 50
1174327200 70 50 70 50
1174320000 70 50 70 50
1174312800 70 50 70 50
1174305600 70 50 70 50
1174298400 70 50 70 50
1174291200 70 50 70 50
1174284000 70 50 70 50
1174276800 70 50 70 50
1174269600 70 50 70 50
1174262400 70 50 70 50
1174255200 70 50 70 50
1174248000 70 50 70 50
1174240800 70 50 70 50
1174233600 70 50 70 50
1174226400 70 50 70 50
1174219200 70 50 70 50
1174212000 70 50 70 50
1174204800 70 50 70 50
1174197600 70 50 70 50
1174190400 70 50 70 50
1174183200 70 50 70 50
1174176000 70 50 70 50
1174168800 70 50 70 50
1174161600 70 50 70 50
1174154400 70 50 70 50
1174147200 70 50 70 50
1174140000 70 50 70 50
1174132800 70 50 70 50
1174125600 70 50 70 50
1174118400 70 50 70 50
1174111200 70 50 70 50
1174104000 70 50 70 50
1174096800 70 50 70 50
1174089600 70 50 70 50
1174082400 70 50 70 50
1174075200 70 50 70 50
1174068000 70 50 70 50
1174060800 70 50 70 50
1174053600 70 50 70 50
1174046400 70 50 70 50
1174039200 70 50 70 50
1174032000 70 50 70 50
1174024800 70 50 70 50
1174017600 70 50 70 50
1174010400 70 50 70 50
1174003200 70 50 70 50
1173996000 70 50 70 50
1173988800 70 50 70 50
1173981600 70 50 70 50
1173974400 70 50 70 50
1173967200 70 50 70 50
1173960000 70 50 70 50
1173952800 70 50 70 50
1173945600 70 50 70 50
1173938400 70 50 70 50
1173931200 70 50 70 50
1173924000 70 50 70 50
1173916800 70 50 70 50
1173909600 70 50 70 50
1173902400 70 50 70 50
1173895200 70 50 70 50
1173888000 70 50 70 50
1173880800 70 50 70 50
1173873600 70 50 70 50
1173866400 70 50 70 50
1173859200 70 50 70 50
1173852000 70 50 70 50
1173844800 70 50 70 50
1173837600 70 50 70 50
1173830400 70 50 70 50
1173823200 70 50 70 50
1173816000 70 50 70 50
1173808800 70 50 70 50
1173801600 70 50 70 50
1173794400 70 50 70 50
1173787200 70 50 70 50
1173780000 70 50 70 50
1173772800 70 50 70 50
1173765600 70 50 70 50
1173758400 70 50 70 50
1173751200 70 50 70 50
1173744000 70 50 70 50
1173736800 70 50 70 50
1173729600 70 50 70 50
1173722400 70 50 70 50
1173715200 70 50 70 50
1173708000 70 50 70 50
1173700800 70 50 70 50
1173693600 70 50 70 50
1173686400 70 50 70 50
1173679200 70 50 70 50
1173672000 70 50 70 50
1173664800 70 50 70 50
1173657600 70 50 70 50
1173650400 70 50 70 50
1173643200 70 50 70 50
1173636000 70 50 70 50
1173628800 70 50 70 50
1173621600 70 50 70 50
1173614400 70 50 70 50
1173607200 70 50 70 50
1173600000 70 50 70 50
1173592800 70 50 70 50
1173585600 70 50 70 50
1173578400 70 50 70 50
1173571200 70 50 70 50
1173564000 70 50 70 50
1173556800 70 50 70 50
1173549600 70 50 70 50
1173542400 70 50 70 50
1173535200 70 50 70 50
1173528000 70 50 70 50
1173520800 70 50 70 50
1173513600 70 50 70 50
1173506400 70 50 70 50
1173499200 70 50 70 50
1173492000 70 50 70 50
1173484800 70 50 70 50
1173477600 70 50 70 50
1173470400 70 50 70 50
1173463200 70 50 70 50
1173456000 70 50 70 50
1173448800 70 50 70 50
1173441600 70 50 70 50
1173434400 70 50 70 50
1173427200 70 50 70 50
1173420000 70 50 70 50
1173412800 70 50 70 50
1173405600 70 50 70 50
1173398400 70 50 70 50
1173391200 70 50 70 50
1173384000 70 50 70 50
1173376800 70 50 70 50
1173369600 70 50 70 50
1173362400 70 50 70 50
1173355200 70 50 70 50
1173348000 70 50 70 50
1173340800 70 50 70 50
1173333600 70 50 70 50
1173326400 70 50 70 50
1173312000 70 50 70 50
1173225600 70 50 70 50
1173139200 70 50 70 50
1173052800 70 50 70 50
1172966400 70 50 70 50
1172880000 70 50 70 50
1172793600 70 50 70 50
1172707200 70 50 70 50
1172620800 70 50 70 50
1172534400 70 50 70 50
1172448000 70 50 70 50
1172361600 70 50 70 50
1172275200 70 50 70 50
1172188800 70 50 70 50
1172102400 70 50 70 50
1172016000 70 50 70 50
1171929600 70 50 70 50
1171843200 70 50 70 50
1171756800 70 50 70 50
1171670400 70 50 70 50
1171584000 70 50 70 50
1171497600 70 50 70 50
1171411200 70 50 70 50
1171324800 70 50 70 50
1171238400 70 50 70 50
1171152000 70 50 70 50
1171065600 70 50 70 50
1170979200 70 50 70 50
1170892800 70 50 70 50
1170806400 70 50 70 50
1170720000 70 50 70 50
1170633600 70 50 70 50
1170547200 70 50 70 50
1170460800 70 50 70 50
1170374400 70 50 70 50
1170288000 70 50 70 50
1170201600 70 50 70 50
1170115200 70 50 70 50
1170028800 70 50 70 50
1169942400 70 50 70 50
1169856000 70 50 70 50
1169769600 70 50 70 50
1169683200 70 50 70 50
1169596800 70 50 70 50
1169510400 70 50 70 50
1169424000 70 50 70 50
1169337600 70 50 70 50
1169251200 70 50 70 50
1169164800 70 50 70 50
1169078400 70 50 70 50
1168992000 70 50 70 50
1168905600 70 50 70 50
1168819200 70 50 70 50
1168732800 70 50 70 50
1168646400 70 50 70 50
1168560000 70 50 70 50
1168473600 70 50 70 50
1168387200 70 50 70 50
1168300800 70 50 70 50
1168214400 70 50 70 50
1168128000 70 50 70 50
1168041600 70 50 70 50
1167955200 70 50 70 50
1167868800 70 50 70 50
1167782400 70 50 70 50
1167696000 70 50 70 50
1167609600 70 50 70 50
1167523200 70 50 70 50
1167436800 70 50 70 50
1167350400 70 50 70 50
1167264000 70 50 70 50
1167177600 70 50 70 50
1167091200 70 50 70 50
1167004800 70 50 70 50
1166918400 70 50 70 50
1166832000 70 50 70 50
1166745600 70 50 70 50
1166659200 70 50 70 50
1166572800 70 50 70 50
1166486400 70 50 70 50
1166400000 70 50 70 50
1166313600 70 50 70 50
1166227200 70 50 70 50
1166140800 70 50 70 50
1166054400 70 50 70 50
1165968000 70 50 70 50
1165881600 70 50 70 50
1165795200 70 50 70 50
1165708800 70 50 70 50
1165622400 70 50 70 50
1165536000 70 50 70 50
1165449600 70 50 70 50
1165363200 70 50 70 50
1165276800 70 50 70 50
1165190400 70 50 70 50
1165104000 70 50 70 50
1165017600 70 50 70 50
1164931200 70 50 70 50
1164844800 70 50 70 50
1164758400 70 50 70 50
1164672000 70 50 70 50
1164585600 70 50 70 50
1164499200 70 50 70 50
1164412800 70 50 70 50
1164326400 70 50 70 50
1164240000 70 50 70 50
1164153600 70 50 70 50
1164067200 70 50 70 50
1163980800 70 50 70 50
1163894400 70 50 70 50
1163808000 70 50 70 50
1163721600 70 50 70 50
1163635200 70 50 70 50
1163548800 70 50 70 50
1163462400 70 50 70 50
1163376000 70 50 70 50
1163289600 70 50 70 50
1163203200 70 50 70 50
1163116800 70 50 70 50
1163030400 70 50 70 50
1162944000 70 50 70 50
1162857600 70 50 70 50
1162771200 70 50 70 50
1162684800 70 50 70 50
1162598400 70 50 70 50
1162512000 70 50 70 50
1162425600 70 50 70 50
1162339200 70 50 70 50
1162252800 70 50 70 50
1162166400 70 50 70 50
1162080000 70 50 70 50
1161993600 70 50 70 50
1161907200 70 50 70 50
1161820800 70 50 70 50
1161734400 70 50 70 50
1161648000 70 50 70 50
1161561600 70 50 70 50
1161475200 70 50 70 50
1161388800 70 50 70 50
1161302400 70 50 70 50
1161216000 70 50 70 50
1161129600 70 50 70 50
1161043200 70 50 70 50
1160956800 70 50 70 50
1160870400 70 50 70 50
1160784000 70 50 70 50
1160697600 70 50 70 50
1160611200 70 50 70 50
1160524800 70 50 70 50
1160438400 70 50 70 50
1160352000 70 50 70 50
1160265600 70 50 70 50
1160179200 70 50 70 50
1160092800 70 50 70 50
1160006400 70 50 70 50
1159920000 70 50 70 50
1159833600 70 50 70 50
1159747200 70 50 70 50
1159660800 70 50 70 50
1159574400 70 50 70 50
1159488000 70 50 70 50
1159401600 70 50 70 50
1159315200 70 50 70 50
1159228800 70 50 70 50
1159142400 70 50 70 50
1159056000 70 50 70 50
1158969600 70 50 70 50
1158883200 70 50 70 50
1158796800 70 50 70 50
1158710400 70 50 70 50
1158624000 70 50 70 50
1158537600 70 50 70 50
1158451200 70 50 70 50
1158364800 70 50 70 50
1158278400 70 50 70 50
1158192000 70 50 70 50
1158105600 70 50 70 50
1158019200 70 50 70 50
1157932800 70 50 70 50
1157846400 70 50 70 50
1157760000 70 50 70 50
1157673600 70 50 70 50
1157587200 70 50 70 50
1157500800 70 50 70 50
1157414400 70 50 70 50
1157328000 70 50 70 50
1157241600 70 50 70 50
1157155200 70 50 70 50
1157068800 70 50 70 50
1156982400 70 50 70 50
1156896000 70 50 70 50
1156809600 70 50 70 50
1156723200 70 50 70 50
1156636800 70 50 70 50
1156550400 70 50 70 50
1156464000 70 50 70 50
1156377600 70 50 70 50
1156291200 70 50 70 50
1156204800 70 50 70 50
1156118400 70 50 70 50
1156032000 70 50 70 50
1155945600 70 50 70 50
1155859200 70 50 70 50
1155772800 70 50 70 50
1155686400 70 50 70 50
1155600000 70 50 70 50
1155513600 70 50 70 50
1155427200 70 50 70 50
1155340800 70 50 70 50
1155254400 70 50 70 50
1155168000 70 50 70 50
1155081600 70 50 70 50
1154995200 70 50 70 50
1154908800 70 50 70 50
1154822400 70 50 70 50
1154736000 70 50 70 50
1154649600 70 50 70 50
1154563200 70 50 70 50
1154476800 70 50 70 50
1154390400 70 50 70 50
1154304000 70 50 70 50
1154217600 70 50 70 50
1154131200 70 50 70 50
1154044800 70 50 70 50
1153958400 70 50 70 50
1153872000 70 50 70 50
1153785600 70 50 70 50
1153699200 70 50 70 50
1153612800 70 50 70 50
1153526400 70 50 70 50
1153440000 70 50 70 50
1153353600 70 50 70 50
1153267200 70 50 70 50
1153180800 70 50 70 50
1153094400 70 50 70 50
1153008000 70 50 70 50
1152921600 70 50 70 50
1152835200 70 50 70 50
1152748800 70 50 70 50
1152662400 70 50 70 50
1152576000 70 50 70 50
1152489600 70 50 70 50
1152403200 70 50 70 50
1152316800 70 50 70 50
1152230400 70 50 70 50
1152144000 70 50 70 50
1152057600 70 50 70 50
1151971200 70 50 70 50
1151884800 70 50 70 50
1151798400 70 50 70 50
1151712000 70 50 70 50
1151625600 70 50 70 50
1151539200 70 50 70 50
1151452800 70 50 70 50
1151366400 70 50 70 50
1151280000 70 50 70 50
1151193600 70 50 70 50
1151107200 70 50 70 50
1151020800 70 50 70 50
1150934400 70 50 70 50
1150848000 70 50 70 50
1150761600 70 50 70 50
1150675200 70 50 70 50
1150588800 70 50 70 50
1150502400 70 50 70 50
1150416000 70 50 70 50
1150329600 70 50 70 50
1150243200 70 50 70 50
1150156800 70 50 70 50
1150070400 70 50 70 50
1149984000 70 50 70 50
1149897600 70 50 70 50
1149811200 70 50 70 50
1149724800 70 50 70 50
1149638400 70 50 70 50
1149552000 70 50 70 50
1149465600 70 50 70 50
1149379200 70 50 70 50
1149292800 70 50 70 50
1149206400 70 50 70 50
1149120000 70 50 70 50
1149033600 70 50 70 50
1148947200 70 50 70 50
1148860800 70 50 70 50
1148774400 70 50 70 50
1148688000 70 50 70 50
1148601600 70 50 70 50
1148515200 70 50 70 50
1148428800 70 50 70 50
1148342400 70 50 70 50
1148256000 70 50 70 50
1148169600 70 50 70 50
1148083200 70 50 70 50
1147996800 70 50 70 50
1147910400 70 50 70 50
1147824000 70 50 70 50
1147737600 70 50 70 50
1147651200 70 50 70 50
1147564800 70 50 70 50
1147478400 70 50 70 50
1147392000 70 50 70 50
1147305600 70 50 70 50
1147219200 70 50 70 50
1147132800 70 50 70 50
1147046400 70 50 70 50
1146960000 70 50 70 50
1146873600 70 50 70 50
1146787200 70 50 70 50
1146700800 70 50 70 50
1146614400 70 50 70 50
1146528000 70 50 70 50
1146441600 70 50 70 50
1146355200 70 50 70 50
1146268800 70 50 70 50
1146182400 70 50 70 50
1146096000 70 50 70 50
1146009600 70 50 70 50
1145923200 70 50 70 50
1145836800 70 50 70 50
1145750400 70 50 70 50
1145664000 70 50 70 50
1145577600 70 50 70 50
1145491200 70 50 70 50
1145404800 70 50 70 50
1145318400 70 50 70 50
1145232000 70 50 70 50
1145145600 70 50 70 50
1145059200 70 50 70 50
1144972800 70 50 70 50
1144886400 70 50 70 50
1144800000 70 50 70 50
1144713600 70 50 70 50
1144627200 70 50 70 50
1144540800 70 50 70 50
1144454400 70 50 70 50
1144368000 70 50 70 50
1144281600 70 50 70 50
1144195200 70 50 70 50
1144108800 70 50 70 50
1144022400 70 50 70 50
1143936000 70 50 70 50
1143849600 70 50 70 50
1143763200 70 50 70 50
1143676800 70 50 70 50
1143590400 70 50 70 50
1143504000 70 50 70 50
1143417600 70 50 70 50
1143331200 70 50 70 50
1143244800 70 50 70 50
1143158400 70 50 70 50
1143072000 70 50 70 50
1142985600 70 50 70 50
1142899200 70 50 70 50
1142812800 70 50 70 50
1142726400 70 50 70 50
1142640000 70 50 70 50
1142553600 70 46 71 50
1142467200 71 46 71 46
1142380800 71 46 71 46
1142294400 71 46 71 46
1142208000 71 46 71 46
1142121600 71 46 71 46
1142035200 71 46 71 46
1141948800 71 46 71 46
1141862400 24 15 71 46
1141776000 0 0 0 0
1141689600 0 0 0 0
1141603200 0 0 0 0
1141516800 0 0 0 0
1141430400 0 0 0 0
1141344000 0 0 0 0
1141257600 0 0 0 0
1141171200 0 0 0 0
1141084800 0 0 0 0
1140998400 0 0 0 0
1140912000 0 0 0 0
1140825600 0 0 0 0
1140739200 0 0 0 0
1140652800 0 0 0 0
1140566400 0 0 0 0
1140480000 0 0 0 0
1140393600 0 0 0 0
1140307200 0 0 0 0
1140220800 0 0 0 0
1140134400 0 0 0 0
1140048000 0 0 0 0
1139961600 0 0 0 0
1139875200 0 0 0 0
1139788800 0 0 0 0
1139702400 0 0 0 0
1139616000 0 0 0 0
1139529600 0 0 0 0
1139443200 0 0 0 0
1139356800 0 0 0 0
1139270400 0 0 0 0
1139184000 0 0 0 0
1139097600 0 0 0 0
1139011200 0 0 0 0
1138924800 0 0 0 0
1138838400 0 0 0 0
1138752000 0 0 0 0
1138665600 0 0 0 0
1138579200 0 0 0 0
1138492800 0 0 0 0
1138406400 0 0 0 0
1138320000 0 0 0 0
1138233600 0 0 0 0
1138147200 0 0 0 0
1138060800 0 0 0 0
1137974400 0 0 0 0
1137888000 0 0 0 0
1137801600 0 0 0 0
1137715200 0 0 0 0
1137628800 0 0 0 0
1137542400 0 0 0 0
1137456000 0 0 0 0
1137369600 0 0 0 0
1137283200 0 0 0 0
1137196800 0 0 0 0
1137110400 0 0 0 0
1137024000 0 0 0 0
1136937600 0 0 0 0
1136851200 0 0 0 0
1136764800 0 0 0 0
1136678400 0 0 0 0
1136592000 0 0 0 0
1136505600 0 0 0 0
1136419200 0 0 0 0
1136332800 0 0 0 0
1136246400 0 0 0 0
1136160000 0 0 0 0
1136073600 0 0 0 0
1135987200 0 0 0 0
1135900800 0 0 0 0
1135814400 0 0 0 0
1135728000 0 0 0 0
1135641600 0 0 0 0
1135555200 0 0 0 0
1135468800 0 0 0 0
1135382400 0 0 0 0
1135296000 0 0 0 0
1135209600 0 0 0 0
1135123200 0 0 0 0
1135036800 0 0 0 0
1134950400 0 0 0 0
1134864000 0 0 0 0
1134777600 0 0 0 0
1134691200 0 0 0 0
1134604800 0 0 0 0
1134518400 0 0 0 0
1134432000 0 0 0 0
1134345600 0 0 0 0
1134259200 0 0 0 0
1134172800 0 0 0 0
1134086400 0 0 0 0
1134000000 0 0 0 0
1133913600 0 0 0 0
1133827200 0 0 0 0
1133740800 0 0 0 0
1133654400 0 0 0 0
1133568000 0 0 0 0
1133481600 0 0 0 0
1133395200 0 0 0 0
1133308800 0 0 0 0
1133222400 0 0 0 0
1133136000 0 0 0 0
1133049600 0 0 0 0
1132963200 0 0 0 0
1132876800 0 0 0 0
1132790400 0 0 0 0
1132704000 0 0 0 0
1132617600 0 0 0 0
1132531200 0 0 0 0
1132444800 0 0 0 0
1132358400 0 0 0 0
1132272000 0 0 0 0
1132185600 0 0 0 0
1132099200 0 0 0 0
1132012800 0 0 0 0
1131926400 0 0 0 0
1131840000 0 0 0 0
1131753600 0 0 0 0
1131667200 0 0 0 0
1131580800 0 0 0 0
1131494400 0 0 0 0
1131408000 0 0 0 0
1131321600 0 0 0 0
1131235200 0 0 0 0
1131148800 0 0 0 0
1131062400 0 0 0 0
1130976000 0 0 0 0
1130889600 0 0 0 0
1130803200 0 0 0 0
1130716800 0 0 0 0
1130630400 0 0 0 0
1130544000 0 0 0 0
1130457600 0 0 0 0
1130371200 0 0 0 0
1130284800 0 0 0 0
1130198400 0 0 0 0
1130112000 0 0 0 0
1130025600 0 0 0 0
1129939200 0 0 0 0
1129852800 0 0 0 0
1129766400 0 0 0 0
1129680000 0 0 0 0
1129593600 0 0 0 0
1129507200 0 0 0 0
1129420800 0 0 0 0
1129334400 0 0 0 0
1129248000 0 0 0 0
1129161600 0 0 0 0
1129075200 0 0 0 0
1128988800 0 0 0 0
1128902400 0 0 0 0
1128816000 0 0 0 0
1128729600 0 0 0 0
1128643200 0 0 0 0
1128556800 0 0 0 0
1128470400 0 0 0 0
1128384000 0 0 0 0
1128297600 0 0 0 0
1128211200 0 0 0 0
1128124800 0 0 0 0
1128038400 0 0 0 0
1127952000 0 0 0 0
1127865600 0 0 0 0
1127779200 0 0 0 0
1127692800 0 0 0 0
1127606400 0 0 0 0
1127520000 0 0 0 0
1127433600 0 0 0 0
1127347200 0 0 0 0
1127260800 0 0 0 0
1127174400 0 0 0 0
1127088000 0 0 0 0
1127001600 0 0 0 0
1126915200 0 0 0 0
1126828800 0 0 0 0
1126742400 0 0 0 0
1126656000 0 0 0 0
1126569600 0 0 0 0
1126483200 0 0 0 0
1126396800 0 0 0 0
1126310400 0 0 0 0
1126224000 0 0 0 0
1126137600 0 0 0 0
1126051200 0 0 0 0
1125964800 0 0 0 0
1125878400 0 0 0 0
1125792000 0 0 0 0
1125705600 0 0 0 0
1125619200 0 0 0 0
1125532800 0 0 0 0
1125446400 0 0 0 0
1125360000 0 0 0 0
1125273600 0 0 0 0
1125187200 0 0 0 0
1125100800 0 0 0 0
1125014400 0 0 0 0
1124928000 0 0 0 0
1124841600 0 0 0 0
1124755200 0 0 0 0
1124668800 0 0 0 0
1124582400 0 0 0 0
1124496000 0 0 0 0
1124409600 0 0 0 0
1124323200 0 0 0 0
1124236800 0 0 0 0
1124150400 0 0 0 0
1124064000 0 0 0 0
1123977600 0 0 0 0
1123891200 0 0 0 0
1123804800 0 0 0 0
1123718400 0 0 0 0
1123632000 0 0 0 0
1123545600 0 0 0 0
1123459200 0 0 0 0
1123372800 0 0 0 0
1123286400 0 0 0 0
1123200000 0 0 0 0
1123113600 0 0 0 0
1123027200 0 0 0 0
1122940800 0 0 0 0
1122854400 0 0 0 0
1122768000 0 0 0 0
1122681600 0 0 0 0
1122595200 0 0 0 0
1122508800 0 0 0 0
1122422400 0 0 0 0
1122336000 0 0 0 0
1122249600 0 0 0 0
1122163200 0 0 0 0
1122076800 0 0 0 0
1121990400 0 0 0 0
1121904000 0 0 0 0
1121817600 0 0 0 0
1121731200 0 0 0 0
1121644800 0 0 0 0
1121558400 0 0 0 0
1121472000 0 0 0 0
1121385600 0 0 0 0
1121299200 0 0 0 0
1121212800 0 0 0 0
1121126400 0 0 0 0
1121040000 0 0 0 0
1120953600 0 0 0 0
1120867200 0 0 0 0
1120780800 0 0 0 0
1120694400 0 0 0 0
1120608000 0 0 0 0
1120521600 0 0 0 0
1120435200 0 0 0 0
1120348800 0 0 0 0
1120262400 0 0 0 0
1120176000 0 0 0 0
1120089600 0 0 0 0
1120003200 0 0 0 0
1119916800 0 0 0 0
1119830400 0 0 0 0
1119744000 0 0 0 0
1119657600 0 0 0 0
1119571200 0 0 0 0
1119484800 0 0 0 0
1119398400 0 0 0 0
1119312000 0 0 0 0
1119225600 0 0 0 0
1119139200 0 0 0 0
1119052800 0 0 0 0
1118966400 0 0 0 0
1118880000 0 0 0 0
1118793600 0 0 0 0
1118707200 0 0 0 0
1118620800 0 0 0 0
1118534400 0 0 0 0
1118448000 0 0 0 0
1118361600 0 0 0 0
1118275200 0 0 0 0
1118188800 0 0 0 0
1118102400 0 0 0 0
1118016000 0 0 0 0
1117929600 0 0 0 0
1117843200 0 0 0 0
1117756800 0 0 0 0
1117670400 0 0 0 0
1117584000 0 0 0 0
1117497600 0 0 0 0
1117411200 0 0 0 0
1117324800 0 0 0 0
1117238400 0 0 0 0
1117152000 0 0 0 0
1117065600 0 0 0 0
1116979200 0 0 0 0
1116892800 0 0 0 0
1116806400 0 0 0 0
1116720000 0 0 0 0
1116633600 0 0 0 0
1116547200 0 0 0 0
1116460800 0 0 0 0
1116374400 0 0 0 0
1116288000 0 0 0 0
1116201600 0 0 0 0
1116115200 0 0 0 0
1116028800 0 0 0 0
1115942400 0 0 0 0
1115856000 0 0 0 0
1115769600 0 0 0 0
1115683200 0 0 0 0
1115596800 0 0 0 0
1115510400 0 0 0 0
1115424000 0 0 0 0
1115337600 0 0 0 0
1115251200 0 0 0 0
1115164800 0 0 0 0
1115078400 0 0 0 0
1114992000 0 0 0 0
1114905600 0 0 0 0
1114819200 0 0 0 0
1114732800 0 0 0 0
1114646400 0 0 0 0
1114560000 0 0 0 0
1114473600 0 0 0 0
1114387200 0 0 0 0
1114300800 0 0 0 0
1114214400 0 0 0 0
1114128000 0 0 0 0
1114041600 0 0 0 0
1113955200 0 0 0 0
1113868800 0 0 0 0
1113782400 0 0 0 0
1113696000 0 0 0 0
1113609600 0 0 0 0
1113523200 0 0 0 0
1113436800 0 0 0 0
1113350400 0 0 0 0
1113264000 0 0 0 0
1113177600 0 0 0 0
1113091200 0 0 0 0
1113004800 0 0 0 0
1112918400 0 0 0 0
1112832000 0 0 0 0
1112745600 0 0 0 0
1112659200 0 0 0 0
1112572800 0 0 0 0
1112486400 0 0 0 0
1112400000 0 0 0 0
1112313600 0 0 0 0
1112227200 0 0 0 0
1112140800 0 0 0 0
1112054400 0 0 0 0
1111968000 0 0 0 0
1111881600 0 0 0 0
1111795200 0 0 0 0
1111708800 0 0 0 0
1111622400 0 0 0 0
1111536000 0 0 0 0
1111449600 0 0 0 0
1111363200 0 0 0 0
1111276800 0 0 0 0
1111190400 0 0 0 0
1111104000 0 0 0 0
1111017600 0 0 0 0
1110931200 0 0 0 0
1110844800 0 0 0 0
1110758400 0 0 0 0
1110672000 0 0 0 0
1110585600 0 0 0 0
1110499200 0 0 0 0
1110412800 0 0 0 0
1110326400 0 0 0 0
1110240000 0 0 0 0
1110153600 0 0 0 0
