1178913733 57 41
1178913733 57 41 57 41
1178913013 33 34 33 34
1178913000 33 34 33 34
1178912700 33 34 33 34
1178912400 40 37 45 39
1178912100 45 39 45 39
1178911800 39 36 45 39
1178911500 22 27 22 27
1178911200 22 27 22 27
1178910900 28 33 30 35
1178910600 30 35 30 35
1178910300 39 35 51 36
1178910000 51 36 51 36
1178909700 50 36 51 36
1178909400 37 36 37 36
1178909100 37 36 37 36
1178908800 44 40 48 43
1178908500 48 43 48 43
1178908200 48 42 48 43
1178907900 48 42 48 42
1178907600 48 42 48 42
1178907300 41 41 48 42
1178907000 40 41 40 41
1178906700 36 39 40 41
1178906400 33 37 33 37
1178906100 33 37 47 37
1178905800 47 37 47 37
1178905500 47 37 47 37
1178905200 42 35 47 37
1178904900 40 34 40 34
1178904600 40 33 41 34
1178904300 41 31 41 31
1178904000 41 31 41 31
1178903700 35 32 41 33
1178903400 35 33 35 33
1178903100 39 34 46 36
1178902800 46 36 46 36
1178902500 45 35 46 36
1178902200 28 35 28 35
1178901900 28 35 28 35
1178901600 25 33 28 35
1178901300 24 33 24 33
1178901000 26 32 36 33
1178900700 36 32 36 32
1178900400 36 32 36 32
1178900100 25 31 36 32
1178899800 23 31 23 31
1178899500 26 33 32 36
1178899200 32 36 32 36
1178898900 32 36 40 37
1178898600 40 37 40 37
1178898300 40 37 40 37
1178898000 37 38 40 39
1178897700 36 39 36 39
1178897400 35 38 36 39
1178897100 32 37 32 37
1178896800 32 37 32 37
1178896500 44 37 47 37
1178896200 47 37 47 37
1178895900 50 40 55 44
1178895600 55 44 55 44
1178895300 54 43 55 44
1178895000 37 42 37 42
1178894700 37 42 37 42
1178894400 50 50 58 55
1178894100 58 55 58 55
1178893800 52 50 58 55
1178893500 36 38 36 38
1178893200 36 38 36 38
1178892900 28 36 36 38
1178892600 27 36 27 36
1178892300 30 34 35 36
1178892000 35 33 35 33
1178891700 35 33 51 38
1178891400 51 38 51 38
1178891100 51 38 51 38
1178890800 48 43 51 47
1178890500 47 47 47 47
1178890200 49 46 56 47
1178889900 56 46 56 46
1178889600 56 46 56 46
1178889300 43 38 56 46
1178889000 41 37 41 37
1178888700 35 34 41 37
1178888400 28 31 28 31
1178888100 28 31 41 34
1178887800 41 34 41 34
1178887500 41 34 41 34
1178887200 26 32 41 34
1178886900 19 32 19 32
1178886600 17 31 19 32
1178886300 11 28 11 28
1178886000 11 28 11 28
1178885700 18 28 20 28
1178885400 20 28 20 28
1178885100 28 29 38 31
1178884800 38 31 38 31
1178884500 37 30 38 31
1178884200 25 29 25 29
1178883900 25 29 25 29
1178883600 28 29 31 29
1178883300 31 29 31 29
1178883000 32 28 39 29
1178882700 39 26 39 26
1178882400 39 26 39 26
1178882100 20 26 39 26
1178881800 17 26 17 26
1178881500 17 26 17 26
1178881200 17 26 17 26
1178880900 17 26 32 28
1178880600 32 28 32 28
1178880300 32 28 32 28
1178880000 39 33 43 36
1178879700 43 36 43 36
1178879400 39 33 43 36
1178879100 29 26 29 26
1178878800 29 26 29 26
1178878500 27 24 29 26
1178878200 27 24 27 24
1178877900 26 26 27 29
1178877600 25 29 25 29
1178877300 25 29 29 33
1178877000 29 33 29 33
1178876700 29 33 29 33
1178876400 25 31 29 33
1178876100 24 31 24 31
1178875800 27 31 37 31
1178875500 37 31 37 31
1178875200 37 31 37 31
1178874900 27 26 37 31
1178874600 26 26 26 26
1178874300 33 30 42 37
1178874000 42 37 42 37
1178873700 41 36 42 37
1178873400 32 33 32 33
1178873100 32 33 32 33
1178872800 26 31 32 33
1178872500 24 30 24 30
1178872200 27 30 40 32
1178871900 40 32 40 32
1178871600 40 32 40 32
1178871300 47 37 49 38
1178871000 49 38 49 38
1178870700 44 35 49 38
1178870400 38 33 38 33
1178870100 37 32 38 33
1178869800 21 28 21 28
1178869500 21 28 21 28
1178869200 38 33 48 37
1178868900 48 37 48 37
1178868600 51 39 62 48
1178868300 62 48 62 48
1178868000 62 48 62 48
1178867700 49 36 62 48
1178867400 47 34 47 34
1178867100 41 32 47 34
1178866800 35 30 35 30
1178866500 35 30 46 35
1178866200 46 35 46 35
1178865900 46 35 46 35
1178865600 43 39 46 42
1178865300 42 42 42 42
1178865000 42 40 42 42
1178864700 42 36 42 36
1178864400 42 36 42 36
1178864100 21 28 42 36
1178863800 17 27 17 27
1178863500 32 29 51 33
1178863200 51 33 51 33
1178862900 51 33 52 40
1178862600 52 40 52 40
1178862300 52 40 52 40
1178862000 41 34 52 40
1178861700 35 32 35 32
1178861400 31 31 35 32
1178861100 21 28 21 28
1178860800 21 28 21 28
1178860500 30 32 32 33
1178860200 32 33 32 33
1178859900 35 33 40 33
1178859600 40 33 40 33
1178859300 40 33 55 38
1178859000 55 38 55 38
1178858700 55 38 55 38
1178858400 31 36 55 38
1178858100 18 35 18 35
1178857800 23 34 42 35
1178857500 42 34 42 34
1178857200 42 34 42 34
1178856900 21 28 42 34
1178856600 18 28 18 28
1178856300 25 28 35 29
1178856000 35 29 35 29
1178855700 34 28 35 29
1178855400 19 24 19 24
1178855100 19 24 19 24
1178854800 39 34 51 41
1178854500 51 41 51 41
1178854200 47 38 51 41
1178853900 36 31 36 31
1178853600 36 31 36 31
1178853300 39 35 40 36
1178853000 40 36 40 36
1178852700 36 36 40 36
1178852400 31 36 31 36
1178852100 31 35 38 36
1178851800 38 31 38 31
1178851500 38 31 38 31
1178851200 29 33 38 35
1178850900 24 35 24 35
1178850600 26 35 36 35
1178850300 36 35 36 35
1178850000 36 35 36 35
1178849700 32 35 36 36
1178849400 32 36 32 36
1178849100 32 32 34 36
1178848800 34 29 34 29
1178848500 33 28 34 29
1178848200 19 25 19 25
1178847900 19 25 19 25
1178847600 33 32 42 36
1178847300 42 36 42 36
1178847000 37 34 42 36
1178846700 25 28 25 28
1178846400 25 28 25 28
1178846100 30 30 31 31
1178845800 31 31 31 31
1178845500 39 32 51 34
1178845200 51 34 51 34
1178844900 50 33 51 34
1178844600 28 26 28 26
1178844300 28 26 28 26
1178844000 45 33 55 38
1178843700 55 38 55 38
1178843400 46 36 55 38
1178843100 21 31 21 31
1178842800 21 31 21 31
1178842500 36 28 39 31
1178842200 39 28 39 28
1178841900 32 26 39 28
1178841600 24 24 24 24
1178841300 24 23 26 24
1178841000 26 23 26 23
1178840700 26 23 26 23
1178840400 29 32 31 37
1178840100 31 37 31 37
1178839800 29 33 31 37
1178839500 25 24 25 24
1178839200 25 24 25 24
1178838900 37 31 40 33
1178838600 40 33 40 33
1178838300 33 29 40 33
1178838000 26 26 26 26
1178837700 26 26 40 33
1178837400 40 33 40 33
1178837100 40 33 40 33
1178836800 40 31 41 33
1178836500 41 31 41 31
1178836200 37 30 41 31
1178835900 27 29 27 29
1178835600 27 29 27 29
1178835300 24 23 27 29
1178835000 24 22 24 22
1178834700 24 25 25 29
1178834400 25 29 25 29
1178834100 25 29 28 32
1178833800 28 32 28 32
1178833500 28 32 28 32
1178833200 43 35 52 38
1178832900 52 38 52 38
1178832600 48 35 52 38
1178832300 38 29 38 29
1178832000 38 29 38 29
1178831700 30 28 38 29
1178831400 29 28 29 28
1178831100 39 29 52 32
1178830800 52 32 52 32
1178830500 50 31 52 32
1178830200 20 22 20 22
1178829900 20 22 20 22
1178829600 33 29 41 34
1178829300 41 34 41 34
1178829000 33 32 41 34
1178828700 12 29 12 29
1178828400 12 29 12 29
1178828100 31 51 35 55
1178827800 35 55 35 55
1178827500 28 42 35 55
1178827200 20 26 20 26
1178826900 20 26 26 26
1178826600 26 26 26 26
1178826300 26 26 26 26
1178826000 33 30 37 33
1178825700 37 33 37 33
1178825400 39 34 47 38
1178825100 47 38 47 38
1178824800 47 38 47 38
1178824500 23 27 47 38
1178824200 19 25 19 25
1178823900 25 28 33 33
1178823600 33 33 33 33
1178823300 33 33 37 37
1178823000 37 37 37 37
1178822700 37 37 37 37
1178822400 43 38 47 39
1178822100 47 39 47 39
1178821800 46 37 47 39
1178821500 44 34 44 34
1178821200 44 34 44 34
1178820900 45 36 46 37
1178820600 46 37 46 37
1178820300 42 33 46 37
1178820000 39 30 39 30
1178819700 38 29 39 30
1178819400 19 27 19 27
1178819100 19 27 19 27
1178818800 23 28 26 30
1178818500 26 30 26 30
1178818200 29 31 41 38
1178817900 41 38 41 38
1178817600 41 38 41 38
1178817300 20 30 41 38
1178817000 17 29 17 29
1178816700 31 36 50 46
1178816400 50 46 50 46
1178816100 50 45 52 46
1178815800 52 36 52 36
1178815500 52 36 52 36
1178815200 34 32 52 36
1178814900 25 30 25 30
1178814600 29 30 43 32
1178814300 43 32 43 32
1178814000 43 32 43 32
1178813700 34 36 43 37
1178813400 33 37 33 37
1178813100 28 33 33 37
1178812800 22 30 22 30
1178812500 22 29 25 30
1178812200 25 28 25 28
1178811900 25 28 25 28
1178811600 21 30 25 32
1178811300 20 32 20 32
1178811000 24 32 37 34
1178810700 37 34 37 34
1178810400 37 34 37 34
1178810100 44 31 46 34
1178809800 46 31 46 31
1178809500 42 31 46 31
1178809200 39 31 39 31
1178808900 39 31 48 32
1178808600 48 32 48 32
1178808300 48 32 48 32
1178808000 40 32 48 33
1178807700 36 33 36 33
1178807400 34 31 36 33
1178807100 29 27 29 27
1178806800 29 27 29 27
1178806500 28 27 29 27
1178806200 28 27 28 27
1178805900 23 27 28 29
1178805600 17 29 17 29
1178805300 17 29 22 32
1178805000 22 32 22 32
1178804700 22 32 22 32
1178804400 31 33 36 35
1178804100 36 35 36 35
1178803800 37 36 43 40
1178803500 43 40 43 40
1178803200 43 40 43 40
1178802900 45 42 46 43
1178802600 46 43 46 43
1178802300 34 37 46 43
1178802000 20 31 20 31
1178801700 20 31 41 34
1178801400 41 34 41 34
1178801100 41 34 41 34
1178800800 20 32 41 34
1178800500 9 31 9 31
1178800200 24 35 73 52
1178799900 73 52 73 52
1178799600 73 52 73 52
1178799300 62 52 73 53
1178799000 60 53 60 53
1178798700 51 49 60 53
1178798400 41 44 41 44
1178798100 41 43 45 44
1178797800 45 36 45 36
1178797500 45 36 45 36
1178797200 46 39 48 42
1178796900 48 42 48 42
1178796600 44 38 48 42
1178796300 32 28 32 28
1178796000 32 28 32 28
1178795700 39 28 41 28
1178795400 41 28 41 28
1178795100 30 29 41 32
1178794800 17 32 17 32
1178794500 17 32 39 32
1178794200 39 32 39 32
1178793900 39 32 39 32
1178793600 39 40 40 46
1178793300 40 46 40 46
1178793000 37 43 40 46
1178792700 28 37 28 37
1178792400 28 37 28 37
1178792100 44 41 48 42
1178791800 48 42 48 42
1178791500 46 41 48 42
1178791200 44 40 44 40
1178790900 43 39 44 40
1178790600 38 34 38 34
1178790300 38 34 38 34
1178790000 36 36 38 38
1178789700 35 38 35 38
1178789400 31 36 35 38
1178789100 19 30 19 30
1178788800 19 30 19 30
1178788500 33 35 36 37
1178788200 36 37 36 37
1178787900 37 36 40 37
1178787600 40 36 40 36
1178787300 39 35 40 36
1178787000 33 35 33 35
1178786700 33 35 33 35
1178786400 40 38 44 41
1178786100 44 41 44 41
1178785800 37 38 44 41
1178785500 19 29 19 29
1178785200 19 29 19 29
1178784900 29 30 31 31
1178784600 31 31 31 31
1178784300 39 34 50 38
1178784000 50 38 50 38
1178783700 49 37 50 38
1178783400 28 36 28 36
1178783100 28 36 28 36
1178782800 39 42 46 46
1178782500 46 46 46 46
1178782200 43 42 46 46
1178781900 35 33 35 33
1178781600 35 33 35 33
1178781300 29 31 35 33
1178781000 29 31 29 31
1178780700 29 31 29 31
1178780400 29 31 29 31
1178780100 29 31 33 34
1178779800 33 34 33 34
1178779500 33 34 33 34
1178779200 42 41 48 45
1178778900 48 45 48 45
1178778600 44 42 48 45
1178778300 34 33 34 33
1178778000 34 33 34 33
1178777700 41 35 43 36
1178777400 43 36 43 36
1178777100 47 38 54 41
1178776800 54 41 54 41
1178776500 53 40 54 41
1178776200 40 33 40 33
1178775900 40 33 40 33
1178775600 33 34 40 35
1178775300 30 35 30 35
1178775000 31 34 36 35
1178774700 36 32 36 32
1178774400 36 32 36 32
1178774100 40 34 41 35
1178773800 41 35 41 35
1178773500 45 35 52 36
1178773200 52 36 52 36
1178772900 50 35 52 36
1178772600 24 35 24 35
1178772300 24 35 24 35
1178772000 36 40 44 43
1178771700 44 43 44 43
1178771400 46 42 56 43
1178771100 56 41 56 41
1178770800 56 41 56 41
1178770500 50 37 56 41
1178770200 50 37 50 37
1178769900 39 35 50 37
1178769600 27 34 27 34
1178769300 27 34 45 35
1178769000 45 35 45 35
1178768700 45 35 45 35
1178768400 30 35 45 36
1178768100 22 36 22 36
1178767800 23 35 30 36
1178767500 30 34 30 34
1178767200 30 34 30 34
1178766900 44 38 47 39
1178766600 47 39 47 39
1178766300 46 39 47 39
1178766000 45 39 45 39
1178765700 45 39 61 43
1178765400 61 43 61 43
1178765100 61 43 61 43
1178764800 39 37 61 43
1178764500 27 34 27 34
1178764200 29 34 39 38
1178763900 39 38 39 38
1178763600 39 38 39 38
1178763300 34 30 39 38
1178763000 34 29 34 29
1178762700 28 27 34 29
1178762400 22 25 22 25
1178762100 22 25 43 37
1178761800 43 37 43 37
1178761500 43 37 43 37
1178761200 46 38 49 40
1178760900 49 40 49 40
1178760600 45 39 49 40
1178760300 35 38 35 38
1178760000 35 38 35 38
1178759700 33 34 35 38
1178759400 33 34 33 34
1178759100 34 34 37 36
1178758800 37 36 37 36
1178758500 37 36 52 38
1178758200 52 38 52 38
1178757900 52 38 52 38
1178757600 27 32 52 38
1178757300 14 30 14 30
1178757000 21 33 46 43
1178756700 46 43 46 43
1178756400 46 43 46 43
1178756100 38 30 46 43
1178755800 37 28 37 28
1178755500 39 30 43 33
1178755200 43 33 43 33
1178754900 42 32 43 33
1178754600 37 30 37 30
1178754300 37 30 37 30
1178754000 35 35 37 38
1178753700 34 38 34 38
1178753400 37 37 47 38
1178753100 47 35 47 35
1178752800 47 35 47 35
1178752500 27 29 47 35
1178752200 24 29 24 29
1178751900 31 32 42 38
1178751600 42 38 42 38
1178751300 42 38 53 40
1178751000 53 40 53 40
1178750700 53 40 53 40
1178750400 46 37 53 40
1178750100 43 36 43 36
1178749800 43 35 46 36
1178749500 46 34 46 34
1178749200 46 34 46 34
1178748900 40 35 46 36
1178748600 40 36 40 36
1178748300 43 37 48 40
1178748000 48 40 48 40
1178747700 46 39 48 40
1178747400 14 30 14 30
1178747100 14 30 14 30
1178746800 22 34 28 37
1178746500 28 37 28 37
1178746200 32 36 47 37
1178745900 47 35 47 35
1178745600 47 35 47 35
1178745300 32 33 47 35
1178745000 30 33 30 33
1178744700 31 33 33 34
1178744400 33 34 33 34
1178744100 33 34 40 35
1178743800 40 35 40 35
1178743500 40 35 40 35
1178743200 75 56 96 69
1178742900 96 69 96 69
1178742600 88 74 96 91
1178742300 63 91 63 91
1178742000 63 91 63 91
1178741700 98 110 105 114
1178741400 105 114 105 114
1178741100 75 78 105 114
1178740800 39 35 39 35
1178740500 38 34 39 35
1178740200 18 26 18 26
1178739900 18 26 18 26
1178739600 25 32 30 36
1178739300 30 36 30 36
1178739000 30 36 32 39
1178738700 32 39 32 39
1178738400 32 39 32 39
1178738100 36 43 37 44
1178737800 37 44 37 44
1178737500 35 45 37 48
1178737200 33 48 33 48
1178736900 33 47 54 48
1178736600 54 35 54 35
1178736300 54 35 54 35
1178736000 42 38 54 40
1178735700 36 40 36 40
1178735400 44 40 74 42
1178735100 74 42 74 42
1178734800 74 42 74 42
1178734500 48 38 74 42
1178734200 44 38 44 38
1178733900 42 39 44 41
1178733600 41 41 41 41
1178733300 37 35 44 41
1178731800 42 37 56 44
1178730000 54 42 63 44
1178728200 53 39 80 47
1178726400 33 34 41 37
1178724600 38 38 46 41
1178722800 40 37 45 39
1178721000 48 37 67 42
1178719200 50 37 69 42
1178717400 47 41 53 43
1178715600 37 35 39 48
1178713800 28 33 39 48
1178712000 32 36 35 41
1178710200 29 33 40 41
1178708400 32 34 48 45
1178706600 49 38 52 45
1178704800 32 35 37 38
1178703000 36 31 46 38
1178701200 27 32 33 37
1178699400 38 38 47 41
1178697600 27 31 30 35
1178695800 43 36 54 45
1178694000 28 35 33 42
1178692200 32 34 35 39
1178690400 36 37 44 39
1178688600 32 36 36 39
1178686800 43 45 61 55
1178685000 67 63 97 68
1178683200 23 31 33 36
1178681400 39 39 53 44
1178679600 43 38 51 44
1178677800 38 37 42 42
1178676000 46 40 65 44
1178674200 31 35 38 42
1178672400 33 33 38 40
1178670600 42 36 58 41
1178668800 51 45 53 49
1178667000 38 36 49 46
1178665200 39 38 46 39
1178663400 41 39 64 49
1178661600 37 36 52 40
1178659800 33 37 50 41
1178658000 41 36 50 41
1178656200 29 40 38 46
1178654400 28 35 34 39
1178652600 34 37 56 41
1178650800 38 36 56 40
1178649000 29 36 43 41
1178647200 31 36 43 41
1178645400 36 39 41 42
1178643600 36 34 51 39
1178641800 31 36 35 40
1178640000 34 36 39 40
1178638200 53 45 120 72
1178636400 46 43 59 46
1178634600 39 37 59 44
1178632800 35 34 50 39
1178631000 34 33 50 39
1178629200 43 36 60 42
1178627400 35 35 60 42
1178625600 38 35 43 37
1178623800 31 31 44 35
1178622000 28 35 47 46
1178620200 30 32 37 37
1178618400 36 32 37 36
1178616600 38 34 42 37
1178614800 53 37 77 44
1178613000 29 29 43 33
1178611200 32 30 40 33
1178609400 47 41 50 47
1178607600 55 53 66 61
1178605800 43 41 66 56
1178604000 35 34 47 39
1178602200 31 33 47 39
1178600400 27 32 29 33
1178598600 27 31 40 36
1178596800 33 33 51 38
1178595000 48 50 57 65
1178593200 62 57 97 68
1178591400 26 28 37 35
1178589600 44 41 60 51
1178587800 38 36 45 51
1178586000 32 33 40 37
1178584200 32 31 45 37
1178582400 27 27 38 34
1178580600 30 28 41 32
1178578800 29 27 37 31
1178577000 26 31 37 33
1178575200 29 28 38 35
1178573400 27 28 38 35
1178571600 25 47 30 91
1178569800 31 39 39 91
1178568000 34 36 39 39
1178566200 31 32 40 35
1178564400 30 31 40 34
1178562600 24 30 44 34
1178560800 29 29 44 34
1178559000 23 26 30 28
1178557200 33 32 62 46
1178555400 35 32 62 46
1178553600 22 29 29 32
1178551800 36 33 49 40
1178550000 24 26 33 30
1178548200 25 24 43 33
1178546400 31 28 37 30
1178544600 29 25 42 30
1178542800 25 24 40 31
1178541000 24 24 40 31
1178539200 27 24 31 28
1178537400 21 21 31 31
1178535600 21 24 26 27
1178533800 16 22 19 25
1178532000 18 20 21 23
1178530200 33 26 56 35
1178528400 25 24 26 27
1178526600 89 85 151 143
1178524800 151 143 151 143
1178523000 151 143 151 143
1178521200 151 143 151 143
1178519400 151 143 151 143
1178517600 151 143 151 143
1178515800 151 143 151 143
1178514000 151 143 151 143
1178512200 151 143 151 143
1178510400 151 143 151 143
1178508600 151 143 151 143
1178506800 151 143 151 143
1178505000 151 143 151 143
1178503200 151 143 151 143
1178501400 151 143 151 143
1178499600 151 143 151 143
1178497800 151 143 151 143
1178496000 151 143 151 143
1178494200 151 143 151 143
1178492400 151 143 151 143
1178490600 151 143 151 143
1178488800 151 143 151 143
1178487000 151 143 151 143
1178485200 151 143 151 143
1178483400 151 143 151 143
1178481600 151 143 151 143
1178479800 151 143 151 143
1178478000 151 143 151 143
1178476200 151 143 151 143
1178474400 151 143 151 143
1178472600 151 143 151 143
1178470800 151 143 151 143
1178469000 151 143 151 143
1178467200 151 143 151 143
1178465400 151 143 151 143
1178463600 151 143 151 143
1178461800 151 143 151 143
1178460000 151 143 151 143
1178458200 151 143 151 143
1178456400 151 143 151 143
1178454600 151 143 151 143
1178452800 151 143 151 143
1178451000 151 143 151 143
1178449200 151 143 151 143
1178447400 151 143 151 143
1178445600 151 143 151 143
1178443800 151 143 151 143
1178442000 151 143 151 143
1178440200 151 143 151 143
1178438400 151 143 151 143
1178436600 145 147 160 155
1178434800 133 141 153 147
1178433000 142 111 153 134
1178431200 84 81 153 133
1178429400 45 44 55 48
1178427600 41 38 46 41
1178425800 41 37 53 40
1178424000 48 40 53 43
1178422200 53 44 74 54
1178420400 170 185 188 205
1178418600 188 205 188 205
1178416800 188 205 188 205
1178415000 188 205 188 205
1178413200 188 205 188 205
1178411400 188 205 188 205
1178409600 188 205 188 205
1178407800 188 205 188 205
1178406000 188 205 188 205
1178404200 188 205 188 205
1178402400 188 205 188 205
1178400600 188 205 188 205
1178398800 188 205 188 205
1178397000 188 205 188 205
1178395200 188 205 188 205
1178393400 188 205 188 205
1178391600 188 205 188 205
1178389800 188 205 188 205
1178388000 188 205 188 205
1178386200 188 205 188 205
1178384400 188 205 188 205
1178382600 188 205 188 205
1178380800 188 205 188 205
1178379000 188 205 188 205
1178377200 188 205 188 205
1178375400 188 205 188 205
1178373600 188 205 188 205
1178371800 188 205 188 205
1178370000 188 205 188 205
1178368200 188 205 188 205
1178366400 188 205 188 205
1178364600 188 205 188 205
1178362800 188 205 188 205
1178361000 188 205 188 205
1178359200 188 205 188 205
1178357400 188 205 188 205
1178355600 188 205 188 205
1178353800 188 205 188 205
1178352000 188 205 188 205
1178350200 188 205 188 205
1178348400 188 205 188 205
1178346600 188 205 188 205
1178344800 188 205 188 205
1178343000 188 205 188 205
1178341200 188 205 188 205
1178339400 188 205 188 205
1178337600 188 205 188 205
1178335800 188 205 188 205
1178334000 188 205 188 205
1178332200 188 205 188 205
1178330400 188 205 188 205
1178328600 188 205 188 205
1178326800 188 205 188 205
1178325000 188 205 188 205
1178323200 188 205 188 205
1178321400 188 205 188 205
1178319600 188 205 188 205
1178317800 188 205 188 205
1178316000 188 205 188 205
1178314200 188 205 188 205
1178312400 188 205 188 205
1178310600 188 205 188 205
1178308800 188 205 188 205
1178307000 188 205 188 205
1178305200 188 205 188 205
1178303400 188 205 188 205
1178301600 188 205 188 205
1178299800 188 205 188 205
1178298000 188 205 188 205
1178296200 188 205 188 205
1178294400 188 205 188 205
1178292600 188 205 188 205
1178290800 188 205 188 205
1178289000 188 205 188 205
1178287200 188 205 188 205
1178285400 188 205 188 205
1178283600 188 205 188 205
1178281800 188 205 188 205
1178280000 188 205 188 205
1178278200 188 205 188 205
1178276400 188 205 188 205
1178274600 188 205 188 205
1178272800 188 205 188 205
1178271000 188 205 188 205
1178269200 188 205 188 205
1178267400 188 205 188 205
1178265600 188 205 188 205
1178263800 188 205 188 205
1178262000 188 205 188 205
1178260200 188 205 188 205
1178258400 188 205 188 205
1178256600 188 205 188 205
1178254800 188 205 188 205
1178253000 188 205 188 205
1178251200 188 205 188 205
1178249400 188 205 188 205
1178247600 188 205 188 205
1178245800 188 205 188 205
1178244000 188 205 188 205
1178242200 188 205 188 205
1178240400 188 205 188 205
1178238600 188 205 188 205
1178236800 188 205 188 205
1178235000 188 205 188 205
1178233200 188 205 188 205
1178231400 188 205 188 205
1178229600 188 205 188 205
1178227800 188 205 188 205
1178226000 188 205 188 205
1178224200 188 205 188 205
1178222400 188 205 188 205
1178220600 188 205 188 205
1178218800 188 205 188 205
1178217000 188 205 188 205
1178215200 188 205 188 205
1178213400 188 205 188 205
1178211600 188 205 188 205
1178209800 188 205 188 205
1178208000 188 205 188 205
1178206200 188 205 188 205
1178204400 188 205 188 205
1178202600 188 205 188 205
1178200800 188 205 188 205
1178199000 188 205 188 205
1178197200 188 205 188 205
1178195400 188 205 188 205
1178193600 188 205 188 205
1178191800 188 205 188 205
1178190000 188 205 188 205
1178188200 188 205 188 205
1178186400 188 205 188 205
1178184600 188 205 188 205
1178182800 188 205 188 205
1178181000 188 205 188 205
1178179200 188 205 188 205
1178177400 188 205 188 205
1178175600 188 205 188 205
1178173800 188 205 188 205
1178172000 188 205 188 205
1178170200 188 205 188 205
1178168400 188 205 188 205
1178166600 188 205 188 205
1178164800 188 205 188 205
1178163000 188 205 188 205
1178161200 188 205 188 205
1178159400 188 205 188 205
1178157600 188 205 188 205
1178155800 188 205 188 205
1178154000 188 205 188 205
1178152200 188 205 188 205
1178150400 188 205 188 205
1178148600 188 205 188 205
1178146800 188 205 188 205
1178145000 188 205 188 205
1178143200 188 205 188 205
1178141400 188 205 188 205
1178139600 188 205 188 205
1178137800 182 198 188 205
1178136000 128 132 149 155
1178134200 131 146 226 292
1178132400 183 198 226 292
1178130600 115 123 142 165
1178128800 138 139 168 168
1178127000 136 132 155 168
1178125200 145 147 175 177
1178123400 115 127 175 177
1178121600 131 138 139 156
1178119800 128 134 151 156
1178118000 148 153 158 183
1178116200 148 146 160 183
1178114400 158 158 181 190
1178112600 135 137 149 190
1178110800 139 147 152 162
1178109000 113 121 135 162
1178107200 152 148 174 159
1178105400 130 131 149 159
1178103600 133 136 136 164
1178101800 139 143 160 164
1178100000 131 150 167 177
1178098200 122 126 141 136
1178096400 138 137 159 148
1178094600 132 133 144 148
1178092800 135 139 144 162
1178091000 151 141 163 162
1178089200 137 150 152 162
1178087400 122 135 144 162
1178085600 156 160 175 183
1178083800 154 147 200 183
1178082000 145 141 148 152
1178080200 130 129 149 152
1178078400 181 163 202 175
1178076600 130 132 190 175
1178074800 142 143 180 155
1178073000 143 141 162 146
1178071200 148 141 162 152
1178069400 128 129 141 152
1178067600 121 128 143 131
1178065800 111 119 123 139
1178064000 148 150 169 183
1178062200 107 121 169 183
1178060400 124 128 133 140
1178058600 132 128 158 140
1178056800 137 138 150 168
1178055000 154 142 198 168
1178053200 180 189 299 305
1178051400 240 249 299 305
1178049600 126 125 148 132
1178047800 120 121 148 132
1178046000 152 133 160 142
1178044200 103 114 146 142
1178042400 127 132 138 139
1178040600 121 124 140 139
1178038800 139 138 161 149
1178037000 132 138 163 154
1178035200 137 148 163 154
1178033400 136 143 169 174
1178031600 161 144 182 153
1178029800 115 132 166 153
1178028000 172 151 187 158
1178026200 149 151 159 158
1178024400 142 158 158 178
1178022600 167 164 180 178
1178020800 141 133 152 151
1178019000 120 123 152 151
1178017200 133 126 156 134
1178015400 93 120 114 189
1178013600 168 182 197 201
1178011800 110 115 161 144
1178010000 136 141 165 147
1178008200 125 129 130 147
1178006400 114 127 126 148
1178004600 143 144 170 148
1178002800 146 134 170 148
1178001000 112 119 162 148
1177999200 154 146 162 170
1177997400 126 124 154 170
1177995600 137 132 150 157
1177993800 115 117 136 157
1177992000 130 122 165 137
1177990200 123 124 158 138
1177988400 166 159 197 187
1177986600 112 117 162 146
1177984800 136 129 144 148
1177983000 111 122 133 148
1177981200 185 189 285 307
1177979400 254 252 297 307
1177977600 233 278 297 299
1177975800 312 294 325 334
1177974000 347 373 414 429
1177972200 363 351 414 429
1177970400 386 343 484 427
1177968600 385 350 484 427
1177966800 356 346 427 427
1177965000 306 306 427 427
1177963200 110 114 121 135
1177961400 132 125 145 135
1177959600 136 127 147 137
1177957800 124 119 155 137
1177956000 118 129 142 142
1177954200 129 123 142 142
1177952400 121 134 133 139
1177950600 105 128 115 132
1177948800 117 125 124 130
1177947000 128 128 147 133
1177945200 140 133 151 136
1177943400 151 138 171 149
1177941600 144 138 148 152
1177939800 55 54 148 136
1177938000 11 5 14 9
1177936200 6 8 12 14
1177934400 3 7 7 14
1177932600 0 3 7 8
1177930800 185 168 355 287
1177929000 169 189 355 287
1177927200 257 255 397 336
1177925400 184 183 397 336
1177923600 249 247 360 298
1177921800 175 178 360 298
1177920000 226 236 343 338
1177918200 159 194 343 338
1177916400 236 238 361 350
1177914600 194 236 361 350
1177912800 259 255 356 316
1177911000 194 211 356 316
1177909200 250 248 337 302
1177907400 176 191 337 302
1177905600 210 200 304 265
1177903800 159 147 304 265
1177902000 163 157 206 195
1177900200 136 134 206 195
1177898400 152 143 156 160
1177896600 129 130 148 160
1177894800 134 142 141 160
1177893000 124 125 141 160
1177891200 129 129 159 141
1177889400 107 117 123 141
1177887600 138 135 150 161
1177885800 126 137 144 161
1177884000 145 145 159 157
1177882200 144 134 172 157
1177880400 196 198 290 296
1177878600 235 250 290 296
1177876800 130 137 143 155
1177875000 126 132 184 155
1177873200 170 150 184 177
1177871400 123 129 144 177
1177869600 159 148 204 197
1177867800 130 141 204 197
1177866000 151 154 165 177
1177864200 127 135 158 177
1177862400 143 142 154 169
1177860600 134 137 146 169
1177858800 147 152 190 193
1177857000 135 139 190 193
1177855200 149 151 162 167
1177853400 132 138 162 167
1177851600 146 146 153 168
1177849800 129 138 135 168
1177848000 149 156 160 184
1177846200 154 149 169 184
1177844400 193 170 355 239
1177842600 145 147 355 239
1177840800 167 164 183 182
1177839000 152 144 181 182
1177837200 156 142 168 163
1177835400 125 133 168 163
1177833600 202 173 298 223
1177831800 166 146 298 223
1177830000 183 171 217 201
1177828200 162 177 205 201
1177826400 188 171 247 211
1177824600 148 143 247 211
1177822800 177 166 257 232
1177821000 146 147 257 232
1177819200 148 147 196 188
1177817400 142 139 196 188
1177815600 176 161 197 193
1177813800 131 137 197 193
1177812000 191 164 276 214
1177810200 131 130 276 214
1177808400 142 145 165 169
1177806600 137 136 155 169
1177804800 160 154 176 187
1177803000 133 135 176 187
1177801200 161 156 189 194
1177799400 141 139 179 194
1177797600 157 144 239 192
1177795800 142 135 239 192
1177794000 177 188 254 278
1177792200 219 243 254 278
1177790400 156 152 186 188
1177788600 146 150 189 188
1177786800 212 192 309 248
1177785000 146 146 309 248
1177783200 177 159 187 189
1177781400 130 136 187 189
1177779600 172 158 177 183
1177777800 129 140 177 183
1177776000 209 181 314 256
1177774200 160 150 314 256
1177772400 183 165 267 218
1177770600 132 135 267 218
1177768800 180 180 280 232
1177767000 145 147 280 232
1177765200 181 166 221 212
1177763400 148 146 221 212
1177761600 172 171 207 201
1177759800 145 145 207 201
1177758000 167 164 199 197
1177756200 125 142 199 197
1177754400 147 148 175 182
1177752600 132 133 175 182
1177750800 149 144 154 169
1177749000 146 137 161 169
1177747200 187 164 276 228
1177745400 143 134 276 228
1177743600 158 148 179 190
1177741800 125 133 179 190
1177740000 138 141 143 161
1177738200 147 139 181 161
1177736400 197 190 281 245
1177734600 140 147 281 245
1177732800 139 142 166 164
1177731000 132 130 162 164
1177729200 170 146 219 170
1177727400 138 139 166 170
1177725600 148 137 199 147
1177723800 118 123 135 146
1177722000 137 137 149 161
1177720200 151 213 182 247
1177718400 414 343 451 358
1177716600 323 291 451 358
1177714800 337 358 344 395
1177713000 323 338 344 395
1177711200 305 329 307 346
1177709400 382 311 386 346
1177707600 321 313 386 315
1177705800 287 276 303 315
1177704000 134 144 147 167
1177702200 131 140 193 167
1177700400 182 168 227 207
1177698600 160 151 227 216
1177696800 168 168 205 216
1177695000 136 137 183 178
1177693200 135 144 160 178
1177691400 132 134 160 178
1177689600 170 155 210 196
1177687800 148 138 210 196
1177686000 144 140 155 157
1177684200 128 133 152 157
1177682400 133 140 148 164
1177680600 127 131 181 164
1177678800 166 149 181 176
1177677000 131 130 145 176
1177675200 137 144 163 178
1177673400 150 139 163 178
1177671600 156 148 238 206
1177669800 152 151 238 206
1177668000 199 184 325 259
1177666200 151 160 325 259
1177664400 181 173 279 218
1177662600 150 143 279 218
1177660800 140 145 180 183
1177659000 125 133 180 183
1177657200 165 161 184 194
1177655400 132 139 173 194
1177653600 146 146 153 173
1177651800 135 135 172 173
1177646400 145 141 244 168
1177639200 137 132 165 163
1177632000 124 132 142 170
1177624800 167 175 279 290
1177617600 133 134 151 172
1177610400 143 137 179 165
1177603200 141 142 171 175
1177596000 146 145 175 170
1177588800 151 139 174 167
1177581600 138 138 170 157
1177574400 132 135 166 151
1177567200 138 137 166 155
1177560000 137 133 159 154
1177552800 159 147 264 229
1177545600 176 168 338 253
1177538400 245 251 498 496
1177531200 235 228 376 318
1177524000 213 192 351 299
1177516800 174 169 250 232
1177509600 160 153 293 237
1177502400 146 137 185 166
1177495200 125 132 161 177
1177488000 136 142 202 179
1177480800 125 126 161 149
1177473600 137 128 186 163
1177466400 150 141 277 186
1177459200 116 119 155 146
1177452000 111 113 147 142
1177444800 140 131 254 189
1177437600 132 128 161 161
1177430400 115 115 177 150
1177423200 159 161 269 253
1177416000 6 8 20 15
1177408800 10 5 42 23
1177401600 1 2 14 14
1177394400 3 2 15 14
1177387200 9 4 58 19
1177380000 1 2 9 14
1177372800 3 1 20 8
1177365600 3 3 16 10
1177358400 4 3 17 17
1177351200 4 5 16 17
1177344000 3 2 42 15
1177336800 6 3 42 15
1177329600 4 3 45 22
1177322400 2 2 13 8
1177315200 15 13 89 62
1177308000 115 116 177 164
1177300800 170 166 264 247
1177293600 143 144 170 168
1177286400 154 147 189 178
1177279200 159 148 211 166
1177272000 164 160 208 206
1177264800 163 154 196 200
1177257600 155 152 216 191
1177250400 150 151 186 190
1177243200 163 155 193 194
1177236000 182 170 268 247
1177228800 158 156 192 197
1177221600 161 159 208 200
1177214400 163 156 196 200
1177207200 140 144 166 177
1177200000 146 157 170 211
1177192800 152 147 181 176
1177185600 213 198 313 289
1177178400 181 168 286 232
1177171200 174 164 225 221
1177164000 192 181 336 314
1177156800 186 174 275 241
1177149600 182 173 273 270
1177142400 178 166 262 231
1177135200 181 170 277 234
1177128000 162 157 235 212
1177120800 160 155 221 210
1177113600 163 159 255 224
1177106400 151 152 195 198
1177099200 169 166 217 204
1177092000 172 168 260 226
1177084800 166 160 285 242
1177077600 160 154 211 203
1177070400 166 158 238 226
1177063200 155 152 184 201
1177056000 156 150 197 179
1177048800 152 152 205 194
1177041600 145 149 162 181
1177034400 148 147 195 172
1177027200 144 142 176 161
1177020000 146 143 170 171
1177012800 152 151 178 173
1177005600 145 145 168 167
1176998400 140 144 173 165
1176991200 161 156 216 196
1176984000 158 155 233 212
1176976800 156 150 179 172
1176969600 151 146 191 164
1176962400 149 146 203 160
1176955200 139 143 162 159
1176948000 141 145 169 175
1176940800 144 145 167 167
1176933600 156 148 188 166
1176926400 199 186 364 303
1176919200 188 179 306 282
1176912000 178 166 338 270
1176904800 177 165 259 241
1176897600 167 166 282 248
1176890400 173 166 260 237
1176883200 177 166 252 219
1176876000 177 175 281 244
1176868800 206 191 409 302
1176861600 166 164 275 233
1176854400 157 153 211 193
1176847200 149 147 201 181
1176840000 161 157 260 226
1176832800 180 174 275 246
1176825600 176 166 280 231
1176818400 149 151 189 183
1176811200 152 151 189 168
1176804000 165 158 226 286
1176796800 163 162 231 286
1176789600 151 149 203 200
1176782400 143 145 168 173
1176775200 143 145 181 176
1176768000 136 137 172 161
1176760800 159 150 255 176
1176753600 172 157 283 223
1176746400 156 151 191 191
1176739200 164 153 227 204
1176732000 143 146 191 177
1176724800 154 151 193 181
1176717600 148 149 186 193
1176710400 152 151 205 209
1176703200 166 166 222 220
1176696000 159 154 237 188
1176688800 142 149 176 211
1176681600 153 147 213 201
1176674400 151 147 204 195
1176667200 169 160 277 230
1176660000 169 155 242 216
1176652800 159 156 184 182
1176645600 153 148 182 172
1176638400 153 150 187 184
1176631200 149 149 178 173
1176624000 149 146 177 167
1176616800 148 145 185 154
1176609600 150 151 185 191
1176602400 141 140 175 155
1176595200 149 140 211 159
1176588000 147 136 197 158
1176580800 146 148 192 167
1176573600 150 149 238 198
1176566400 164 159 262 220
1176559200 178 176 329 307
1176552000 165 157 254 217
1176544800 158 157 225 211
1176537600 170 166 288 244
1176530400 168 161 246 225
1176523200 159 154 210 202
1176516000 159 152 180 189
1176508800 313 327 358 386
1176501600 363 335 406 374
1176494400 157 154 200 206
1176487200 157 156 223 218
1176480000 180 170 314 267
1176472800 160 155 240 217
1176465600 163 160 233 204
1176458400 185 185 247 239
1176451200 163 165 274 278
1176444000 179 171 275 238
1176436800 205 193 363 310
1176429600 166 157 270 229
1176422400 145 147 171 183
1176415200 184 189 265 286
1176408000 170 166 222 204
1176400800 157 155 265 230
1176393600 160 153 227 197
1176386400 164 159 217 206
1176379200 160 158 273 241
1176372000 157 155 191 195
1176364800 147 148 178 174
1176357600 142 146 173 172
1176350400 153 153 180 177
1176343200 147 146 167 178
1176336000 137 141 173 157
1176328800 157 166 188 234
1176321600 146 143 175 165
1176314400 157 148 198 167
1176307200 156 151 194 173
1176300000 150 144 183 166
1176292800 175 173 233 228
1176285600 146 146 194 171
1176278400 143 146 178 171
1176271200 166 165 217 235
1176264000 146 148 168 180
1176256800 146 146 214 180
1176249600 133 136 194 179
1176242400 151 159 230 251
1176235200 139 133 188 186
1176228000 142 135 173 169
1176220800 149 149 206 199
1176213600 140 142 190 168
1176206400 147 146 179 180
1176199200 142 136 167 167
1176192000 142 135 186 156
1176184800 144 144 172 181
1176177600 132 139 185 166
1176170400 157 156 206 192
1176163200 182 170 282 239
1176156000 206 205 320 323
1176148800 137 138 171 183
1176141600 156 149 226 182
1176134400 146 145 211 201
1176127200 128 135 172 156
1176120000 148 144 225 175
1176112800 141 140 203 196
1176105600 129 134 161 156
1176098400 148 139 233 166
1176091200 137 134 173 157
1176084000 132 136 163 175
1176076800 142 145 215 213
1176069600 175 175 270 288
1176062400 140 140 183 184
1176055200 145 145 188 198
1176048000 189 172 344 229
1176040800 164 154 268 238
1176033600 162 156 332 264
1176026400 143 139 176 157
1176019200 161 161 189 233
1176012000 145 144 208 206
1176004800 133 130 186 149
1175997600 135 130 167 153
1175990400 125 123 146 159
1175983200 133 147 164 227
1175976000 140 131 179 162
1175968800 137 135 176 159
1175961600 138 134 176 149
1175954400 141 136 170 159
1175947200 140 142 181 177
1175940000 152 144 252 183
1175932800 158 151 278 248
1175925600 151 134 215 148
1175918400 126 127 160 143
1175911200 129 128 287 247
1175904000 299 305 333 379
1175896800 309 316 337 387
1175889600 117 116 167 131
1175882400 129 126 161 147
1175875200 117 129 162 145
1175868000 132 128 209 191
1175860800 158 144 343 269
1175853600 116 119 149 142
1175846400 106 112 142 134
1175839200 64 65 143 129
1175832000 75 76 191 219
1175824800 231 235 378 321
1175817600 240 233 290 301
1175810400 247 236 332 299
1175803200 258 237 418 337
1175796000 221 226 284 270
1175788800 176 170 331 250
1175781600 187 187 356 312
1175774400 190 185 327 282
1175767200 185 174 286 246
1175760000 200 185 444 343
1175752800 177 172 253 229
1175745600 164 157 256 198
1175738400 158 172 320 341
1175731200 168 165 235 229
1175724000 166 180 279 308
1175716800 142 148 174 181
1175709600 155 153 283 222
1175702400 158 155 249 213
1175695200 149 152 175 175
1175688000 160 159 206 204
1175680800 189 195 229 248
1175673600 156 156 204 177
1175666400 158 154 203 204
1175659200 154 157 199 209
1175652000 146 152 195 199
1175644800 147 155 196 195
1175637600 164 162 243 219
1175630400 176 168 274 235
1175623200 175 170 329 269
1175616000 178 171 303 254
1175608800 164 160 264 215
1175601600 170 171 302 275
1175594400 180 174 307 274
1175587200 168 165 292 243
1175580000 153 154 208 205
1175572800 153 155 187 253
1175565600 153 160 197 253
1175558400 163 162 267 227
1175551200 189 192 289 285
1175544000 179 165 240 209
1175536800 146 154 178 194
1175529600 170 162 283 239
1175522400 168 167 318 290
1175515200 144 148 168 176
1175508000 153 156 308 271
1175500800 151 150 221 209
1175493600 149 155 203 215
1175486400 157 155 210 199
1175479200 151 150 207 196
1175472000 150 154 225 201
1175464800 199 201 365 363
1175457600 148 150 194 199
1175450400 194 170 361 243
1175443200 186 177 416 308
1175436000 171 162 257 223
1175428800 202 184 323 248
1175421600 192 205 294 255
1175414400 192 178 404 270
1175407200 165 160 260 220
1175400000 177 170 263 272
1175392800 143 149 250 318
1175385600 361 344 489 419
1175378400 317 288 373 301
1175371200 192 171 452 294
1175364000 206 171 510 252
1175356800 146 152 171 182
1175349600 179 169 288 231
1175342400 215 208 339 300
1175335200 268 251 357 340
1175328000 205 196 263 258
1175320800 157 154 254 228
1175313600 140 144 165 166
1175306400 171 170 300 251
1175299200 183 177 378 268
1175292000 172 174 274 230
1175284800 154 150 214 191
1175277600 158 154 197 193
1175270400 164 161 291 254
1175263200 138 144 166 171
1175256000 145 151 177 190
1175248800 148 153 181 184
1175241600 152 152 195 190
1175234400 155 153 199 189
1175227200 163 160 219 211
1175220000 154 152 247 219
1175212800 135 140 165 165
1175205600 172 174 254 270
1175198400 153 161 220 230
1175191200 160 162 257 232
1175184000 166 165 276 232
1175176800 164 160 268 224
1175169600 166 159 252 215
1175162400 153 156 204 215
1175155200 162 164 273 224
1175148000 145 151 180 194
1175140800 165 157 223 206
1175133600 152 150 202 191
1175126400 147 147 192 194
1175119200 173 175 276 286
1175112000 171 161 261 216
1175104800 184 174 349 297
1175097600 181 169 287 234
1175090400 162 160 249 227
1175083200 169 161 289 233
1175076000 181 164 286 227
1175068800 150 158 207 218
1175061600 160 158 235 205
1175054400 148 151 194 196
1175047200 147 152 312 268
1175040000 336 300 357 332
1175032800 338 324 434 390
1175025600 162 156 248 221
1175018400 166 165 254 227
1175011200 178 171 335 260
1175004000 155 152 241 215
1174996800 152 153 200 201
1174989600 170 160 254 220
1174982400 147 151 207 199
1174975200 146 148 209 198
1174968000 174 183 230 232
1174960800 227 215 328 313
1174953600 189 184 326 284
1174946400 203 193 382 318
1174939200 196 184 316 259
1174932000 178 169 286 235
1174924800 169 166 276 244
1174917600 164 161 261 226
1174910400 172 162 285 234
1174903200 171 160 278 222
1174896000 158 154 298 231
1174888800 152 149 190 195
1174881600 167 161 213 213
1174874400 130 137 181 186
1174867200 141 145 190 183
1174860000 176 177 267 257
1174852800 160 161 256 225
1174845600 162 155 279 225
1174838400 171 165 314 250
1174831200 137 144 167 170
1174824000 135 140 187 168
1174816800 144 140 196 157
1174809600 155 146 205 201
1174802400 146 146 180 181
1174795200 146 140 203 162
1174788000 134 141 180 188
1174780800 150 141 218 205
1174773600 159 170 268 288
1174766400 160 149 278 217
1174759200 163 161 245 211
1174752000 157 152 226 203
1174744800 170 157 271 233
1174737600 155 154 238 201
1174730400 145 149 212 208
1174723200 146 143 169 177
1174716000 148 145 303 229
1174708800 137 140 174 175
1174701600 135 139 166 189
1174694400 127 131 167 162
1174687200 194 187 379 336
1174680000 173 159 255 240
1174672800 145 144 261 223
1174665600 145 146 174 190
1174658400 145 143 182 177
1174651200 144 139 182 162
1174644000 136 137 160 175
1174636800 132 140 169 183
1174629600 143 142 170 184
1174622400 134 136 183 158
1174615200 120 132 144 166
1174608000 132 129 206 157
1174600800 158 176 293 302
1174593600 139 146 195 211
1174586400 152 149 193 196
1174579200 163 157 215 208
1174572000 133 142 162 172
1174564800 155 159 234 221
1174557600 160 159 224 198
1174550400 146 148 172 192
1174543200 144 151 218 210
1174536000 154 156 192 226
1174528800 158 166 417 310
1174521600 123 130 156 162
1174514400 170 173 261 273
1174507200 131 135 149 172
1174500000 141 139 185 168
1174492800 154 150 204 193
1174485600 161 152 213 183
1174478400 152 145 213 166
1174471200 144 147 179 191
1174464000 150 150 192 197
1174456800 137 141 187 176
1174449600 133 139 158 177
1174442400 136 144 176 236
1174435200 300 298 449 391
1174428000 299 286 312 342
1174420800 141 143 232 218
1174413600 222 226 260 277
1174406400 215 221 335 296
1174399200 198 181 405 304
1174392000 136 145 156 166
1174384800 140 147 175 170
1174377600 157 150 190 185
1174370400 148 141 181 155
1174363200 150 142 229 161
1174356000 127 131 153 152
1174348800 120 128 176 173
1174341600 157 164 262 276
1174334400 136 137 150 170
1174327200 160 151 287 223
1174320000 161 154 281 235
1174312800 155 149 267 210
1174305600 148 150 216 202
1174298400 142 145 209 199
1174291200 146 150 189 193
1174284000 155 164 193 237
1174276800 133 139 169 168
1174269600 124 133 160 167
1174262400 139 141 199 191
1174255200 155 176 259 301
1174248000 139 138 206 192
1174240800 134 143 195 190
1174233600 156 158 272 247
1174226400 145 148 173 185
1174219200 137 139 249 170
1174212000 148 145 204 169
1174204800 140 143 164 161
1174197600 171 163 279 239
1174190400 173 162 252 225
1174183200 135 136 181 185
1174176000 120 131 141 163
1174168800 164 166 258 266
1174161600 142 140 215 186
1174154400 129 136 163 171
1174147200 139 146 167 200
1174140000 141 142 168 154
1174132800 156 151 207 214
1174125600 133 136 177 156
1174118400 145 140 189 180
1174111200 139 144 162 158
1174104000 155 142 193 162
1174096800 123 129 158 153
1174089600 131 129 162 150
1174082400 206 193 443 358
1174075200 183 191 251 257
1174068000 156 167 238 268
1174060800 141 146 185 170
1174053600 164 149 212 178
1174046400 139 141 172 160
1174039200 154 154 219 188
1174032000 144 147 179 189
1174024800 149 147 191 177
1174017600 139 141 160 179
1174010400 138 139 199 165
1174003200 139 144 172 184
1173996000 148 158 181 224
1173988800 141 144 232 212
1173981600 149 152 245 211
1173974400 161 159 297 236
1173967200 157 153 287 233
1173960000 150 150 247 227
1173952800 137 136 189 161
1173945600 138 141 176 168
1173938400 154 161 200 204
1173931200 157 151 207 204
1173924000 139 137 176 179
1173916800 129 132 158 165
1173909600 169 176 274 277
1173902400 161 148 337 202
1173895200 173 167 341 260
1173888000 186 180 304 268
1173880800 167 163 302 259
1173873600 150 154 204 196
1173866400 166 167 240 207
1173859200 159 160 228 217
1173852000 167 165 235 227
1173844800 162 160 211 184
1173837600 138 144 184 179
1173830400 325 329 479 434
1173823200 282 280 300 308
1173816000 147 147 214 205
1173808800 189 189 320 262
1173801600 200 193 340 323
1173794400 205 208 484 292
1173787200 182 175 283 241
1173780000 151 142 195 155
1173772800 134 138 162 174
1173765600 129 150 151 197
1173758400 141 140 187 175
1173751200 134 138 187 190
1173744000 130 134 171 179
1173736800 164 170 305 285
1173729600 159 155 251 237
1173722400 175 167 327 270
1173715200 167 164 280 246
1173708000 168 158 281 226
1173700800 156 149 233 209
1173693600 142 143 188 194
1173686400 148 145 171 185
1173679200 139 142 226 174
1173672000 132 135 149 166
1173664800 129 133 149 167
1173657600 113 124 132 156
1173650400 168 174 254 267
1173643200 148 141 243 205
1173636000 155 150 267 212
1173628800 177 159 262 222
1173621600 179 172 302 252
1173614400 145 147 191 190
1173607200 157 148 263 219
1173600000 147 150 212 209
1173592800 154 151 192 182
1173585600 136 142 154 180
1173578400 145 143 220 203
1173571200 124 131 152 163
1173564000 181 179 314 303
1173556800 151 146 225 192
1173549600 157 151 215 200
1173542400 166 160 308 255
1173535200 181 177 331 286
1173528000 147 151 189 172
1173520800 140 137 189 178
1173513600 137 136 154 160
1173506400 132 135 183 166
1173499200 148 145 219 201
1173492000 152 145 225 206
1173484800 123 132 152 155
1173477600 206 201 438 360
1173470400 135 141 167 178
1173463200 130 139 164 175
1173456000 137 146 178 191
1173448800 162 160 387 297
1173441600 136 139 160 166
1173434400 134 138 165 169
1173427200 137 138 170 168
1173420000 143 141 175 170
1173412800 127 133 154 160
1173405600 135 131 164 153
1173398400 128 128 169 170
1173391200 183 184 311 306
1173384000 143 141 190 177
1173376800 156 154 242 208
1173369600 139 139 173 171
1173362400 137 140 158 158
1173355200 139 139 194 168
1173348000 130 130 175 146
1173340800 138 141 161 173
1173333600 146 145 190 197
1173326400 135 139 184 170
1173312000 140 141 408 377
1173225600 152 147 377 341
1173139200 116 116 302 256
1173052800 114 116 296 226
1172966400 137 140 300 246
1172880000 160 160 401 290
1172793600 150 153 294 284
1172707200 179 173 401 374
1172620800 170 171 440 416
1172534400 140 140 301 265
1172448000 148 143 331 294
1172361600 140 142 333 257
1172275200 147 144 331 314
1172188800 154 152 323 273
1172102400 144 141 299 262
1172016000 168 165 406 348
1171929600 164 161 474 439
1171843200 149 146 292 254
1171756800 156 154 301 325
1171670400 142 143 341 302
1171584000 142 142 310 248
1171497600 159 153 329 273
1171411200 164 161 456 333
1171324800 130 133 203 216
1171238400 135 133 236 241
1171152000 132 136 191 212
1171065600 145 146 322 293
1170979200 142 142 294 286
1170892800 139 140 306 285
1170806400 166 166 418 403
1170720000 136 137 316 264
1170633600 141 143 261 265
1170547200 137 140 294 273
1170460800 135 139 304 281
1170374400 130 134 293 305
1170288000 155 154 399 373
1170201600 127 131 357 251
1170115200 130 135 345 242
1170028800 130 132 227 212
1169942400 144 147 303 359
1169856000 139 139 299 296
1169769600 128 133 227 217
1169683200 138 141 380 323
1169596800 128 132 185 224
1169510400 128 133 200 206
1169424000 128 131 222 242
1169337600 165 162 420 386
1169251200 140 141 332 334
1169164800 127 132 208 213
1169078400 126 128 288 206
1168992000 132 134 220 211
1168905600 126 131 215 195
1168819200 137 138 373 255
1168732800 164 162 397 374
1168646400 140 143 398 283
1168560000 124 124 227 252
1168473600 140 136 411 317
1168387200 136 134 347 291
1168300800 142 138 314 248
1168214400 147 142 299 252
1168128000 162 163 339 375
1168041600 176 176 303 317
1167955200 163 153 338 258
1167868800 155 149 418 387
1167782400 161 153 366 316
1167696000 145 140 277 228
1167609600 154 153 393 364
1167523200 149 142 329 277
1167436800 154 155 339 326
1167350400 144 143 334 345
1167264000 163 160 409 389
1167177600 142 138 269 233
1167091200 177 172 330 268
1167004800 168 163 414 343
1166918400 161 153 336 298
1166832000 144 142 319 314
1166745600 154 149 362 336
1166659200 161 159 361 394
1166572800 142 138 436 393
1166486400 138 134 365 290
1166400000 134 133 373 290
1166313600 128 129 300 269
1166227200 164 158 356 287
1166140800 143 138 293 301
1166054400 162 160 416 405
1165968000 136 137 356 338
1165881600 171 168 349 352
1165795200 193 185 405 356
1165708800 142 141 326 298
1165622400 132 131 280 252
1165536000 139 135 350 323
1165449600 152 153 375 394
1165363200 136 133 340 330
1165276800 154 149 353 331
1165190400 138 135 375 330
1165104000 130 129 317 249
1165017600 132 132 381 328
1164931200 163 162 388 393
1164844800 146 141 330 275
1164758400 131 130 387 327
1164672000 197 191 362 379
1164585600 125 121 353 287
1164499200 133 130 337 279
1164412800 138 133 340 310
1164326400 139 135 394 333
1164240000 126 126 246 208
1164153600 139 135 263 233
1164067200 153 150 346 381
1163980800 127 126 313 263
1163894400 126 122 780 620
1163808000 138 137 349 317
1163721600 163 158 383 378
1163635200 104 104 292 263
1163548800 147 142 424 416
1163462400 99 100 275 277
1163376000 121 118 384 335
1163289600 111 104 292 267
1163203200 114 113 315 267
1163116800 144 141 330 351
1163030400 106 102 446 293
1162944000 108 105 299 228
1162857600 137 137 368 375
1162771200 120 117 353 273
1162684800 127 123 285 257
1162598400 132 125 331 263
1162512000 178 178 422 418
1162425600 118 114 290 307
1162339200 150 146 374 385
1162252800 108 106 299 236
1162166400 114 112 291 225
1162080000 127 123 278 234
1161993600 143 142 345 374
1161907200 114 110 305 246
1161820800 105 104 309 287
1161734400 98 96 244 239
1161648000 101 99 211 188
1161561600 113 111 291 233
1161475200 115 114 283 242
1161388800 137 135 401 381
1161302400 109 108 295 211
1161216000 112 108 332 280
1161129600 114 113 393 387
1161043200 125 122 365 363
1160956800 120 117 354 381
1160870400 109 108 389 380
1160784000 134 131 385 366
1160697600 131 128 354 367
1160611200 121 117 354 318
1160524800 166 161 401 378
1160438400 130 127 337 352
1160352000 142 139 349 355
1160265600 139 136 381 357
1160179200 137 133 501 467
1160092800 136 130 354 362
1160006400 123 121 409 366
1159920000 126 121 395 409
1159833600 117 114 365 363
1159747200 116 112 353 358
1159660800 109 108 373 372
1159574400 112 118 405 352
1159488000 126 129 364 398
1159401600 218 224 428 380
1159315200 219 223 664 636
1159228800 119 122 401 332
1159142400 131 134 485 392
1159056000 98 103 215 210
1158969600 126 128 421 353
1158883200 116 119 403 334
1158796800 108 114 368 327
1158710400 102 109 377 317
1158624000 116 120 347 307
1158537600 111 117 379 336
1158451200 104 110 343 303
1158364800 104 109 388 313
1158278400 101 105 360 302
1158192000 98 105 270 301
1158105600 113 115 389 365
1158019200 200 195 444 360
1157932800 206 195 423 354
1157846400 209 201 436 378
1157760000 183 175 429 362
1157673600 184 181 403 387
1157587200 168 165 468 421
1157500800 190 185 403 382
1157414400 170 161 525 480
1157328000 178 174 402 388
1157241600 191 190 453 389
1157155200 215 203 427 365
1157068800 219 213 426 363
1156982400 248 244 452 397
1156896000 237 236 518 503
1156809600 168 169 429 372
1156723200 169 174 394 377
1156636800 174 179 415 368
1156550400 166 173 410 413
1156464000 182 184 437 364
1156377600 164 164 430 400
1156291200 145 147 357 358
1156204800 169 173 404 369
1156118400 190 196 404 423
1156032000 165 164 436 398
1155945600 175 174 506 447
1155859200 197 197 454 394
1155772800 194 194 447 388
1155686400 176 173 494 481
1155600000 171 172 507 454
1155513600 155 157 441 413
1155427200 155 152 455 392
1155340800 161 160 448 412
1155254400 122 119 420 375
1155168000 130 136 422 367
1155081600 122 128 344 327
1154995200 136 141 359 358
1154908800 126 133 325 340
1154822400 130 139 399 355
1154736000 135 144 368 369
1154649600 110 114 420 398
1154563200 108 112 395 340
1154476800 104 107 454 386
1154390400 99 101 340 315
1154304000 98 102 375 328
1154217600 100 103 339 293
1154131200 118 122 511 432
1154044800 104 107 375 320
1153958400 109 113 358 341
1153872000 100 106 349 309
1153785600 101 101 385 325
1153699200 94 98 249 289
1153612800 91 93 264 288
1153526400 116 118 383 362
1153440000 121 123 482 462
1153353600 118 119 394 376
1153267200 123 123 348 379
1153180800 103 99 351 320
1153094400 101 100 296 316
1153008000 105 100 328 332
1152921600 96 94 338 317
1152835200 97 94 309 311
1152748800 102 98 321 308
1152662400 106 104 367 364
1152576000 80 89 242 296
1152489600 82 87 248 307
1152403200 78 88 237 289
1152316800 82 89 256 313
1152230400 100 100 279 294
1152144000 97 102 372 338
1152057600 111 111 420 353
1151971200 106 107 428 355
1151884800 94 93 281 250
1151798400 131 126 392 364
1151712000 144 141 469 451
1151625600 134 132 359 350
1151539200 167 165 446 390
1151452800 145 146 344 373
1151366400 139 138 371 392
1151280000 141 135 376 380
1151193600 134 131 448 393
1151107200 122 117 351 367
1151020800 131 131 358 379
1150934400 130 125 444 377
1150848000 118 120 395 381
1150761600 141 138 456 380
1150675200 147 141 357 358
1150588800 130 129 379 377
1150502400 151 149 412 378
1150416000 156 153 404 350
1150329600 115 125 381 334
1150243200 120 128 380 343
1150156800 129 130 354 364
1150070400 97 102 257 284
1149984000 94 101 225 275
1149897600 93 97 229 277
1149811200 93 96 247 268
1149724800 128 126 433 368
1149638400 130 128 370 367
1149552000 135 135 411 379
1149465600 102 107 266 273
1149379200 131 128 442 359
1149292800 129 126 308 344
1149206400 120 115 387 346
1149120000 88 85 260 258
1149033600 94 93 310 288
1148947200 96 93 326 304
1148860800 99 96 293 294
1148774400 106 104 338 328
1148688000 112 109 329 321
1148601600 115 114 384 360
1148515200 115 113 383 348
1148428800 125 126 330 342
1148342400 89 91 255 273
1148256000 87 90 254 272
1148169600 88 89 251 274
1148083200 86 88 238 268
1147996800 87 89 261 277
1147910400 81 82 247 266
1147824000 87 88 253 272
1147737600 82 82 247 268
1147651200 114 115 401 364
1147564800 111 113 368 358
1147478400 102 103 375 329
1147392000 108 106 356 336
1147305600 92 89 299 292
1147219200 113 111 360 336
1147132800 114 113 389 362
1147046400 102 101 369 349
1146960000 98 98 362 326
1146873600 102 101 385 341
1146787200 101 99 356 342
1146700800 97 97 346 324
1146614400 97 94 336 300
1146528000 88 89 288 262
1146441600 79 78 309 257
1146355200 96 95 301 297
1146268800 100 96 343 313
1146182400 91 89 296 283
1146096000 90 89 278 256
1146009600 97 93 319 313
1145923200 90 91 278 285
1145836800 103 98 941 581
1145750400 96 94 272 271
1145664000 144 144 453 439
1145577600 109 109 350 345
1145491200 135 135 394 335
1145404800 126 128 397 355
1145318400 131 131 413 379
1145232000 121 122 413 365
1145145600 133 133 402 340
1145059200 131 128 399 350
1144972800 116 120 393 336
1144886400 121 119 417 362
1144800000 125 125 383 331
1144713600 119 119 477 399
1144627200 116 117 430 369
1144540800 113 116 380 347
1144454400 114 112 365 323
1144368000 113 114 373 344
1144281600 113 114 361 327
1144195200 122 123 401 348
1144108800 133 132 421 356
1144022400 132 132 364 342
1143936000 117 120 378 351
1143849600 121 120 377 312
1143763200 129 130 372 334
1143676800 125 126 366 367
1143590400 143 143 445 372
1143504000 141 141 395 345
1143417600 130 130 410 360
1143331200 123 124 348 355
1143244800 109 108 409 338
1143158400 101 103 351 316
1143072000 120 121 428 360
1142985600 152 148 440 381
1142899200 105 105 370 344
1142812800 119 119 424 381
1142726400 117 117 462 391
1142640000 180 180 605 549
1142553600 107 101 180 153
1142467200 91 89 251 214
1142380800 88 87 223 208
1142294400 90 87 237 210
1142208000 82 82 244 212
1142121600 83 80 218 210
1142035200 86 84 219 209
1141948800 82 81 222 207
1141862400 72 79 224 208
1141776000 63 76 63 76
1141689600 63 76 63 76
1141603200 63 76 63 76
1141516800 63 76 63 76
1141430400 63 75 105 98
1141344000 70 68 235 209
1141257600 70 69 188 162
1141171200 75 74 271 227
1141084800 94 93 209 208
1140998400 84 81 241 214
1140912000 76 75 200 208
1140825600 82 79 207 213
1140739200 81 78 209 215
1140652800 78 77 246 217
1140566400 70 67 215 213
1140480000 92 90 261 220
1140393600 77 74 209 210
1140307200 79 75 213 215
1140220800 94 82 221 212
1140134400 101 87 294 237
1140048000 109 96 265 240
1139961600 109 96 289 236
1139875200 117 101 286 245
1139788800 120 103 300 240
1139702400 108 92 271 232
1139616000 105 90 279 219
1139529600 59 51 226 199
1139443200 0 0 0 0
1139356800 0 0 0 0
1139270400 0 0 0 0
1139184000 0 0 0 0
1139097600 0 0 0 0
1139011200 0 0 0 0
1138924800 0 0 0 0
1138838400 0 0 0 0
1138752000 0 0 0 0
1138665600 0 0 0 0
1138579200 0 0 0 0
1138492800 0 0 0 0
1138406400 0 0 0 0
1138320000 0 0 0 0
1138233600 0 0 0 0
1138147200 0 0 0 0
1138060800 0 0 0 0
1137974400 0 0 0 0
1137888000 0 0 0 0
1137801600 0 0 0 0
1137715200 0 0 0 0
1137628800 0 0 0 0
1137542400 0 0 0 0
1137456000 0 0 0 0
1137369600 0 0 0 0
1137283200 0 0 0 0
1137196800 0 0 0 0
1137110400 0 0 0 0
1137024000 0 0 0 0
1136937600 0 0 0 0
1136851200 0 0 0 0
1136764800 0 0 0 0
1136678400 0 0 0 0
1136592000 0 0 0 0
1136505600 0 0 0 0
1136419200 0 0 0 0
1136332800 0 0 0 0
1136246400 0 0 0 0
1136160000 0 0 0 0
1136073600 0 0 0 0
1135987200 0 0 0 0
1135900800 0 0 0 0
1135814400 0 0 0 0
1135728000 0 0 0 0
1135641600 0 0 0 0
1135555200 0 0 0 0
1135468800 0 0 0 0
1135382400 0 0 0 0
1135296000 0 0 0 0
1135209600 0 0 0 0
1135123200 0 0 0 0
1135036800 0 0 0 0
1134950400 0 0 0 0
1134864000 0 0 0 0
1134777600 0 0 0 0
1134691200 0 0 0 0
1134604800 0 0 0 0
1134518400 0 0 0 0
1134432000 0 0 0 0
1134345600 0 0 0 0
1134259200 0 0 0 0
1134172800 0 0 0 0
1134086400 0 0 0 0
1134000000 0 0 0 0
1133913600 0 0 0 0
1133827200 0 0 0 0
1133740800 0 0 0 0
1133654400 0 0 0 0
1133568000 0 0 0 0
1133481600 0 0 0 0
1133395200 0 0 0 0
1133308800 0 0 0 0
1133222400 0 0 0 0
1133136000 0 0 0 0
1133049600 0 0 0 0
1132963200 0 0 0 0
1132876800 0 0 0 0
1132790400 0 0 0 0
1132704000 0 0 0 0
1132617600 0 0 0 0
1132531200 0 0 0 0
1132444800 0 0 0 0
1132358400 0 0 0 0
1132272000 0 0 0 0
1132185600 0 0 0 0
1132099200 0 0 0 0
1132012800 0 0 0 0
1131926400 0 0 0 0
1131840000 0 0 0 0
1131753600 0 0 0 0
1131667200 0 0 0 0
1131580800 0 0 0 0
1131494400 0 0 0 0
1131408000 0 0 0 0
1131321600 0 0 0 0
1131235200 0 0 0 0
1131148800 0 0 0 0
1131062400 0 0 0 0
1130976000 0 0 0 0
1130889600 0 0 0 0
1130803200 0 0 0 0
1130716800 0 0 0 0
1130630400 0 0 0 0
1130544000 0 0 0 0
1130457600 0 0 0 0
1130371200 0 0 0 0
1130284800 0 0 0 0
1130198400 0 0 0 0
1130112000 0 0 0 0
1130025600 0 0 0 0
1129939200 0 0 0 0
1129852800 0 0 0 0
1129766400 0 0 0 0
1129680000 0 0 0 0
1129593600 0 0 0 0
1129507200 0 0 0 0
1129420800 0 0 0 0
1129334400 0 0 0 0
1129248000 0 0 0 0
1129161600 0 0 0 0
1129075200 0 0 0 0
1128988800 0 0 0 0
1128902400 0 0 0 0
1128816000 0 0 0 0
1128729600 0 0 0 0
1128643200 0 0 0 0
1128556800 0 0 0 0
1128470400 0 0 0 0
1128384000 0 0 0 0
1128297600 0 0 0 0
1128211200 0 0 0 0
1128124800 0 0 0 0
1128038400 0 0 0 0
1127952000 0 0 0 0
1127865600 0 0 0 0
1127779200 0 0 0 0
1127692800 0 0 0 0
1127606400 0 0 0 0
1127520000 0 0 0 0
1127433600 0 0 0 0
1127347200 0 0 0 0
1127260800 0 0 0 0
1127174400 0 0 0 0
1127088000 0 0 0 0
1127001600 0 0 0 0
1126915200 0 0 0 0
1126828800 0 0 0 0
1126742400 0 0 0 0
1126656000 0 0 0 0
1126569600 0 0 0 0
1126483200 0 0 0 0
1126396800 0 0 0 0
1126310400 0 0 0 0
1126224000 0 0 0 0
1126137600 0 0 0 0
1126051200 0 0 0 0
1125964800 0 0 0 0
1125878400 0 0 0 0
1125792000 0 0 0 0
1125705600 0 0 0 0
1125619200 0 0 0 0
1125532800 0 0 0 0
1125446400 0 0 0 0
1125360000 0 0 0 0
1125273600 0 0 0 0
1125187200 0 0 0 0
1125100800 0 0 0 0
1125014400 0 0 0 0
1124928000 0 0 0 0
1124841600 0 0 0 0
1124755200 0 0 0 0
1124668800 0 0 0 0
1124582400 0 0 0 0
1124496000 0 0 0 0
1124409600 0 0 0 0
1124323200 0 0 0 0
1124236800 0 0 0 0
1124150400 0 0 0 0
1124064000 0 0 0 0
1123977600 0 0 0 0
1123891200 0 0 0 0
1123804800 0 0 0 0
1123718400 0 0 0 0
1123632000 0 0 0 0
1123545600 0 0 0 0
1123459200 0 0 0 0
1123372800 0 0 0 0
1123286400 0 0 0 0
1123200000 0 0 0 0
1123113600 0 0 0 0
1123027200 0 0 0 0
1122940800 0 0 0 0
1122854400 0 0 0 0
1122768000 0 0 0 0
1122681600 0 0 0 0
1122595200 0 0 0 0
1122508800 0 0 0 0
1122422400 0 0 0 0
1122336000 0 0 0 0
1122249600 0 0 0 0
1122163200 0 0 0 0
1122076800 0 0 0 0
1121990400 0 0 0 0
1121904000 0 0 0 0
1121817600 0 0 0 0
1121731200 0 0 0 0
1121644800 0 0 0 0
1121558400 0 0 0 0
1121472000 0 0 0 0
1121385600 0 0 0 0
1121299200 0 0 0 0
1121212800 0 0 0 0
1121126400 0 0 0 0
1121040000 0 0 0 0
1120953600 0 0 0 0
1120867200 0 0 0 0
1120780800 0 0 0 0
1120694400 0 0 0 0
1120608000 0 0 0 0
1120521600 0 0 0 0
1120435200 0 0 0 0
1120348800 0 0 0 0
1120262400 0 0 0 0
1120176000 0 0 0 0
1120089600 0 0 0 0
1120003200 0 0 0 0
1119916800 0 0 0 0
1119830400 0 0 0 0
1119744000 0 0 0 0
1119657600 0 0 0 0
1119571200 0 0 0 0
1119484800 0 0 0 0
1119398400 0 0 0 0
1119312000 0 0 0 0
1119225600 0 0 0 0
1119139200 0 0 0 0
1119052800 0 0 0 0
1118966400 0 0 0 0
1118880000 0 0 0 0
1118793600 0 0 0 0
1118707200 0 0 0 0
1118620800 0 0 0 0
1118534400 0 0 0 0
1118448000 0 0 0 0
1118361600 0 0 0 0
1118275200 0 0 0 0
1118188800 0 0 0 0
1118102400 0 0 0 0
1118016000 0 0 0 0
1117929600 0 0 0 0
1117843200 0 0 0 0
1117756800 0 0 0 0
1117670400 0 0 0 0
1117584000 0 0 0 0
1117497600 0 0 0 0
1117411200 0 0 0 0
1117324800 0 0 0 0
1117238400 0 0 0 0
1117152000 0 0 0 0
1117065600 0 0 0 0
1116979200 0 0 0 0
1116892800 0 0 0 0
1116806400 0 0 0 0
1116720000 0 0 0 0
1116633600 0 0 0 0
1116547200 0 0 0 0
1116460800 0 0 0 0
1116374400 0 0 0 0
1116288000 0 0 0 0
1116201600 0 0 0 0
1116115200 0 0 0 0
1116028800 0 0 0 0
1115942400 0 0 0 0
1115856000 0 0 0 0
1115769600 0 0 0 0
1115683200 0 0 0 0
1115596800 0 0 0 0
1115510400 0 0 0 0
1115424000 0 0 0 0
1115337600 0 0 0 0
1115251200 0 0 0 0
1115164800 0 0 0 0
1115078400 0 0 0 0
1114992000 0 0 0 0
1114905600 0 0 0 0
1114819200 0 0 0 0
1114732800 0 0 0 0
1114646400 0 0 0 0
1114560000 0 0 0 0
1114473600 0 0 0 0
1114387200 0 0 0 0
1114300800 0 0 0 0
1114214400 0 0 0 0
1114128000 0 0 0 0
1114041600 0 0 0 0
1113955200 0 0 0 0
1113868800 0 0 0 0
1113782400 0 0 0 0
1113696000 0 0 0 0
1113609600 0 0 0 0
1113523200 0 0 0 0
1113436800 0 0 0 0
1113350400 0 0 0 0
1113264000 0 0 0 0
1113177600 0 0 0 0
1113091200 0 0 0 0
1113004800 0 0 0 0
1112918400 0 0 0 0
1112832000 0 0 0 0
1112745600 0 0 0 0
1112659200 0 0 0 0
1112572800 0 0 0 0
1112486400 0 0 0 0
1112400000 0 0 0 0
1112313600 0 0 0 0
1112227200 0 0 0 0
1112140800 0 0 0 0
1112054400 0 0 0 0
1111968000 0 0 0 0
1111881600 0 0 0 0
1111795200 0 0 0 0
1111708800 0 0 0 0
1111622400 0 0 0 0
1111536000 0 0 0 0
1111449600 0 0 0 0
1111363200 0 0 0 0
1111276800 0 0 0 0
1111190400 0 0 0 0
1111104000 0 0 0 0
1111017600 0 0 0 0
1110931200 0 0 0 0
1110844800 0 0 0 0
1110758400 0 0 0 0
1110672000 0 0 0 0
1110585600 0 0 0 0
1110499200 0 0 0 0
1110412800 0 0 0 0
1110326400 0 0 0 0
1110240000 0 0 0 0
1110153600 0 0 0 0
