1044762001 897395123 24456830
1044762001 1 6 1 6
1044761700 1 83 2 84
1044761400 0 2 0 2
1044761100 1 11 1 11
1044760800 1 15 4 16
1044760500 4 8 4 8
1044760200 0 25 17 32
1044759900 17 32 17 32
1044759600 1 43 1 43
1044759300 0 17 0 17
1044759000 1 16 1 16
1044758700 3 10 4 10
1044758400 1 10 1 10
1044758100 0 16 1 59
1044757800 0 59 0 59
1044757500 823 87 823 87
1044757200 4131 179 4131 179
1044756900 326 127 326 127
1044756600 186 40 187 41
1044756300 14 18 14 18
1044756000 0 40 1 41
1044755700 0 36 0 36
1044755400 1 23 1 23
1044755100 3 5 4 8
1044754800 0 8 0 8
1044754500 1 20 1 21
1044754200 1 17 1 17
1044753900 5 58 5 58
1044753600 1 4 1 4
1044753300 0 6 0 6
1044753000 0 19 2 20
1044752700 2 6 2 6
1044752400 0 21 1 29
1044752100 1 29 1 29
1044751800 1 36 1 36
1044751500 3 17 3 17
1044751200 0 3 0 3
1044750900 1 18 2 19
1044750600 0 6 0 6
1044750300 1 25 1 25
1044750000 1 44 1 44
1044749700 0 8 0 8
1044749400 0 9 2 16
1044749100 2 16 2 16
1044748800 0 11 1 17
1044748500 1 17 1 17
1044748200 1 53 1 53
1044747900 3 6 3 6
1044747600 0 15 0 15
1044747300 0 11 1 12
1044747000 0 7 0 7
1044746700 0 17 1 20
1044746400 1 20 1 20
1044746100 0 45 0 45
1044745800 6 14 7 15
1044745500 3 4 3 4
1044745200 0 22 1 23
1044744900 1 3 1 3
1044744600 1 17 1 17
1044744300 4 55 4 55
1044744000 0 4 0 4
1044743700 0 22 1 23
1044743400 0 1 0 1
1044743100 1 18 1 19
1044742800 1 10 1 10
1044742500 0 25 0 64
1044742200 0 64 0 64
1044741900 1659 2192 1665 2200
1044741600 1 15 1 15
1044741300 1 13 1 13
1044741000 1 7 1 7
1044740700 4 27 4 27
1044740400 1 41 1 42
1044740100 1 14 1 14
1044739800 0 11 0 12
1044739500 0 11 0 11
1044739200 800 703 800 703
1044738900 1 10 2 31
1044738600 0 31 0 31
1044738300 2 42 2 42
1044738000 1 12 1 12
1044737700 6 7 6 7
1044737400 4 15 4 15
1044737100 6 12 7 27
1044736800 0 27 0 27
1044736500 0 67 1 68
1044736200 0 0 0 0
1044735900 0 24 0 24
1044735600 1 5 2 13
1044735300 1 13 1 13
1044735000 19 20 20 28
1044734700 2 28 2 28
1044734400 6 44 6 44
1044734100 0 2 0 2
1044733800 2 10 2 10
1044733500 3 18 4 19
1044733200 1 4 1 4
1044732900 73 59 74 60
1044732600 13 41 13 41
1044732300 0 10 0 10
1044732000 0 15 1 16
1044731700 1 2 1 2
1044731400 0 22 1 23
1044731100 0 6 1 79
1044730800 0 79 0 79
1044730500 1 14 2 15
1044730200 0 10 0 10
1044729900 3 11 3 11
1044729600 1 12 1 12
1044729300 0 14 0 14
1044729000 0 27 9 43
1044728700 9 43 9 43
1044728400 1 8 13 22
1044728100 13 22 13 22
1044727800 0 13 0 13
1044727500 24 22 25 23
1044727200 0 15 0 15
1044726900 0 44 0 45
1044726600 0 16 0 16
1044726300 4 11 4 11
1044726000 0 4 0 4
1044725700 0 23 0 23
1044725400 0 2 3 60
1044725100 3 60 3 60
1044724800 0 37 5 38
1044724500 5 4 5 4
1044724200 0 26 0 26
1044723900 9 41 9 41
1044723600 2 24 2 24
1044723300 1 11 11 48
1044723000 11 48 11 48
1044722700 54 53 55 54
1044722400 11 9 11 9
1044722100 1 15 1 15
1044721800 1 9 35 21
1044721500 35 21 35 21
1044721200 41 57 42 58
1044720900 1 30 1 30
1044720600 2 14 2 14
1044720300 1 13 1 14
1044720000 1 12 1 12
1044719700 2 16 2 16
1044719400 1 22 1 22
1044719100 4 61 4 61
1044718800 1 13 2 15
1044718500 2 15 2 15
1044718200 1 5 1 12
1044717900 1 12 1 12
1044717600 2 11 2 11
1044717300 49 53 50 54
1044717000 1 35 1 35
1044716700 6 7 7 23
1044716400 1 23 1 23
1044716100 1 4 1 4
1044715800 5 15 5 15
1044715500 9 36 9 36
1044715200 0 32 28 34
1044714900 28 34 28 34
1044714600 24988 579 34118 848
1044714300 34118 848 34118 848
1044714000 36026 889 36026 889
1044713700 36313 898 36313 898
1044713400 33235 844 33235 844
1044713100 7608 299 7634 300
1044712800 53 39 53 39
1044712500 2 18 3 19
1044712200 0 2 0 2
1044711900 6 39 6 39
1044711600 0 20 0 133
1044711300 0 133 0 133
1044711000 1 20 1 21
1044710700 1 4 1 4
1044710400 0 8 0 8
1044710100 1 20 1 20
1044709800 1 7 1 7
1044709500 0 87 1 88
1044709200 1 3 1 3
1044708900 3 8 4 28
1044708600 1 28 1 28
1044708300 6 7 6 7
1044708000 172 27 51775 1442
1044707700 51775 1442 51775 1442
1044707400 170317 4789 171460 63281
1044707100 20 63070 20 63281
1044706800 20 22 20 22
1044706500 23 25 23 25
1044706200 1 11 2 26
1044705900 2 26 2 26
1044705600 20 52 730 180
1044705300 730 180 779 205
1044705000 779 205 779 205
1044704700 359 157 361 158
1044704400 0 9 0 9
1044704100 6 30 147 143
1044703800 147 143 147 143
1044703500 147 143 147 143
1044703200 147 143 147 143
1044702900 147 143 147 143
1044702600 0 11 0 11
1044702300 0 25 0 25
1044702000 0 18 0 18
1044701700 0 45 2 46
1044701400 2 24 2 24
1044701100 2 13 3 119
1044700800 3 119 3 119
1044700500 0 6 0 6
1044700200 4 25 5 26
1044699900 1 26 1 26
1044699600 2 34 3 35
1044699300 0 12 0 12
1044699000 5 21 1777 1186
1044698700 1777 1186 1777 1186
1044698400 0 13 0 30
1044698100 0 30 0 30
1044697800 0 55 0 56
1044697500 0 21 0 21
1044697200 0 3 0 3
1044696900 1 21 4 22
1044696600 4 15 4 15
1044696300 0 15 3 87
1044696000 3 87 3 87
1044695700 0 4 0 4
1044695400 0 31 0 31
1044695100 1 4 1 4
1044694800 0 7 0 28
1044694500 0 28 0 28
1044694200 1 28 47 171
1044693900 47 171 47 171
1044693600 102 64 102 64
1044693300 6299 276 6320 277
1044693000 106 70 106 70
1044692700 0 3 0 25
1044692400 0 25 0 25
1044692100 0 162 0 162
1044691800 865 46 254219 6353
1044691500 254219 6353 254219 6353
1044691200 254219 6353 254219 6353
1044690900 253380 6333 254219 6353
1044690600 2815 577 2815 577
1044690300 36 50 36 50
1044690000 39 49 39 49
1044689700 0 11 0 11
1044689400 0 153 0 154
1044689100 0 1 0 1
1044688800 0 12 0 27
1044688500 0 27 0 27
1044688200 1 35 1 35
1044687900 1 7 1 8
1044687600 1 7 1 7
1044687300 2 31 3 32
1044687000 2 13 2 13
1044686700 2 12 2 12
1044686400 3 39 3 39
1044686100 1 31 1 31
1044685800 0 15 1 16
1044685500 0 10 0 10
1044685200 0 5 2 22
1044684900 2 22 2 22
1044684600 8 19 8 19
1044684300 0 49 0 49
1044684000 1 9 1 9
1044683700 6 6 40 35
1044683400 40 35 40 35
1044683100 11 4 22 17
1044682800 22 17 22 17
1044682500 9 41 9 41
1044682200 3 27 4 28
1044681900 3 22 3 22
1044681600 3 7 4 10
1044681300 3 10 3 10
1044681000 8 19 8 19
1044680700 3 33 3 33
1044680400 17060 444 17060 444
1044680100 13219 364 13263 366
1044679800 75 41 75 41
1044679500 36 22 37 22
1044679200 7 22 7 22
1044678900 3 22 3 22
1044678600 4 58 4 58
1044678300 8 25 8 25
1044678000 3 21 5 36
1044677700 5 36 5 36
1044677400 4 17 5 20
1044677100 3 20 3 20
1044676800 703 65 703 65
1044676500 3 45 4 46
1044676200 4 24 4 24
1044675900 48 41 6433 196
1044675600 6433 196 6433 196
1044675300 78 67 78 67
1044675000 4 22 4 22
1044674700 3 71 3 71
1044674400 3 9 3 16
1044674100 3 16 3 16
1044673800 4 44 5 45
1044673500 3 5 3 5
1044673200 4 31 4 31
1044672900 4 21 4 21
1044672600 3 86 3 86
1044672300 3 26 3 32
1044672000 3 32 3 32
1044671700 3 20 4 21
1044671400 4 19 4 19
1044671100 5 19 5 19
1044670800 3 59 4 60
1044670500 4 4 4 4
1044670200 479 31 139787 3604
1044669900 139787 3604 139787 3604
1044669600 50 41 59 90
1044669300 59 90 59 90
1044669000 48 55 48 55
1044668700 34 59 110 79
1044668400 110 79 110 79
1044668100 86 89 87 151
1044667800 76 151 76 151
1044667500 0 4 0 4
1044667200 0 35 0 35
1044666900 1 45 1 45
1044666600 2 3 3 20
1044666300 0 20 0 20
1044666000 11 12 18 22
1044665700 18 22 18 22
1044665400 21 26 21 26
1044665100 3 38 4 39
1044664800 3 21 3 21
1044664500 0 13 4 14
1044664200 4 14 4 14
1044663900 3 16 3 16
1044663600 4 35 4 35
1044663300 4 28 4 28
1044663000 7 42 8 43
1044662700 3 14 3 14
1044662400 3 10 4 16
1044662100 3 16 3 16
1044661800 4 6 4 6
1044661500 5 20 5 20
1044661200 3 60 3 60
1044660900 3 6 6 23
1044660600 6 23 6 23
1044660300 25 10 26 24
1044660000 19 24 19 24
1044659700 1 13 1 13
1044659400 5 21 6 48
1044659100 3 48 3 48
1044658800 3 2 4 22
1044658500 3 22 3 22
1044658200 17 15 17 15
1044657900 1 29 1 29
1044657600 0 26 0 26
1044657300 2 42 13 43
1044657000 13 15 23 18
1044656700 23 18 23 18
1044656400 1 7 1 7
1044656100 1 21 22 25
1044655800 22 25 22 25
1044655500 1623 1567 1623 1567
1044655200 1 33 2 34
1044654900 0 10 0 10
1044654600 0 15 0 15
1044654300 1 3 1 3
1044654000 0 17 0 17
1044653700 0 28 1 38
1044653400 1 38 1 38
1044653100 6 12 892 902
1044652800 892 902 892 902
1044652500 1 9 3 41
1044652200 3 41 3 41
1044651900 1 14 1 14
1044651600 1 28 2 36
1044651300 1 36 1 36
1044651000 0 5 0 5
1044650700 1 12 1 12
1044650400 1 14 1 14
1044650100 0 3 1 50
1044649800 1 50 1 50
1044649500 0 28 0 29
1044649200 0 11 0 11
1044648900 3 16 4 17
1044648600 3 3 3 3
1044648300 0 26 2 27
1044648000 2 4 2 4
1044647700 0 52 0 52
1044647400 0 17 0 17
1044647100 1 1 1 1
1044646800 0 24 0 25
1044646500 0 11 0 11
1044646200 2 31 2 31
1044645900 0 31 0 31
1044645600 0 32 0 32
1044645300 1 14 10 15
1044645000 9 15 10 15
1044644700 1 15 1 39
1044644400 1 39 1 39
1044644100 0 6 0 54
1044643800 0 54 0 54
1044643500 1 8 1 8
1044643200 0 14 1 14
1044642900 0 14 0 14
1044642600 0 10 1 11
1044642300 0 10 0 10
1044642000 6 48 6 48
1044641700 4 30 4 30
1044641400 9 11 9 11
1044641100 0 15 1 16
1044640800 1 6 1 6
1044640500 0 39 0 40
1044640200 0 23 0 23
1044639900 1 30 1 30
1044639600 1 28 1 28
1044639300 0 2 0 2
1044639000 35 42 36 43
1044638700 0 31 0 31
1044638400 4 7 4 7
1044638100 44 61 44 61
1044637800 38 30 38 30
1044637500 85 73 86 74
1044637200 2 12 2 12
1044636900 28 55 29 103
1044636600 23 103 23 103
1044636300 0 26 0 26
1044636000 0 30 0 30
1044635700 0 35 0 35
1044635400 0 16 0 18
1044635100 0 18 0 18
1044634800 17 22 18 82
1044634500 4 82 4 82
1044634200 6 31 6 31
1044633900 0 37 0 37
1044633600 8 21 8 21
1044633300 1 7 1 7
1044633000 3 23 28 29
1044632700 28 29 28 29
1044632400 49 59 50 60
1044632100 0 24 0 24
1044631800 39 40 39 40
1044631500 45 30 45 30
1044631200 0 15 0 15
1044630900 0 14 2 15
1044630600 2 8 2 8
1044630300 1 55 35 56
1044630000 35 49 35 49
1044629700 4 7 4 7
1044629400 0 26 65 27
1044629100 65 27 65 27
1044628800 12 19 13 34
1044628500 0 34 0 34
1044628200 10 34 369 538
1044627900 369 538 369 538
1044627600 369 538 369 538
1044627300 369 538 369 538
1044627000 369 538 369 538
1044626700 369 538 369 538
1044626400 369 538 369 538
1044626100 369 538 369 538
1044625800 369 538 369 538
1044625500 369 538 369 538
1044625200 369 538 369 538
1044624900 369 538 369 538
1044624600 369 538 369 538
1044624300 369 538 369 538
1044624000 369 538 369 538
1044623700 369 538 369 538
1044623400 369 538 369 538
1044623100 369 538 369 538
1044622800 369 538 369 538
1044622500 369 538 369 538
1044622200 369 538 369 538
1044621900 369 538 369 538
1044621600 369 538 369 538
1044621300 369 538 369 538
1044621000 369 538 369 538
1044620700 369 538 369 538
1044620400 369 538 369 538
1044620100 369 538 369 538
1044619800 369 538 369 538
1044619500 369 538 369 538
1044619200 369 538 369 538
1044618900 369 538 369 538
1044618600 369 538 369 538
1044618300 369 538 369 538
1044618000 369 538 369 538
1044617700 369 538 369 538
1044617400 369 538 369 538
1044617100 369 538 369 538
1044616800 369 538 369 538
1044616500 369 538 369 538
1044616200 369 538 369 538
1044615900 369 538 369 538
1044615600 369 538 369 538
1044615300 369 538 369 538
1044615000 369 538 369 538
1044614700 369 538 369 538
1044614400 369 538 369 538
1044614100 369 538 369 538
1044613800 369 538 369 538
1044613500 369 538 369 538
1044613200 369 538 369 538
1044612900 369 538 369 538
1044612600 369 538 369 538
1044612300 369 538 369 538
1044612000 369 538 369 538
1044611700 369 538 369 538
1044611400 369 538 369 538
1044611100 369 538 369 538
1044610800 369 538 369 538
1044610500 369 538 369 538
1044610200 369 538 369 538
1044609900 369 538 369 538
1044609600 369 538 369 538
1044609300 369 538 369 538
1044609000 369 538 369 538
1044608700 369 538 369 538
1044608400 369 538 369 538
1044608100 369 538 369 538
1044607800 369 538 369 538
1044607500 369 538 369 538
1044607200 369 538 369 538
1044606900 369 538 369 538
1044606600 369 538 369 538
1044606300 369 538 369 538
1044606000 369 538 369 538
1044605700 369 538 369 538
1044605400 369 538 369 538
1044605100 369 538 369 538
1044604800 369 538 369 538
1044604500 369 538 369 538
1044604200 369 538 369 538
1044603900 369 538 369 538
1044603600 369 538 369 538
1044603300 369 538 369 538
1044603000 369 538 369 538
1044602700 369 538 369 538
1044602400 369 538 369 538
1044602100 369 538 369 538
1044601800 369 538 369 538
1044601500 369 538 369 538
1044601200 369 538 369 538
1044600900 369 538 369 538
1044600600 369 538 369 538
1044600300 369 538 369 538
1044600000 369 538 369 538
1044599700 369 538 369 538
1044599400 369 538 369 538
1044599100 369 538 369 538
1044598800 369 538 369 538
1044598500 369 538 369 538
1044598200 369 538 369 538
1044597900 369 538 369 538
1044597600 369 538 369 538
1044597300 369 538 369 538
1044597000 369 538 369 538
1044596700 369 538 369 538
1044596400 369 538 369 538
1044596100 369 538 369 538
1044595800 369 538 369 538
1044595500 369 538 369 538
1044595200 369 538 369 538
1044594900 369 538 369 538
1044594600 369 538 369 538
1044594300 369 538 369 538
1044594000 369 538 369 538
1044593700 369 538 369 538
1044593400 369 538 369 538
1044593100 369 538 369 538
1044592800 369 538 369 538
1044592500 369 538 369 538
1044592200 369 538 369 538
1044591900 369 538 369 538
1044591600 369 538 369 538
1044591300 369 538 369 538
1044591000 369 538 369 538
1044590700 369 538 369 538
1044590400 369 538 369 538
1044590100 369 538 369 538
1044589800 369 538 369 538
1044589500 369 538 369 538
1044589200 369 538 369 538
1044588900 369 538 369 538
1044588600 369 538 369 538
1044588300 369 538 369 538
1044588000 369 538 369 538
1044587700 369 538 369 538
1044587400 369 538 369 538
1044587100 369 538 369 538
1044586800 369 538 369 538
1044586500 369 538 369 538
1044586200 369 538 369 538
1044585900 369 538 369 538
1044585600 369 538 369 538
1044585300 369 538 369 538
1044585000 369 538 369 538
1044584700 369 538 369 538
1044584400 369 538 369 538
1044584100 369 538 369 538
1044583800 369 538 369 538
1044583500 369 538 369 538
1044583200 369 538 369 538
1044582900 369 538 369 538
1044582600 369 538 369 538
1044582300 369 538 369 538
1044582000 369 538 369 538
1044581400 369 538 369 538
1044579600 369 538 369 538
1044577800 369 538 369 538
1044576000 369 538 369 538
1044574200 369 538 369 538
1044572400 369 538 369 538
1044570600 369 538 369 538
1044568800 369 538 369 538
1044567000 369 538 369 538
1044565200 369 538 369 538
1044563400 369 538 369 538
1044561600 369 538 369 538
1044559800 369 538 369 538
1044558000 369 538 369 538
1044556200 369 538 369 538
1044554400 369 538 369 538
1044552600 369 538 369 538
1044550800 369 538 369 538
1044549000 369 538 369 538
1044547200 369 538 369 538
1044545400 369 538 369 538
1044543600 369 538 369 538
1044541800 369 538 369 538
1044540000 369 538 369 538
1044538200 369 538 369 538
1044536400 369 538 369 538
1044534600 369 538 369 538
1044532800 369 538 369 538
1044531000 369 538 369 538
1044529200 369 538 369 538
1044527400 369 538 369 538
1044525600 369 538 369 538
1044523800 369 538 369 538
1044522000 369 538 369 538
1044520200 369 538 369 538
1044518400 369 538 369 538
1044516600 369 538 369 538
1044514800 369 538 369 538
1044513000 369 538 369 538
1044511200 369 538 369 538
1044509400 369 538 369 538
1044507600 369 538 369 538
1044505800 369 538 369 538
1044504000 369 538 369 538
1044502200 369 538 369 538
1044500400 369 538 369 538
1044498600 369 538 369 538
1044496800 369 538 369 538
1044495000 369 538 369 538
1044493200 369 538 369 538
1044491400 369 538 369 538
1044489600 369 538 369 538
1044487800 369 538 369 538
1044486000 369 538 369 538
1044484200 369 538 369 538
1044482400 369 538 369 538
1044480600 369 538 369 538
1044478800 369 538 369 538
1044477000 369 538 369 538
1044475200 369 538 369 538
1044473400 369 538 369 538
1044471600 369 538 369 538
1044469800 369 538 369 538
1044468000 369 538 369 538
1044466200 369 538 369 538
1044464400 369 538 369 538
1044462600 369 538 369 538
1044460800 369 538 369 538
1044459000 369 538 369 538
1044457200 369 538 369 538
1044455400 369 538 369 538
1044453600 369 538 369 538
1044451800 369 538 369 538
1044450000 369 538 369 538
1044448200 369 538 369 538
1044446400 369 538 369 538
1044444600 369 538 369 538
1044442800 369 538 369 538
1044441000 369 538 369 538
1044439200 369 538 369 538
1044437400 369 538 369 538
1044435600 369 538 369 538
1044433800 369 538 369 538
1044432000 369 538 369 538
1044430200 369 538 369 538
1044428400 369 538 369 538
1044426600 369 538 369 538
1044424800 369 538 369 538
1044423000 369 538 369 538
1044421200 369 538 369 538
1044419400 369 538 369 538
1044417600 369 538 369 538
1044415800 369 538 369 538
1044414000 369 538 369 538
1044412200 369 538 369 538
1044410400 369 538 369 538
1044408600 369 538 369 538
1044406800 369 538 369 538
1044405000 369 538 369 538
1044403200 369 538 369 538
1044401400 369 538 369 538
1044399600 369 538 369 538
1044397800 369 538 369 538
1044396000 369 538 369 538
1044394200 369 538 369 538
1044392400 369 538 369 538
1044390600 369 538 369 538
1044388800 369 538 369 538
1044387000 369 538 369 538
1044385200 369 538 369 538
1044383400 369 538 369 538
1044381600 369 538 369 538
1044379800 369 538 369 538
1044378000 369 538 369 538
1044376200 369 538 369 538
1044374400 369 538 369 538
1044372600 369 538 369 538
1044370800 369 538 369 538
1044369000 369 538 369 538
1044367200 369 538 369 538
1044365400 369 538 369 538
1044363600 369 538 369 538
1044361800 369 538 369 538
1044360000 369 538 369 538
1044358200 369 538 369 538
1044356400 369 538 369 538
1044354600 369 538 369 538
1044352800 369 538 369 538
1044351000 369 538 369 538
1044349200 369 538 369 538
1044347400 369 538 369 538
1044345600 369 538 369 538
1044343800 369 538 369 538
1044342000 369 538 369 538
1044340200 369 538 369 538
1044338400 369 538 369 538
1044336600 369 538 369 538
1044334800 369 538 369 538
1044333000 369 538 369 538
1044331200 369 538 369 538
1044329400 369 538 369 538
1044327600 369 538 369 538
1044325800 369 538 369 538
1044324000 369 538 369 538
1044322200 369 538 369 538
1044320400 369 538 369 538
1044318600 369 538 369 538
1044316800 369 538 369 538
1044315000 369 538 369 538
1044313200 369 538 369 538
1044311400 369 538 369 538
1044309600 369 538 369 538
1044307800 369 538 369 538
1044306000 369 538 369 538
1044304200 369 538 369 538
1044302400 369 538 369 538
1044300600 369 538 369 538
1044298800 369 538 369 538
1044297000 369 538 369 538
1044295200 369 538 369 538
1044293400 369 538 369 538
1044291600 369 538 369 538
1044289800 369 538 369 538
1044288000 369 538 369 538
1044286200 369 538 369 538
1044284400 369 538 369 538
1044282600 369 538 369 538
1044280800 369 538 369 538
1044279000 369 538 369 538
1044277200 369 538 369 538
1044275400 369 538 369 538
1044273600 369 538 369 538
1044271800 369 538 369 538
1044270000 369 538 369 538
1044268200 369 538 369 538
1044266400 369 538 369 538
1044264600 369 538 369 538
1044262800 369 538 369 538
1044261000 369 538 369 538
1044259200 369 538 369 538
1044257400 369 538 369 538
1044255600 369 538 369 538
1044253800 369 538 369 538
1044252000 369 538 369 538
1044250200 369 538 369 538
1044248400 369 538 369 538
1044246600 369 538 369 538
1044244800 369 538 369 538
1044243000 369 538 369 538
1044241200 369 538 369 538
1044239400 369 538 369 538
1044237600 369 538 369 538
1044235800 369 538 369 538
1044234000 369 538 369 538
1044232200 369 538 369 538
1044230400 369 538 369 538
1044228600 369 538 369 538
1044226800 369 538 369 538
1044225000 369 538 369 538
1044223200 369 538 369 538
1044221400 369 538 369 538
1044219600 369 538 369 538
1044217800 369 538 369 538
1044216000 369 538 369 538
1044214200 369 538 369 538
1044212400 369 538 369 538
1044210600 369 538 369 538
1044208800 369 538 369 538
1044207000 369 538 369 538
1044205200 369 538 369 538
1044203400 369 538 369 538
1044201600 369 538 369 538
1044199800 369 538 369 538
1044198000 369 538 369 538
1044196200 369 538 369 538
1044194400 369 538 369 538
1044192600 369 538 369 538
1044190800 369 538 369 538
1044189000 369 538 369 538
1044187200 369 538 369 538
1044185400 369 538 369 538
1044183600 369 538 369 538
1044181800 369 538 369 538
1044180000 369 538 369 538
1044178200 369 538 369 538
1044176400 369 538 369 538
1044174600 369 538 369 538
1044172800 369 538 369 538
1044171000 369 538 369 538
1044169200 369 538 369 538
1044167400 369 538 369 538
1044165600 369 538 369 538
1044163800 369 538 369 538
1044162000 369 538 369 538
1044160200 369 538 369 538
1044158400 369 538 369 538
1044156600 369 538 369 538
1044154800 369 538 369 538
1044153000 369 538 369 538
1044151200 369 538 369 538
1044149400 369 538 369 538
1044147600 369 538 369 538
1044145800 369 538 369 538
1044144000 369 538 369 538
1044142200 369 538 369 538
1044140400 369 538 369 538
1044138600 369 538 369 538
1044136800 369 538 369 538
1044135000 369 538 369 538
1044133200 369 538 369 538
1044131400 369 538 369 538
1044129600 369 538 369 538
1044127800 369 538 369 538
1044126000 369 538 369 538
1044124200 369 538 369 538
1044122400 369 538 369 538
1044120600 369 538 369 538
1044118800 369 538 369 538
1044117000 369 538 369 538
1044115200 369 538 369 538
1044113400 369 538 369 538
1044111600 369 538 369 538
1044109800 369 538 369 538
1044108000 369 538 369 538
1044106200 369 538 369 538
1044104400 369 538 369 538
1044102600 369 538 369 538
1044100800 369 538 369 538
1044099000 369 538 369 538
1044097200 369 538 369 538
1044095400 369 538 369 538
1044093600 369 538 369 538
1044091800 369 538 369 538
1044090000 369 538 369 538
1044088200 369 538 369 538
1044086400 369 538 369 538
1044084600 369 538 369 538
1044082800 369 538 369 538
1044081000 369 538 369 538
1044079200 369 538 369 538
1044077400 369 538 369 538
1044075600 369 538 369 538
1044073800 369 538 369 538
1044072000 369 538 369 538
1044070200 369 538 369 538
1044068400 369 538 369 538
1044066600 369 538 369 538
1044064800 369 538 369 538
1044063000 369 538 369 538
1044061200 369 538 369 538
1044059400 369 538 369 538
1044057600 369 538 369 538
1044055800 369 538 369 538
1044054000 369 538 369 538
1044052200 369 538 369 538
1044050400 369 538 369 538
1044048600 369 538 369 538
1044046800 369 538 369 538
1044045000 369 538 369 538
1044043200 369 538 369 538
1044041400 369 538 369 538
1044039600 369 538 369 538
1044037800 369 538 369 538
1044036000 369 538 369 538
1044034200 369 538 369 538
1044032400 369 538 369 538
1044030600 369 538 369 538
1044028800 369 538 369 538
1044027000 369 538 369 538
1044025200 369 538 369 538
1044023400 369 538 369 538
1044021600 369 538 369 538
1044019800 369 538 369 538
1044018000 369 538 369 538
1044016200 369 538 369 538
1044014400 369 538 369 538
1044012600 369 538 369 538
1044010800 369 538 369 538
1044009000 369 538 369 538
1044007200 369 538 369 538
1044005400 369 538 369 538
1044003600 369 538 369 538
1044001800 369 538 369 538
1044000000 369 538 369 538
1043998200 369 538 369 538
1043996400 369 538 369 538
1043994600 369 538 369 538
1043992800 369 538 369 538
1043991000 369 538 369 538
1043989200 369 538 369 538
1043987400 369 538 369 538
1043985600 369 538 369 538
1043983800 369 538 369 538
1043982000 369 538 369 538
1043980200 369 538 369 538
1043978400 369 538 369 538
1043976600 369 538 369 538
1043974800 369 538 369 538
1043973000 369 538 369 538
1043971200 369 538 369 538
1043969400 369 538 369 538
1043967600 369 538 369 538
1043965800 369 538 369 538
1043964000 369 538 369 538
1043962200 369 538 369 538
1043960400 369 538 369 538
1043958600 369 538 369 538
1043956800 369 538 369 538
1043955000 369 538 369 538
1043953200 369 538 369 538
1043951400 369 538 369 538
1043949600 369 538 369 538
1043947800 369 538 369 538
1043946000 369 538 369 538
1043944200 369 538 369 538
1043942400 369 538 369 538
1043940600 369 538 369 538
1043938800 369 538 369 538
1043937000 369 538 369 538
1043935200 499 831 1239 2196
1043933400 314 887 314 887
1043931600 314 887 314 887
1043929800 314 887 314 887
1043928000 314 887 314 887
1043926200 314 887 314 887
1043924400 314 887 314 887
1043922600 314 887 314 887
1043920800 314 887 314 887
1043919000 314 887 314 887
1043917200 314 887 314 887
1043915400 314 887 314 887
1043913600 314 887 314 887
1043911800 314 887 314 887
1043910000 314 887 314 887
1043908200 314 887 314 887
1043906400 314 887 314 887
1043904600 314 887 314 887
1043902800 314 887 314 887
1043901000 314 887 314 887
1043899200 314 887 314 887
1043897400 314 887 314 887
1043895600 314 887 314 887
1043893800 314 887 314 887
1043892000 314 887 314 887
1043890200 314 887 314 887
1043888400 314 887 314 887
1043886600 314 887 314 887
1043884800 314 887 314 887
1043883000 314 887 314 887
1043881200 314 887 314 887
1043879400 314 887 314 887
1043877600 314 887 314 887
1043875800 314 887 314 887
1043874000 314 887 314 887
1043872200 314 887 314 887
1043870400 314 887 314 887
1043868600 314 887 314 887
1043866800 314 887 314 887
1043865000 314 887 314 887
1043863200 314 887 314 887
1043861400 314 887 314 887
1043859600 314 887 314 887
1043857800 314 887 314 887
1043856000 314 887 314 887
1043854200 314 887 314 887
1043852400 314 887 314 887
1043850600 314 887 314 887
1043848800 314 887 314 887
1043847000 314 887 314 887
1043845200 314 887 314 887
1043843400 314 887 314 887
1043841600 314 887 314 887
1043839800 314 887 314 887
1043838000 314 887 314 887
1043836200 314 887 314 887
1043834400 314 887 314 887
1043832600 314 887 314 887
1043830800 314 887 314 887
1043829000 314 887 314 887
1043827200 314 887 314 887
1043825400 314 887 314 887
1043823600 314 887 314 887
1043821800 314 887 314 887
1043820000 314 887 314 887
1043818200 314 887 314 887
1043816400 314 887 314 887
1043814600 314 887 314 887
1043812800 314 887 314 887
1043811000 314 887 314 887
1043809200 314 887 314 887
1043807400 314 887 314 887
1043805600 314 887 314 887
1043803800 314 887 314 887
1043802000 314 887 314 887
1043800200 314 887 314 887
1043798400 314 887 314 887
1043796600 314 887 314 887
1043794800 314 887 314 887
1043793000 314 887 314 887
1043791200 314 887 314 887
1043789400 314 887 314 887
1043787600 314 887 314 887
1043785800 314 887 314 887
1043784000 314 887 314 887
1043782200 314 887 314 887
1043780400 314 887 314 887
1043778600 314 887 314 887
1043776800 314 887 314 887
1043775000 314 887 314 887
1043773200 314 887 314 887
1043771400 314 887 314 887
1043769600 314 887 314 887
1043767800 314 887 314 887
1043766000 314 887 314 887
1043764200 314 887 314 887
1043762400 314 887 314 887
1043760600 314 887 314 887
1043758800 314 887 314 887
1043757000 314 887 314 887
1043755200 314 887 314 887
1043753400 314 887 314 887
1043751600 314 887 314 887
1043749800 314 887 314 887
1043748000 314 887 314 887
1043746200 314 887 314 887
1043744400 314 887 314 887
1043742600 314 887 314 887
1043740800 314 887 314 887
1043739000 314 887 314 887
1043737200 314 887 314 887
1043735400 314 887 314 887
1043733600 314 887 314 887
1043731800 314 887 314 887
1043730000 314 887 314 887
1043728200 314 887 314 887
1043726400 314 887 314 887
1043724600 314 887 314 887
1043722800 314 887 314 887
1043721000 314 887 314 887
1043719200 314 887 314 887
1043717400 314 887 314 887
1043715600 314 887 314 887
1043713800 314 887 314 887
1043712000 314 887 314 887
1043710200 314 887 314 887
1043708400 314 887 314 887
1043706600 314 887 314 887
1043704800 314 887 314 887
1043703000 314 887 314 887
1043701200 314 887 314 887
1043699400 314 887 314 887
1043697600 314 887 314 887
1043695800 314 887 314 887
1043694000 314 887 314 887
1043692200 314 887 314 887
1043690400 314 887 314 887
1043688600 314 887 314 887
1043686800 314 887 314 887
1043685000 314 887 314 887
1043683200 314 887 314 887
1043681400 314 887 314 887
1043679600 314 887 314 887
1043677800 314 887 314 887
1043676000 314 887 314 887
1043674200 314 887 314 887
1043672400 314 887 314 887
1043670600 314 887 314 887
1043668800 314 887 314 887
1043667000 314 887 314 887
1043665200 314 887 314 887
1043663400 314 887 314 887
1043661600 314 887 314 887
1043659800 314 887 314 887
1043658000 314 887 314 887
1043656200 314 887 314 887
1043654400 314 887 314 887
1043652600 314 887 314 887
1043650800 314 887 314 887
1043649000 314 887 314 887
1043647200 314 887 314 887
1043645400 314 887 314 887
1043643600 314 887 314 887
1043641800 314 887 314 887
1043640000 314 887 314 887
1043638200 314 887 314 887
1043636400 314 887 314 887
1043634600 314 887 314 887
1043632800 314 887 314 887
1043631000 314 887 314 887
1043629200 314 887 314 887
1043627400 314 887 314 887
1043625600 314 887 314 887
1043623800 314 887 314 887
1043622000 314 887 314 887
1043620200 314 887 314 887
1043618400 314 887 314 887
1043616600 314 887 314 887
1043614800 314 887 314 887
1043613000 314 887 314 887
1043611200 314 887 314 887
1043609400 314 887 314 887
1043607600 314 887 314 887
1043605800 314 887 314 887
1043604000 314 887 314 887
1043602200 314 887 314 887
1043600400 314 887 314 887
1043598600 314 887 314 887
1043596800 314 887 314 887
1043595000 314 887 314 887
1043593200 314 887 314 887
1043591400 314 887 314 887
1043589600 314 887 314 887
1043587800 314 887 314 887
1043586000 314 887 314 887
1043584200 314 887 314 887
1043582400 314 887 314 887
1043580600 314 887 314 887
1043578800 314 887 314 887
1043577000 314 887 314 887
1043575200 314 887 314 887
1043573400 314 887 314 887
1043571600 314 887 314 887
1043569800 314 887 314 887
1043568000 314 887 314 887
1043566200 314 887 314 887
1043564400 314 887 314 887
1043562600 314 887 314 887
1043560800 314 887 314 887
1043559000 314 887 314 887
1043557200 314 887 314 887
1043555400 314 887 314 887
1043553600 314 887 314 887
1043551800 314 887 314 887
1043550000 314 887 314 887
1043548200 314 887 314 887
1043546400 314 887 314 887
1043544600 314 887 314 887
1043542800 314 887 314 887
1043541000 314 887 314 887
1043539200 314 887 314 887
1043537400 314 887 314 887
1043535600 314 887 314 887
1043533800 314 887 314 887
1043532000 314 887 314 887
1043530200 314 887 314 887
1043528400 314 887 314 887
1043526600 314 887 314 887
1043524800 314 887 314 887
1043523000 314 887 314 887
1043521200 314 887 314 887
1043519400 314 887 314 887
1043517600 314 887 314 887
1043515800 314 887 314 887
1043514000 314 887 314 887
1043512200 314 887 314 887
1043510400 314 887 314 887
1043508600 314 887 314 887
1043506800 314 887 314 887
1043505000 314 887 314 887
1043503200 314 887 314 887
1043501400 314 887 314 887
1043496000 314 887 314 887
1043488800 314 887 314 887
1043481600 314 887 314 887
1043474400 314 887 314 887
1043467200 314 887 314 887
1043460000 314 887 314 887
1043452800 314 887 314 887
1043445600 314 887 314 887
1043438400 314 887 314 887
1043431200 314 887 314 887
1043424000 314 887 314 887
1043416800 314 887 314 887
1043409600 314 887 314 887
1043402400 314 887 314 887
1043395200 314 887 314 887
1043388000 314 887 314 887
1043380800 314 887 314 887
1043373600 314 887 314 887
1043366400 314 887 314 887
1043359200 314 887 314 887
1043352000 314 887 314 887
1043344800 314 887 314 887
1043337600 314 887 314 887
1043330400 314 887 314 887
1043323200 314 887 314 887
1043316000 314 887 314 887
1043308800 314 887 314 887
1043301600 314 887 314 887
1043294400 314 887 314 887
1043287200 314 887 314 887
1043280000 314 887 314 887
1043272800 314 887 314 887
1043265600 314 887 314 887
1043258400 314 887 314 887
1043251200 314 887 314 887
1043244000 314 887 314 887
1043236800 314 887 314 887
1043229600 624 900 2403 1731
1043222400 686 1605 3581 19565
1043215200 1040 856 4215 1766
1043208000 1104 4007 3717 48341
1043200800 485 711 2364 1819
1043193600 350 581 1778 1604
1043186400 336 640 1040 1216
1043179200 388 718 2128 1647
1043172000 935 999 3012 1831
1043164800 779 960 2631 1301
1043157600 530 942 2076 1915
1043150400 731 970 2354 2597
1043143200 505 1244 2223 11206
1043136000 1062 909 3827 1769
1043128800 1566 1014 5281 2436
1043121600 1222 803 4645 2004
1043114400 403 802 1064 1673
1043107200 412 624 1756 1111
1043100000 1158 758 12031 1662
1043092800 326 814 747 1871
1043085600 1180 989 6100 1495
1043078400 854 1085 6985 2224
1043071200 1031 1002 6985 2187
1043064000 719 1084 3058 4001
1043056800 1123 1240 5300 2618
1043049600 1014 1009 2530 2346
1043042400 952 1866 3254 3297
1043035200 539 916 1995 1915
1043028000 150 589 494 904
1043020800 359 568 2020 1182
1043013600 495 1497 3392 2401
1043006400 469 1189 1931 2114
1042999200 508 2179 4021 3355
1042992000 543 2020 2150 2856
1042984800 966 2049 2602 13372
1042977600 1266 1126 4608 2478
1042970400 543 951 2027 1431
1042963200 1483 1168 3922 2074
1042956000 22806 1683 531486 15808
1042948800 571 830 2970 1110
1042941600 683 767 5605 1789
1042934400 468 676 3132 1655
1042927200 679 727 2538 1672
1042920000 506 761 2247 1680
1042912800 2631 2027 25411 3236
1042905600 2015 2188 7537 3581
1042898400 766 1087 2419 2097
1042891200 857 1024 3674 2077
1042884000 1336 1172 14713 2852
1042876800 509 997 2374 2191
1042869600 843 919 2503 1468
1042862400 1892 1054 16229 2362
1042855200 435 751 2090 1852
1042848000 592 748 3171 1844
1042840800 637 820 2603 1992
1042833600 1298 1321 4798 2587
1042826400 3377 3077 39256 5942
1042819200 1021 1680 2458 3561
1042812000 1650 1183 12111 1703
1042804800 1602 3171 6864 40020
1042797600 1910 16045 4673 127892
1042790400 1652 9358 12509 77880
1042783200 3996 66192 24978 525861
1042776000 620 977 2390 1322
1042768800 499 939 4081 1982
1042761600 466 759 3102 1682
1042754400 499 756 3752 1410
1042747200 336 929 1827 1773
1042740000 511 1110 2245 2279
1042732800 1993 10134 11879 110551
1042725600 880 1068 2205 2121
1042718400 1938 1300 14848 6411
1042711200 1871 1380 11042 4841
1042704000 1494 1971 7171 15787
1042696800 1236 1507 4205 8261
1042689600 952 1219 2451 2944
1042682400 386 917 2374 1793
1042675200 467 779 3106 1627
1042668000 450 793 2040 1682
1042660800 346 859 1151 1851
1042653600 607 1065 2319 1907
1042646400 10449 10236 43205 41747
1042639200 1184 1222 5418 4776
1042632000 1552 1356 12027 4828
1042624800 2469 1190 16799 2150
1042617600 1677 1180 10345 1909
1042610400 824 1544 5432 4445
1042603200 1445 1074 11985 2611
1042596000 496 909 2290 1884
1042588800 603 839 3491 1964
1042581600 347 778 938 2097
1042574400 1038 1029 4268 2040
1042567200 559 1127 3587 2011
1042560000 1684 1328 4438 4597
1042552800 4616 1469 38946 4954
1042545600 897 1404 3171 7741
1042538400 540 1207 2776 1703
1042531200 1119 1108 3052 2381
1042524000 3183 1381 22100 4077
1042516800 666 1032 2183 1961
1042509600 698 903 2226 1722
1042502400 365 783 3070 1853
1042495200 395 808 1975 1523
1042488000 827 956 3502 2017
1042480800 1606 1136 13252 1736
1042473600 4538 1826 38070 7610
1042466400 1730 1645 10935 4420
1042459200 1458 1188 3445 1975
1042452000 2400 1579 8805 4666
1042444800 1486 1106 4846 2078
1042437600 1198 1084 11834 2512
1042430400 1683 1086 14033 2084
1042423200 719 779 5279 1011
1042416000 406 828 3067 1903
1042408800 1009 1010 3446 4547
1042401600 369 871 2019 1151
1042394400 1751 1245 16237 2282
1042387200 1819 2122 13871 12807
1042380000 2207 1921 14971 5295
1042372800 2194 1550 9048 5584
1042365600 1118 1224 8984 4325
1042358400 1262 1353 8984 5136
1042351200 908 1151 2939 1877
1042344000 705 875 2464 1249
1042336800 840 819 3728 1578
1042329600 1188 810 2964 1712
1042322400 446 951 1373 3241
1042315200 1099 1209 4798 2010
1042308000 2068 1168 9375 2159
1042300800 5305 2211 23231 5136
1042293600 1570 1484 5125 3675
1042286400 871 1155 4326 2389
1042279200 1841 1191 18263 2774
1042272000 1166 1127 3675 2621
1042264800 879 958 3655 1393
1042257600 1678 1068 6079 2901
1042250400 1117 786 3088 2423
1042243200 910 597 4180 1695
1042236000 1080 881 3043 4061
1042228800 926 986 7213 5721
1042221600 932 1103 3707 2987
1042214400 1505 1313 4458 3183
1042207200 1032 1253 4334 4144
1042200000 1737 1028 7650 1685
1042192800 1930 1140 9151 2717
1042185600 1034 954 3464 1454
1042178400 1693 1221 5356 2964
1042171200 1085 1041 3962 3309
1042164000 800 725 6074 1176
1042156800 401 705 2941 2550
1042149600 368 747 1824 2807
1042142400 426 958 2517 1309
1042135200 1150 1266 4428 2929
1042128000 1313 1358 4935 3294
1042120800 2202 1418 12791 3146
1042113600 1866 1260 6752 3499
1042106400 1379 1133 4192 1581
1042099200 1255 1093 3949 2706
1042092000 1461 1227 7945 2935
1042084800 567 839 4342 1143
1042077600 972 899 11460 2505
1042070400 373 812 3120 2474
1042063200 20804 1101 163999 4352
1042056000 23660 1518 133320 5098
1042048800 1161 1227 8520 1684
1042041600 2877 1519 13076 3647
1042034400 2078 1531 8629 4619
1042027200 1328 1166 4629 2118
1042020000 1160 1276 4464 3282
1042012800 592 1092 2066 2864
1042005600 834 982 3092 1680
1041998400 488 928 2020 2916
1041991200 1139 763 5474 987
1041984000 1314 770 5831 2796
1041976800 1035 764 1989 2494
1041969600 1109 931 2339 2443
1041962400 1106 1261 3201 4658
1041955200 1430 1362 2540 3136
1041948000 1133 1111 3998 1277
1041940800 8289 1314 161386 4972
1041933600 2029 1256 9084 2719
1041926400 1124 1031 4206 1673
1041919200 2192 1307 7434 3186
1041912000 1072 926 4163 3034
1041904800 1217 737 8445 2421
1041897600 616 699 5297 2084
1041890400 477 542 1809 1030
1041883200 948 1040 3134 2697
1041876000 2123 1318 8361 4684
1041868800 2355 1147 6505 1483
1041861600 1906 1396 11178 3788
1041854400 1646 1123 6750 2446
1041847200 1457 1244 4138 2858
1041840000 2440 1019 14521 1927
1041832800 4203 1798 20239 5921
1041825600 1723 905 7577 1817
1041818400 1570 743 4064 1666
1041811200 427 624 2994 1380
1041804000 537 675 5489 2329
1041796800 599 741 2481 1811
1041789600 1240 1382 7234 6832
1041782400 5502 3356 23313 29044
1041775200 7759 1944 50826 5870
1041768000 764 1039 3146 2015
1041760800 1039 1044 8113 1742
1041753600 22716 1741 163801 5729
1041746400 2102 952 31924 1770
1041739200 1438 1084 5694 1956
1041732000 384 605 1999 915
1041724800 360 616 3054 1631
1041717600 497 631 2122 1596
1041710400 425 791 1694 1671
1041703200 656 995 5369 1639
1041696000 1711 985 4279 1487
1041688800 790 880 4449 1828
1041681600 1097 975 5037 1867
1041674400 968 1090 4915 3252
1041667200 1273 1095 4717 3198
1041660000 1394 1100 3937 1770
1041652800 623 807 4327 1047
1041645600 620 885 2016 2094
1041638400 361 721 3057 1924
1041631200 250 728 835 1669
1041624000 409 959 1880 1959
1041616800 1259 1116 3928 1508
1041609600 2191 1339 9724 2088
1041602400 1448 1117 5341 2086
1041595200 2468 1365 7282 2792
1041588000 2319 1290 5863 3105
1041580800 3273 1451 13643 8188
1041573600 2130 1279 5754 3367
1041566400 1382 910 4696 1700
1041559200 2350 766 8077 1070
1041552000 757 841 3384 1744
1041544800 2058 780 40216 1919
1041537600 708 865 3353 1653
1041530400 863 1021 3365 1977
1041523200 1375 1143 5374 1880
1041516000 2304 1048 7339 1511
1041508800 1744 1079 4650 1900
1041501600 1832 1046 10018 2969
1041494400 31232 1765 68464 2758
1041487200 1741 1106 5597 2142
1041480000 1982 862 6777 1706
1041472800 1520 765 4002 1810
1041465600 615 1018 6857 9252
1041458400 373 725 1412 1482
1041451200 840 810 2663 1743
1041444000 1150 1061 4388 1994
1041436800 1506 1149 8477 1835
1041429600 2757 1264 6609 2075
1041422400 2483 1190 8033 2252
1041415200 43182 2314 112347 4555
1041408000 5075 1204 57244 2193
1041400800 2848 1024 12649 1466
1041393600 1587 859 5707 1745
1041386400 1016 674 5716 1423
1041379200 845 567 3313 1266
1041372000 794 680 2309 1591
1041364800 826 799 2518 1237
1041357600 1368 995 11113 2260
1041350400 749 1010 2243 1968
1041343200 2034 904 5927 1926
1041336000 1949 1157 4204 2216
1041328800 1956 1117 7105 2103
1041321600 1801 991 14971 1436
1041314400 1578 1314 4452 2457
1041307200 1372 981 5946 1698
1041300000 1395 909 5310 2861
1041292800 490 710 2068 1379
1041285600 861 648 10445 875
1041278400 989 895 8408 1616
1041271200 24257 1630 141108 4371
1041264000 7323 1536 56648 2825
1041256800 4395 1417 13698 6761
1041249600 5563 1418 134894 4564
1041242400 14474 1309 134894 4534
1041235200 20120 1534 65914 2456
1041228000 2828 1142 12569 1703
1041220800 2468 970 19934 2120
1041213600 2471 824 14779 1703
1041206400 22415 1082 165094 4041
1041199200 974 636 7875 1734
1041192000 1465 749 10075 1712
1041184800 123142 4462 321785 10156
1041177600 7380 1453 18545 2543
1041170400 74146 4057 436558 15169
1041163200 11782 2280 55823 10114
1041156000 25933 1985 62964 3619
1041148800 22202 15403 57279 163996
1041141600 24440 1589 63401 2627
1041134400 3307 826 17851 1817
1041127200 1404 577 3666 811
1041120000 1991 793 8143 1519
1041112800 3516 899 17145 1965
1041105600 2557 901 9796 1193
1041098400 6031 1298 18577 2177
1041091200 11597 1930 34415 2772
1041084000 2895 1230 8097 3807
1041076800 28454 1981 84201 4446
1041069600 38694 2099 77581 3497
1041062400 5177 1032 54334 2011
1041055200 6590 3337 30492 32468
1041048000 7488 1127 103490 3303
1041040800 19529 1248 133843 4127
1041033600 1498 822 4795 1637
1041026400 897 867 4259 1616
1041019200 3756 1260 14828 3496
1041012000 5225 1293 14334 2195
1041004800 7404 1492 19951 2079
1040997600 3573 1212 8842 2247
1040990400 5985 1397 12651 2480
1040983200 2886 1339 26798 2392
1040976000 5442 1407 11788 3891
1040968800 4166 1363 11079 3750
1040961600 69786 2011 1005718 15338
1040954400 2588 1013 10534 2050
1040947200 628 753 3310 1864
1040940000 988 882 4985 1654
1040932800 551 939 1935 1616
1040925600 26063 1933 75293 3853
1040918400 4254 1599 12825 2370
1040911200 2223 1155 6036 1698
1040904000 25342 2009 60889 5218
1040896800 2428 1191 6191 1660
1040889600 2588 1458 7572 3486
1040882400 4224 1223 12901 2242
1040875200 6264 934 20553 1265
1040868000 21292 1322 41464 1948
1040860800 41191 1771 183355 5660
1040853600 26092 912 61683 2071
1040846400 0 0 0 0
1040839200 0 0 0 0
1040832000 0 0 0 0
1040824800 0 0 0 0
1040817600 0 0 0 0
1040810400 0 0 0 0
1040803200 0 0 0 0
1040796000 0 0 0 0
1040788800 0 0 0 0
1040781600 0 0 0 0
1040774400 0 0 0 0
1040767200 0 0 0 0
1040760000 0 0 0 0
1040752800 0 0 0 0
1040745600 0 0 0 0
1040738400 0 0 0 0
1040731200 0 0 0 0
1040724000 0 0 0 0
1040716800 0 0 0 0
1040709600 0 0 0 0
1040702400 0 0 0 0
1040695200 0 0 0 0
1040688000 0 0 0 0
1040680800 0 0 0 0
1040673600 0 0 0 0
1040666400 0 0 0 0
1040659200 0 0 0 0
1040652000 0 0 0 0
1040644800 0 0 0 0
1040637600 0 0 0 0
1040630400 0 0 0 0
1040623200 0 0 0 0
1040616000 0 0 0 0
1040608800 0 0 0 0
1040601600 0 0 0 0
1040594400 0 0 0 0
1040587200 0 0 0 0
1040580000 0 0 0 0
1040572800 0 0 0 0
1040565600 0 0 0 0
1040558400 0 0 0 0
1040551200 0 0 0 0
1040544000 0 0 0 0
1040536800 0 0 0 0
1040529600 0 0 0 0
1040522400 0 0 0 0
1040515200 0 0 0 0
1040508000 0 0 0 0
1040500800 0 0 0 0
1040493600 0 0 0 0
1040486400 0 0 0 0
1040479200 0 0 0 0
1040472000 0 0 0 0
1040464800 0 0 0 0
1040457600 0 0 0 0
1040450400 0 0 0 0
1040443200 0 0 0 0
1040436000 0 0 0 0
1040428800 0 0 0 0
1040421600 0 0 0 0
1040414400 0 0 0 0
1040407200 0 0 0 0
1040400000 0 0 0 0
1040392800 0 0 0 0
1040385600 0 0 0 0
1040378400 0 0 0 0
1040371200 0 0 0 0
1040364000 0 0 0 0
1040356800 0 0 0 0
1040349600 0 0 0 0
1040342400 0 0 0 0
1040335200 0 0 0 0
1040328000 0 0 0 0
1040320800 0 0 0 0
1040313600 0 0 0 0
1040306400 0 0 0 0
1040299200 0 0 0 0
1040292000 0 0 0 0
1040284800 0 0 0 0
1040277600 0 0 0 0
1040270400 0 0 0 0
1040263200 0 0 0 0
1040256000 0 0 0 0
1040248800 0 0 0 0
1040241600 0 0 0 0
1040234400 0 0 0 0
1040227200 0 0 0 0
1040220000 0 0 0 0
1040212800 0 0 0 0
1040205600 0 0 0 0
1040198400 0 0 0 0
1040191200 0 0 0 0
1040184000 0 0 0 0
1040176800 0 0 0 0
1040169600 0 0 0 0
1040162400 0 0 0 0
1040155200 0 0 0 0
1040148000 0 0 0 0
1040140800 0 0 0 0
1040133600 0 0 0 0
1040126400 0 0 0 0
1040119200 0 0 0 0
1040112000 0 0 0 0
1040104800 0 0 0 0
1040097600 0 0 0 0
1040090400 0 0 0 0
1040083200 0 0 0 0
1040076000 0 0 0 0
1040068800 0 0 0 0
1040061600 0 0 0 0
1040054400 0 0 0 0
1040047200 0 0 0 0
1040040000 0 0 0 0
1040032800 0 0 0 0
1040025600 0 0 0 0
1040018400 0 0 0 0
1040011200 0 0 0 0
1040004000 0 0 0 0
1039996800 0 0 0 0
1039989600 0 0 0 0
1039982400 0 0 0 0
1039975200 0 0 0 0
1039968000 0 0 0 0
1039960800 0 0 0 0
1039953600 0 0 0 0
1039946400 0 0 0 0
1039939200 0 0 0 0
1039932000 0 0 0 0
1039924800 0 0 0 0
1039917600 0 0 0 0
1039910400 0 0 0 0
1039903200 0 0 0 0
1039896000 0 0 0 0
1039888800 0 0 0 0
1039881600 0 0 0 0
1039874400 0 0 0 0
1039867200 0 0 0 0
1039860000 0 0 0 0
1039852800 0 0 0 0
1039845600 0 0 0 0
1039838400 0 0 0 0
1039831200 0 0 0 0
1039824000 0 0 0 0
1039816800 0 0 0 0
1039809600 0 0 0 0
1039802400 0 0 0 0
1039795200 0 0 0 0
1039788000 0 0 0 0
1039780800 0 0 0 0
1039773600 0 0 0 0
1039766400 0 0 0 0
1039759200 0 0 0 0
1039752000 0 0 0 0
1039744800 0 0 0 0
1039737600 0 0 0 0
1039730400 0 0 0 0
1039723200 0 0 0 0
1039716000 0 0 0 0
1039708800 0 0 0 0
1039701600 0 0 0 0
1039694400 0 0 0 0
1039687200 0 0 0 0
1039680000 0 0 0 0
1039672800 0 0 0 0
1039665600 0 0 0 0
1039658400 0 0 0 0
1039651200 0 0 0 0
1039644000 0 0 0 0
1039636800 0 0 0 0
1039629600 0 0 0 0
1039622400 0 0 0 0
1039615200 0 0 0 0
1039608000 0 0 0 0
1039600800 0 0 0 0
1039593600 0 0 0 0
1039586400 0 0 0 0
1039579200 0 0 0 0
1039572000 0 0 0 0
1039564800 0 0 0 0
1039557600 0 0 0 0
1039550400 0 0 0 0
1039543200 0 0 0 0
1039536000 0 0 0 0
1039528800 0 0 0 0
1039521600 0 0 0 0
1039514400 0 0 0 0
1039507200 0 0 0 0
1039500000 0 0 0 0
1039492800 0 0 0 0
1039485600 0 0 0 0
1039478400 0 0 0 0
1039471200 0 0 0 0
1039464000 0 0 0 0
1039456800 0 0 0 0
1039449600 0 0 0 0
1039442400 0 0 0 0
1039435200 0 0 0 0
1039428000 0 0 0 0
1039420800 0 0 0 0
1039413600 0 0 0 0
1039406400 0 0 0 0
1039399200 0 0 0 0
1039392000 0 0 0 0
1039384800 0 0 0 0
1039377600 0 0 0 0
1039370400 0 0 0 0
1039363200 0 0 0 0
1039356000 0 0 0 0
1039348800 0 0 0 0
1039341600 0 0 0 0
1039334400 0 0 0 0
1039327200 0 0 0 0
1039320000 0 0 0 0
1039312800 0 0 0 0
1039305600 0 0 0 0
1039298400 0 0 0 0
1039291200 0 0 0 0
1039284000 0 0 0 0
1039276800 0 0 0 0
1039269600 0 0 0 0
1039262400 0 0 0 0
1039255200 0 0 0 0
1039248000 0 0 0 0
1039240800 0 0 0 0
1039233600 0 0 0 0
1039226400 0 0 0 0
1039219200 0 0 0 0
1039212000 0 0 0 0
1039204800 0 0 0 0
1039197600 0 0 0 0
1039190400 0 0 0 0
1039183200 0 0 0 0
1039176000 0 0 0 0
1039132800 0 0 0 0
1039046400 0 0 0 0
1038960000 0 0 0 0
1038873600 0 0 0 0
1038787200 0 0 0 0
1038700800 0 0 0 0
1038614400 0 0 0 0
1038528000 0 0 0 0
1038441600 0 0 0 0
1038355200 0 0 0 0
1038268800 0 0 0 0
1038182400 0 0 0 0
1038096000 0 0 0 0
1038009600 0 0 0 0
1037923200 0 0 0 0
1037836800 0 0 0 0
1037750400 0 0 0 0
1037664000 0 0 0 0
1037577600 0 0 0 0
1037491200 0 0 0 0
1037404800 0 0 0 0
1037318400 0 0 0 0
1037232000 0 0 0 0
1037145600 0 0 0 0
1037059200 0 0 0 0
1036972800 0 0 0 0
1036886400 0 0 0 0
1036800000 0 0 0 0
1036713600 0 0 0 0
1036627200 0 0 0 0
1036540800 0 0 0 0
1036454400 0 0 0 0
1036368000 0 0 0 0
1036281600 0 0 0 0
1036195200 0 0 0 0
1036108800 0 0 0 0
1036022400 0 0 0 0
1035936000 0 0 0 0
1035849600 0 0 0 0
1035763200 0 0 0 0
1035676800 0 0 0 0
1035590400 0 0 0 0
1035504000 0 0 0 0
1035417600 0 0 0 0
1035331200 0 0 0 0
1035244800 0 0 0 0
1035158400 0 0 0 0
1035072000 0 0 0 0
1034985600 0 0 0 0
1034899200 0 0 0 0
1034812800 0 0 0 0
1034726400 0 0 0 0
1034640000 0 0 0 0
1034553600 0 0 0 0
1034467200 0 0 0 0
1034380800 0 0 0 0
1034294400 0 0 0 0
1034208000 0 0 0 0
1034121600 0 0 0 0
1034035200 0 0 0 0
1033948800 0 0 0 0
1033862400 0 0 0 0
1033776000 0 0 0 0
1033689600 0 0 0 0
1033603200 0 0 0 0
1033516800 0 0 0 0
1033430400 0 0 0 0
1033344000 0 0 0 0
1033257600 0 0 0 0
1033171200 0 0 0 0
1033084800 0 0 0 0
1032998400 0 0 0 0
1032912000 0 0 0 0
1032825600 0 0 0 0
1032739200 0 0 0 0
1032652800 0 0 0 0
1032566400 0 0 0 0
1032480000 0 0 0 0
1032393600 0 0 0 0
1032307200 0 0 0 0
1032220800 0 0 0 0
1032134400 0 0 0 0
1032048000 0 0 0 0
1031961600 0 0 0 0
1031875200 0 0 0 0
1031788800 0 0 0 0
1031702400 0 0 0 0
1031616000 0 0 0 0
1031529600 0 0 0 0
1031443200 0 0 0 0
1031356800 0 0 0 0
1031270400 0 0 0 0
1031184000 0 0 0 0
1031097600 0 0 0 0
1031011200 0 0 0 0
1030924800 0 0 0 0
1030838400 0 0 0 0
1030752000 0 0 0 0
1030665600 0 0 0 0
1030579200 0 0 0 0
1030492800 0 0 0 0
1030406400 0 0 0 0
1030320000 0 0 0 0
1030233600 0 0 0 0
1030147200 0 0 0 0
1030060800 0 0 0 0
1029974400 0 0 0 0
1029888000 0 0 0 0
1029801600 0 0 0 0
1029715200 0 0 0 0
1029628800 0 0 0 0
1029542400 0 0 0 0
1029456000 0 0 0 0
1029369600 0 0 0 0
1029283200 0 0 0 0
1029196800 0 0 0 0
1029110400 0 0 0 0
1029024000 0 0 0 0
1028937600 0 0 0 0
1028851200 0 0 0 0
1028764800 0 0 0 0
1028678400 0 0 0 0
1028592000 0 0 0 0
1028505600 0 0 0 0
1028419200 0 0 0 0
1028332800 0 0 0 0
1028246400 0 0 0 0
1028160000 0 0 0 0
1028073600 0 0 0 0
1027987200 0 0 0 0
1027900800 0 0 0 0
1027814400 0 0 0 0
1027728000 0 0 0 0
1027641600 0 0 0 0
1027555200 0 0 0 0
1027468800 0 0 0 0
1027382400 0 0 0 0
1027296000 0 0 0 0
1027209600 0 0 0 0
1027123200 0 0 0 0
1027036800 0 0 0 0
1026950400 0 0 0 0
1026864000 0 0 0 0
1026777600 0 0 0 0
1026691200 0 0 0 0
1026604800 0 0 0 0
1026518400 0 0 0 0
1026432000 0 0 0 0
1026345600 0 0 0 0
1026259200 0 0 0 0
1026172800 0 0 0 0
1026086400 0 0 0 0
1026000000 0 0 0 0
1025913600 0 0 0 0
1025827200 0 0 0 0
1025740800 0 0 0 0
1025654400 0 0 0 0
1025568000 0 0 0 0
1025481600 0 0 0 0
1025395200 0 0 0 0
1025308800 0 0 0 0
1025222400 0 0 0 0
1025136000 0 0 0 0
1025049600 0 0 0 0
1024963200 0 0 0 0
1024876800 0 0 0 0
1024790400 0 0 0 0
1024704000 0 0 0 0
1024617600 0 0 0 0
1024531200 0 0 0 0
1024444800 0 0 0 0
1024358400 0 0 0 0
1024272000 0 0 0 0
1024185600 0 0 0 0
1024099200 0 0 0 0
1024012800 0 0 0 0
1023926400 0 0 0 0
1023840000 0 0 0 0
1023753600 0 0 0 0
1023667200 0 0 0 0
1023580800 0 0 0 0
1023494400 0 0 0 0
1023408000 0 0 0 0
1023321600 0 0 0 0
1023235200 0 0 0 0
1023148800 0 0 0 0
1023062400 0 0 0 0
1022976000 0 0 0 0
1022889600 0 0 0 0
1022803200 0 0 0 0
1022716800 0 0 0 0
1022630400 0 0 0 0
1022544000 0 0 0 0
1022457600 0 0 0 0
1022371200 0 0 0 0
1022284800 0 0 0 0
1022198400 0 0 0 0
1022112000 0 0 0 0
1022025600 0 0 0 0
1021939200 0 0 0 0
1021852800 0 0 0 0
1021766400 0 0 0 0
1021680000 0 0 0 0
1021593600 0 0 0 0
1021507200 0 0 0 0
1021420800 0 0 0 0
1021334400 0 0 0 0
1021248000 0 0 0 0
1021161600 0 0 0 0
1021075200 0 0 0 0
1020988800 0 0 0 0
1020902400 0 0 0 0
1020816000 0 0 0 0
1020729600 0 0 0 0
1020643200 0 0 0 0
1020556800 0 0 0 0
1020470400 0 0 0 0
1020384000 0 0 0 0
1020297600 0 0 0 0
1020211200 0 0 0 0
1020124800 0 0 0 0
1020038400 0 0 0 0
1019952000 0 0 0 0
1019865600 0 0 0 0
1019779200 0 0 0 0
1019692800 0 0 0 0
1019606400 0 0 0 0
1019520000 0 0 0 0
1019433600 0 0 0 0
1019347200 0 0 0 0
1019260800 0 0 0 0
1019174400 0 0 0 0
1019088000 0 0 0 0
1019001600 0 0 0 0
1018915200 0 0 0 0
1018828800 0 0 0 0
1018742400 0 0 0 0
1018656000 0 0 0 0
1018569600 0 0 0 0
1018483200 0 0 0 0
1018396800 0 0 0 0
1018310400 0 0 0 0
1018224000 0 0 0 0
1018137600 0 0 0 0
1018051200 0 0 0 0
1017964800 0 0 0 0
1017878400 0 0 0 0
1017792000 0 0 0 0
1017705600 0 0 0 0
1017619200 0 0 0 0
1017532800 0 0 0 0
1017446400 0 0 0 0
1017360000 0 0 0 0
1017273600 0 0 0 0
1017187200 0 0 0 0
1017100800 0 0 0 0
1017014400 0 0 0 0
1016928000 0 0 0 0
1016841600 0 0 0 0
1016755200 0 0 0 0
1016668800 0 0 0 0
1016582400 0 0 0 0
1016496000 0 0 0 0
1016409600 0 0 0 0
1016323200 0 0 0 0
1016236800 0 0 0 0
1016150400 0 0 0 0
1016064000 0 0 0 0
1015977600 0 0 0 0
1015891200 0 0 0 0
1015804800 0 0 0 0
1015718400 0 0 0 0
1015632000 0 0 0 0
1015545600 0 0 0 0
1015459200 0 0 0 0
1015372800 0 0 0 0
1015286400 0 0 0 0
1015200000 0 0 0 0
1015113600 0 0 0 0
1015027200 0 0 0 0
1014940800 0 0 0 0
1014854400 0 0 0 0
1014768000 0 0 0 0
1014681600 0 0 0 0
1014595200 0 0 0 0
1014508800 0 0 0 0
1014422400 0 0 0 0
1014336000 0 0 0 0
1014249600 0 0 0 0
1014163200 0 0 0 0
1014076800 0 0 0 0
1013990400 0 0 0 0
1013904000 0 0 0 0
1013817600 0 0 0 0
1013731200 0 0 0 0
1013644800 0 0 0 0
1013558400 0 0 0 0
1013472000 0 0 0 0
1013385600 0 0 0 0
1013299200 0 0 0 0
1013212800 0 0 0 0
1013126400 0 0 0 0
1013040000 0 0 0 0
1012953600 0 0 0 0
1012867200 0 0 0 0
1012780800 0 0 0 0
1012694400 0 0 0 0
1012608000 0 0 0 0
1012521600 0 0 0 0
1012435200 0 0 0 0
1012348800 0 0 0 0
1012262400 0 0 0 0
1012176000 0 0 0 0
1012089600 0 0 0 0
1012003200 0 0 0 0
1011916800 0 0 0 0
1011830400 0 0 0 0
1011744000 0 0 0 0
1011657600 0 0 0 0
1011571200 0 0 0 0
1011484800 0 0 0 0
1011398400 0 0 0 0
1011312000 0 0 0 0
1011225600 0 0 0 0
1011139200 0 0 0 0
1011052800 0 0 0 0
1010966400 0 0 0 0
1010880000 0 0 0 0
1010793600 0 0 0 0
1010707200 0 0 0 0
1010620800 0 0 0 0
1010534400 0 0 0 0
1010448000 0 0 0 0
1010361600 0 0 0 0
1010275200 0 0 0 0
1010188800 0 0 0 0
1010102400 0 0 0 0
1010016000 0 0 0 0
1009929600 0 0 0 0
1009843200 0 0 0 0
1009756800 0 0 0 0
1009670400 0 0 0 0
1009584000 0 0 0 0
1009497600 0 0 0 0
1009411200 0 0 0 0
1009324800 0 0 0 0
1009238400 0 0 0 0
1009152000 0 0 0 0
1009065600 0 0 0 0
1008979200 0 0 0 0
1008892800 0 0 0 0
1008806400 0 0 0 0
1008720000 0 0 0 0
1008633600 0 0 0 0
1008547200 0 0 0 0
1008460800 0 0 0 0
1008374400 0 0 0 0
1008288000 0 0 0 0
1008201600 0 0 0 0
1008115200 0 0 0 0
1008028800 0 0 0 0
1007942400 0 0 0 0
1007856000 0 0 0 0
1007769600 0 0 0 0
1007683200 0 0 0 0
1007596800 0 0 0 0
1007510400 0 0 0 0
1007424000 0 0 0 0
1007337600 0 0 0 0
1007251200 0 0 0 0
1007164800 0 0 0 0
1007078400 0 0 0 0
1006992000 0 0 0 0
1006905600 0 0 0 0
1006819200 0 0 0 0
1006732800 0 0 0 0
1006646400 0 0 0 0
1006560000 0 0 0 0
1006473600 0 0 0 0
1006387200 0 0 0 0
1006300800 0 0 0 0
1006214400 0 0 0 0
1006128000 0 0 0 0
1006041600 0 0 0 0
1005955200 0 0 0 0
1005868800 0 0 0 0
1005782400 0 0 0 0
1005696000 0 0 0 0
1005609600 0 0 0 0
1005523200 0 0 0 0
1005436800 0 0 0 0
1005350400 0 0 0 0
1005264000 0 0 0 0
1005177600 0 0 0 0
1005091200 0 0 0 0
1005004800 0 0 0 0
1004918400 0 0 0 0
1004832000 0 0 0 0
1004745600 0 0 0 0
1004659200 0 0 0 0
1004572800 0 0 0 0
1004486400 0 0 0 0
1004400000 0 0 0 0
1004313600 0 0 0 0
1004227200 0 0 0 0
1004140800 0 0 0 0
1004054400 0 0 0 0
1003968000 0 0 0 0
1003881600 0 0 0 0
1003795200 0 0 0 0
1003708800 0 0 0 0
1003622400 0 0 0 0
1003536000 0 0 0 0
1003449600 0 0 0 0
1003363200 0 0 0 0
1003276800 0 0 0 0
1003190400 0 0 0 0
1003104000 0 0 0 0
1003017600 0 0 0 0
1002931200 0 0 0 0
1002844800 0 0 0 0
1002758400 0 0 0 0
1002672000 0 0 0 0
1002585600 0 0 0 0
1002499200 0 0 0 0
1002412800 0 0 0 0
1002326400 0 0 0 0
1002240000 0 0 0 0
1002153600 0 0 0 0
1002067200 0 0 0 0
1001980800 0 0 0 0
1001894400 0 0 0 0
1001808000 0 0 0 0
1001721600 0 0 0 0
1001635200 0 0 0 0
1001548800 0 0 0 0
1001462400 0 0 0 0
1001376000 0 0 0 0
1001289600 0 0 0 0
1001203200 0 0 0 0
1001116800 0 0 0 0
1001030400 0 0 0 0
1000944000 0 0 0 0
1000857600 0 0 0 0
1000771200 0 0 0 0
1000684800 0 0 0 0
1000598400 0 0 0 0
1000512000 0 0 0 0
1000425600 0 0 0 0
1000339200 0 0 0 0
1000252800 0 0 0 0
1000166400 0 0 0 0
1000080000 0 0 0 0
999993600 0 0 0 0
999907200 0 0 0 0
999820800 0 0 0 0
999734400 0 0 0 0
999648000 0 0 0 0
999561600 0 0 0 0
999475200 0 0 0 0
999388800 0 0 0 0
999302400 0 0 0 0
999216000 0 0 0 0
999129600 0 0 0 0
999043200 0 0 0 0
998956800 0 0 0 0
998870400 0 0 0 0
998784000 0 0 0 0
998697600 0 0 0 0
998611200 0 0 0 0
998524800 0 0 0 0
998438400 0 0 0 0
998352000 0 0 0 0
998265600 0 0 0 0
998179200 0 0 0 0
998092800 0 0 0 0
998006400 0 0 0 0
997920000 0 0 0 0
997833600 0 0 0 0
997747200 0 0 0 0
997660800 0 0 0 0
997574400 0 0 0 0
997488000 0 0 0 0
997401600 0 0 0 0
997315200 0 0 0 0
997228800 0 0 0 0
997142400 0 0 0 0
997056000 0 0 0 0
996969600 0 0 0 0
996883200 0 0 0 0
996796800 0 0 0 0
996710400 0 0 0 0
996624000 0 0 0 0
996537600 0 0 0 0
996451200 0 0 0 0
996364800 0 0 0 0
996278400 0 0 0 0
996192000 0 0 0 0
996105600 0 0 0 0
996019200 0 0 0 0
995932800 0 0 0 0
995846400 0 0 0 0
995760000 0 0 0 0
995673600 0 0 0 0
995587200 0 0 0 0
995500800 0 0 0 0
995414400 0 0 0 0
995328000 0 0 0 0
995241600 0 0 0 0
995155200 0 0 0 0
995068800 0 0 0 0
994982400 0 0 0 0
994896000 0 0 0 0
994809600 0 0 0 0
994723200 0 0 0 0
994636800 0 0 0 0
994550400 0 0 0 0
994464000 0 0 0 0
994377600 0 0 0 0
994291200 0 0 0 0
994204800 0 0 0 0
994118400 0 0 0 0
994032000 0 0 0 0
993945600 0 0 0 0
993859200 0 0 0 0
993772800 0 0 0 0
993686400 0 0 0 0
993600000 0 0 0 0
993513600 0 0 0 0
993427200 0 0 0 0
993340800 0 0 0 0
993254400 0 0 0 0
993168000 0 0 0 0
993081600 0 0 0 0
992995200 0 0 0 0
992908800 0 0 0 0
992822400 0 0 0 0
992736000 0 0 0 0
992649600 0 0 0 0
992563200 0 0 0 0
992476800 0 0 0 0
992390400 0 0 0 0
992304000 0 0 0 0
992217600 0 0 0 0
992131200 0 0 0 0
992044800 0 0 0 0
991958400 0 0 0 0
991872000 0 0 0 0
991785600 0 0 0 0
991699200 0 0 0 0
991612800 0 0 0 0
991526400 0 0 0 0
991440000 0 0 0 0
991353600 0 0 0 0
991267200 0 0 0 0
991180800 0 0 0 0
991094400 0 0 0 0
991008000 0 0 0 0
990921600 0 0 0 0
990835200 0 0 0 0
990748800 0 0 0 0
990662400 0 0 0 0
990576000 0 0 0 0
990489600 0 0 0 0
990403200 0 0 0 0
990316800 0 0 0 0
990230400 0 0 0 0
990144000 0 0 0 0
990057600 0 0 0 0
989971200 0 0 0 0
989884800 0 0 0 0
989798400 0 0 0 0
989712000 0 0 0 0
989625600 0 0 0 0
989539200 0 0 0 0
989452800 0 0 0 0
989366400 0 0 0 0
989280000 0 0 0 0
989193600 0 0 0 0
989107200 0 0 0 0
989020800 0 0 0 0
988934400 0 0 0 0
988848000 0 0 0 0
988761600 0 0 0 0
988675200 0 0 0 0
988588800 0 0 0 0
988502400 0 0 0 0
988416000 0 0 0 0
988329600 0 0 0 0
988243200 0 0 0 0
988156800 0 0 0 0
988070400 0 0 0 0
987984000 0 0 0 0
987897600 0 0 0 0
987811200 0 0 0 0
987724800 0 0 0 0
987638400 0 0 0 0
987552000 0 0 0 0
987465600 0 0 0 0
987379200 0 0 0 0
987292800 0 0 0 0
987206400 0 0 0 0
987120000 0 0 0 0
987033600 0 0 0 0
986947200 0 0 0 0
986860800 0 0 0 0
986774400 0 0 0 0
986688000 0 0 0 0
986601600 0 0 0 0
986515200 0 0 0 0
986428800 0 0 0 0
986342400 0 0 0 0
986256000 0 0 0 0
986169600 0 0 0 0
986083200 0 0 0 0
985996800 0 0 0 0
985910400 0 0 0 0
985824000 0 0 0 0
985737600 0 0 0 0
985651200 0 0 0 0
985564800 0 0 0 0
985478400 0 0 0 0
985392000 0 0 0 0
985305600 0 0 0 0
985219200 0 0 0 0
985132800 0 0 0 0
985046400 0 0 0 0
984960000 0 0 0 0
984873600 0 0 0 0
984787200 0 0 0 0
984700800 0 0 0 0
984614400 0 0 0 0
984528000 0 0 0 0
984441600 0 0 0 0
984355200 0 0 0 0
984268800 0 0 0 0
984182400 0 0 0 0
984096000 0 0 0 0
984009600 0 0 0 0
983923200 0 0 0 0
983836800 0 0 0 0
983750400 0 0 0 0
983664000 0 0 0 0
983577600 0 0 0 0
983491200 0 0 0 0
983404800 0 0 0 0
983318400 0 0 0 0
983232000 0 0 0 0
983145600 0 0 0 0
983059200 0 0 0 0
982972800 0 0 0 0
982886400 0 0 0 0
982800000 0 0 0 0
982713600 0 0 0 0
982627200 0 0 0 0
982540800 0 0 0 0
982454400 0 0 0 0
982368000 0 0 0 0
982281600 0 0 0 0
982195200 0 0 0 0
982108800 0 0 0 0
982022400 0 0 0 0
981936000 0 0 0 0
981849600 0 0 0 0
981763200 0 0 0 0
981676800 0 0 0 0
981590400 0 0 0 0
981504000 0 0 0 0
981417600 0 0 0 0
981331200 0 0 0 0
981244800 0 0 0 0
981158400 0 0 0 0
981072000 0 0 0 0
980985600 0 0 0 0
980899200 0 0 0 0
980812800 0 0 0 0
980726400 0 0 0 0
980640000 0 0 0 0
980553600 0 0 0 0
980467200 0 0 0 0
980380800 0 0 0 0
980294400 0 0 0 0
980208000 0 0 0 0
980121600 0 0 0 0
980035200 0 0 0 0
979948800 0 0 0 0
979862400 0 0 0 0
979776000 0 0 0 0
979689600 0 0 0 0
979603200 0 0 0 0
979516800 0 0 0 0
979430400 0 0 0 0
979344000 0 0 0 0
979257600 0 0 0 0
979171200 0 0 0 0
979084800 0 0 0 0
978998400 0 0 0 0
978912000 0 0 0 0
978825600 0 0 0 0
978739200 0 0 0 0
978652800 0 0 0 0
978566400 0 0 0 0
978480000 0 0 0 0
978393600 0 0 0 0
978307200 0 0 0 0
978220800 0 0 0 0
978134400 0 0 0 0
978048000 0 0 0 0
977961600 0 0 0 0
977875200 0 0 0 0
977788800 0 0 0 0
977702400 0 0 0 0
977616000 0 0 0 0
977529600 0 0 0 0
977443200 0 0 0 0
977356800 0 0 0 0
977270400 0 0 0 0
977184000 0 0 0 0
977097600 0 0 0 0
977011200 0 0 0 0
976924800 0 0 0 0
976838400 0 0 0 0
976752000 0 0 0 0
976665600 0 0 0 0
976579200 0 0 0 0
976492800 0 0 0 0
976406400 0 0 0 0
976320000 0 0 0 0
976233600 0 0 0 0
976147200 0 0 0 0
976060800 0 0 0 0
975974400 0 0 0 0
